2023-10-07 11:13:36 - INFO - train_ConBAP.py
2023-10-07 11:13:36 - INFO - train data: 11693
2023-10-07 11:13:36 - INFO - valid data: 983
2023-10-07 11:13:36 - INFO - test2016 data: 285
2023-10-07 11:24:09 - INFO - epoch-0, train_loss-41.1849, train_rmse-6.4175, valid_rmse-6.6275, valid_pr-0.6127
2023-10-07 11:31:35 - INFO - epoch-1, train_loss-37.5512, train_rmse-6.1279, valid_rmse-5.7273, valid_pr-0.5623
2023-10-07 11:34:19 - INFO - epoch-2, train_loss-31.4094, train_rmse-5.6044, valid_rmse-5.3921, valid_pr-0.6225
2023-10-07 11:36:44 - INFO - epoch-3, train_loss-23.1533, train_rmse-4.8118, valid_rmse-5.0897, valid_pr-0.5399
2023-10-07 11:39:30 - INFO - epoch-4, train_loss-15.0647, train_rmse-3.8813, valid_rmse-3.1534, valid_pr-0.5944
2023-10-07 11:42:06 - INFO - epoch-5, train_loss-9.0107, train_rmse-3.0018, valid_rmse-3.1640, valid_pr-0.5250
2023-10-07 11:44:39 - INFO - epoch-6, train_loss-5.1911, train_rmse-2.2784, valid_rmse-1.8487, valid_pr-0.6178
2023-10-07 11:47:25 - INFO - epoch-7, train_loss-3.4996, train_rmse-1.8707, valid_rmse-2.2905, valid_pr-0.5894
2023-10-07 11:50:01 - INFO - epoch-8, train_loss-3.1400, train_rmse-1.7720, valid_rmse-1.5987, valid_pr-0.6076
2023-10-07 11:52:46 - INFO - epoch-9, train_loss-2.5386, train_rmse-1.5933, valid_rmse-1.4521, valid_pr-0.6311
2023-10-07 11:56:19 - INFO - epoch-10, train_loss-2.4029, train_rmse-1.5501, valid_rmse-1.4695, valid_pr-0.6509
2023-10-07 11:58:56 - INFO - epoch-11, train_loss-2.3089, train_rmse-1.5195, valid_rmse-1.4267, valid_pr-0.6407
2023-10-07 12:01:57 - INFO - epoch-12, train_loss-2.3246, train_rmse-1.5247, valid_rmse-1.4825, valid_pr-0.6492
2023-10-07 12:04:31 - INFO - epoch-13, train_loss-2.2493, train_rmse-1.4998, valid_rmse-1.7309, valid_pr-0.6326
2023-10-07 12:06:52 - INFO - epoch-14, train_loss-2.1913, train_rmse-1.4803, valid_rmse-1.3931, valid_pr-0.6614
2023-10-07 12:09:27 - INFO - epoch-15, train_loss-2.0514, train_rmse-1.4323, valid_rmse-1.4469, valid_pr-0.6689
2023-10-07 12:11:54 - INFO - epoch-16, train_loss-2.0101, train_rmse-1.4178, valid_rmse-1.3859, valid_pr-0.6834
2023-10-07 12:14:27 - INFO - epoch-17, train_loss-2.0185, train_rmse-1.4207, valid_rmse-1.4294, valid_pr-0.6480
2023-10-07 12:17:18 - INFO - epoch-18, train_loss-1.9388, train_rmse-1.3924, valid_rmse-1.5577, valid_pr-0.6572
2023-10-07 12:19:50 - INFO - epoch-19, train_loss-1.8928, train_rmse-1.3758, valid_rmse-1.3842, valid_pr-0.6841
2023-10-07 12:22:18 - INFO - epoch-20, train_loss-1.8559, train_rmse-1.3623, valid_rmse-1.3458, valid_pr-0.6926
2023-10-07 12:24:54 - INFO - epoch-21, train_loss-1.8376, train_rmse-1.3556, valid_rmse-1.4114, valid_pr-0.6724
2023-10-07 12:27:28 - INFO - epoch-22, train_loss-1.8473, train_rmse-1.3592, valid_rmse-1.4401, valid_pr-0.6966
2023-10-07 12:30:24 - INFO - epoch-23, train_loss-1.8138, train_rmse-1.3468, valid_rmse-1.3802, valid_pr-0.7051
2023-10-07 12:32:46 - INFO - epoch-24, train_loss-1.7969, train_rmse-1.3405, valid_rmse-1.3470, valid_pr-0.6982
2023-10-07 12:35:15 - INFO - epoch-25, train_loss-1.7773, train_rmse-1.3331, valid_rmse-1.6501, valid_pr-0.6853
2023-10-07 12:38:07 - INFO - epoch-26, train_loss-1.7674, train_rmse-1.3295, valid_rmse-1.3631, valid_pr-0.6978
2023-10-07 12:40:44 - INFO - epoch-27, train_loss-1.7040, train_rmse-1.3054, valid_rmse-1.4294, valid_pr-0.7069
2023-10-07 12:43:14 - INFO - epoch-28, train_loss-1.7200, train_rmse-1.3115, valid_rmse-1.4144, valid_pr-0.6641
2023-10-07 12:45:56 - INFO - epoch-29, train_loss-1.6789, train_rmse-1.2957, valid_rmse-1.4398, valid_pr-0.7061
2023-10-07 12:48:13 - INFO - epoch-30, train_loss-1.6316, train_rmse-1.2773, valid_rmse-1.4079, valid_pr-0.7169
2023-10-07 12:51:05 - INFO - epoch-31, train_loss-1.6266, train_rmse-1.2754, valid_rmse-1.4305, valid_pr-0.7004
2023-10-07 12:53:33 - INFO - epoch-32, train_loss-1.5967, train_rmse-1.2636, valid_rmse-1.3588, valid_pr-0.6905
2023-10-07 12:56:05 - INFO - epoch-33, train_loss-1.5728, train_rmse-1.2541, valid_rmse-1.3456, valid_pr-0.7178
2023-10-07 12:58:38 - INFO - epoch-34, train_loss-1.5118, train_rmse-1.2295, valid_rmse-1.3391, valid_pr-0.6946
2023-10-07 13:01:36 - INFO - epoch-35, train_loss-1.5286, train_rmse-1.2364, valid_rmse-1.5213, valid_pr-0.7091
2023-10-07 13:04:01 - INFO - epoch-36, train_loss-1.4776, train_rmse-1.2156, valid_rmse-1.3837, valid_pr-0.7134
2023-10-07 13:06:48 - INFO - epoch-37, train_loss-1.4449, train_rmse-1.2020, valid_rmse-1.2891, valid_pr-0.7315
2023-10-07 13:09:25 - INFO - epoch-38, train_loss-1.4251, train_rmse-1.1938, valid_rmse-1.3426, valid_pr-0.6933
2023-10-07 13:12:16 - INFO - epoch-39, train_loss-1.3835, train_rmse-1.1762, valid_rmse-1.4681, valid_pr-0.7056
2023-10-07 13:14:58 - INFO - epoch-40, train_loss-1.3573, train_rmse-1.1650, valid_rmse-1.2911, valid_pr-0.7214
2023-10-07 13:17:29 - INFO - epoch-41, train_loss-1.3036, train_rmse-1.1417, valid_rmse-1.2954, valid_pr-0.7210
2023-10-07 13:20:05 - INFO - epoch-42, train_loss-1.3024, train_rmse-1.1412, valid_rmse-1.3502, valid_pr-0.7182
2023-10-07 13:23:14 - INFO - epoch-43, train_loss-1.2931, train_rmse-1.1371, valid_rmse-1.3990, valid_pr-0.7090
2023-10-07 13:25:38 - INFO - epoch-44, train_loss-1.2161, train_rmse-1.1028, valid_rmse-1.3067, valid_pr-0.7292
2023-10-07 13:28:21 - INFO - epoch-45, train_loss-1.1947, train_rmse-1.0930, valid_rmse-1.3374, valid_pr-0.7252
2023-10-07 13:31:12 - INFO - epoch-46, train_loss-1.1563, train_rmse-1.0753, valid_rmse-1.3660, valid_pr-0.7023
2023-10-07 13:34:15 - INFO - epoch-47, train_loss-1.1302, train_rmse-1.0631, valid_rmse-1.3989, valid_pr-0.7308
2023-10-07 13:36:37 - INFO - epoch-48, train_loss-1.0786, train_rmse-1.0385, valid_rmse-1.4394, valid_pr-0.7323
2023-10-07 13:39:08 - INFO - epoch-49, train_loss-1.0461, train_rmse-1.0228, valid_rmse-1.2795, valid_pr-0.7258
2023-10-07 13:42:12 - INFO - epoch-50, train_loss-1.0480, train_rmse-1.0237, valid_rmse-1.3649, valid_pr-0.7373
2023-10-07 13:44:41 - INFO - epoch-51, train_loss-0.9959, train_rmse-0.9980, valid_rmse-1.3265, valid_pr-0.7384
2023-10-07 13:47:23 - INFO - epoch-52, train_loss-0.9897, train_rmse-0.9948, valid_rmse-1.2775, valid_pr-0.7422
2023-10-07 13:49:46 - INFO - epoch-53, train_loss-0.9475, train_rmse-0.9734, valid_rmse-1.4019, valid_pr-0.7054
2023-10-07 13:52:13 - INFO - epoch-54, train_loss-0.8862, train_rmse-0.9414, valid_rmse-1.3644, valid_pr-0.7432
2023-10-07 13:54:37 - INFO - epoch-55, train_loss-0.8805, train_rmse-0.9384, valid_rmse-1.6825, valid_pr-0.7168
2023-10-07 13:57:14 - INFO - epoch-56, train_loss-0.8531, train_rmse-0.9236, valid_rmse-1.3170, valid_pr-0.7332
2023-10-07 13:59:41 - INFO - epoch-57, train_loss-0.7831, train_rmse-0.8849, valid_rmse-1.3694, valid_pr-0.7182
2023-10-07 14:02:02 - INFO - epoch-58, train_loss-0.7833, train_rmse-0.8850, valid_rmse-1.3983, valid_pr-0.7182
2023-10-07 14:04:39 - INFO - epoch-59, train_loss-0.7603, train_rmse-0.8719, valid_rmse-1.7384, valid_pr-0.7290
2023-10-07 14:07:31 - INFO - epoch-60, train_loss-0.7465, train_rmse-0.8640, valid_rmse-1.3153, valid_pr-0.7266
2023-10-07 14:10:28 - INFO - epoch-61, train_loss-0.7011, train_rmse-0.8373, valid_rmse-1.2996, valid_pr-0.7355
2023-10-07 14:12:48 - INFO - epoch-62, train_loss-0.6615, train_rmse-0.8133, valid_rmse-1.3952, valid_pr-0.7305
2023-10-07 14:15:10 - INFO - epoch-63, train_loss-0.6554, train_rmse-0.8096, valid_rmse-1.4406, valid_pr-0.7183
2023-10-07 14:19:06 - INFO - epoch-64, train_loss-0.6393, train_rmse-0.7995, valid_rmse-1.4712, valid_pr-0.7290
2023-10-07 14:22:43 - INFO - epoch-65, train_loss-0.5894, train_rmse-0.7678, valid_rmse-1.2741, valid_pr-0.7405
2023-10-07 14:27:46 - INFO - epoch-66, train_loss-0.5797, train_rmse-0.7614, valid_rmse-1.3807, valid_pr-0.7294
2023-10-07 14:30:50 - INFO - epoch-67, train_loss-0.5423, train_rmse-0.7364, valid_rmse-1.4670, valid_pr-0.7146
2023-10-07 14:33:45 - INFO - epoch-68, train_loss-0.5107, train_rmse-0.7146, valid_rmse-1.3144, valid_pr-0.7355
2023-10-07 14:36:00 - INFO - epoch-69, train_loss-0.4866, train_rmse-0.6975, valid_rmse-1.4044, valid_pr-0.7310
2023-10-07 14:38:22 - INFO - epoch-70, train_loss-0.4763, train_rmse-0.6902, valid_rmse-1.3256, valid_pr-0.7342
2023-10-07 14:41:04 - INFO - epoch-71, train_loss-0.4537, train_rmse-0.6736, valid_rmse-1.3132, valid_pr-0.7254
2023-10-07 14:44:14 - INFO - epoch-72, train_loss-0.4028, train_rmse-0.6347, valid_rmse-1.3987, valid_pr-0.7299
2023-10-07 14:46:43 - INFO - epoch-73, train_loss-0.3950, train_rmse-0.6285, valid_rmse-1.3447, valid_pr-0.7181
2023-10-07 14:51:42 - INFO - epoch-74, train_loss-0.4012, train_rmse-0.6334, valid_rmse-1.4349, valid_pr-0.7242
2023-10-07 14:54:50 - INFO - epoch-75, train_loss-0.3931, train_rmse-0.6269, valid_rmse-1.2972, valid_pr-0.7301
2023-10-07 14:57:27 - INFO - epoch-76, train_loss-0.3820, train_rmse-0.6181, valid_rmse-1.4321, valid_pr-0.7168
2023-10-07 15:01:14 - INFO - epoch-77, train_loss-0.3715, train_rmse-0.6095, valid_rmse-1.4366, valid_pr-0.7118
2023-10-07 15:08:37 - INFO - epoch-78, train_loss-0.3495, train_rmse-0.5912, valid_rmse-1.3568, valid_pr-0.7268
2023-10-07 15:32:48 - INFO - epoch-79, train_loss-0.3484, train_rmse-0.5903, valid_rmse-1.2832, valid_pr-0.7305
2023-10-07 15:46:28 - INFO - epoch-80, train_loss-0.3572, train_rmse-0.5977, valid_rmse-1.3340, valid_pr-0.7237
2023-10-07 15:58:05 - INFO - epoch-81, train_loss-0.3099, train_rmse-0.5567, valid_rmse-1.4191, valid_pr-0.7293
2023-10-07 16:07:19 - INFO - epoch-82, train_loss-0.2926, train_rmse-0.5409, valid_rmse-1.3231, valid_pr-0.7238
2023-10-07 16:19:31 - INFO - epoch-83, train_loss-0.3058, train_rmse-0.5530, valid_rmse-1.4680, valid_pr-0.7285
2023-10-07 16:31:23 - INFO - epoch-84, train_loss-0.2964, train_rmse-0.5444, valid_rmse-1.2893, valid_pr-0.7362
2023-10-07 16:43:59 - INFO - epoch-85, train_loss-0.2846, train_rmse-0.5335, valid_rmse-1.3651, valid_pr-0.7181
2023-10-07 16:58:30 - INFO - epoch-86, train_loss-0.2820, train_rmse-0.5310, valid_rmse-1.3899, valid_pr-0.7122
2023-10-07 17:12:43 - INFO - epoch-87, train_loss-0.2592, train_rmse-0.5091, valid_rmse-1.3047, valid_pr-0.7370
2023-10-07 17:27:20 - INFO - epoch-88, train_loss-0.2529, train_rmse-0.5029, valid_rmse-1.3308, valid_pr-0.7270
2023-10-07 17:42:15 - INFO - epoch-89, train_loss-0.2414, train_rmse-0.4913, valid_rmse-1.2797, valid_pr-0.7417
2023-10-07 17:54:43 - INFO - epoch-90, train_loss-0.2412, train_rmse-0.4911, valid_rmse-1.3032, valid_pr-0.7365
2023-10-07 18:07:11 - INFO - epoch-91, train_loss-0.2585, train_rmse-0.5084, valid_rmse-1.3237, valid_pr-0.7154
2023-10-07 18:18:12 - INFO - epoch-92, train_loss-0.2301, train_rmse-0.4797, valid_rmse-1.5670, valid_pr-0.7375
2023-10-07 18:29:20 - INFO - epoch-93, train_loss-0.2309, train_rmse-0.4805, valid_rmse-1.3385, valid_pr-0.7347
2023-10-07 18:43:36 - INFO - epoch-94, train_loss-0.2344, train_rmse-0.4842, valid_rmse-1.2899, valid_pr-0.7357
2023-10-07 18:55:57 - INFO - epoch-95, train_loss-0.2368, train_rmse-0.4866, valid_rmse-1.3035, valid_pr-0.7329
2023-10-07 19:17:51 - INFO - epoch-96, train_loss-0.2086, train_rmse-0.4567, valid_rmse-1.2811, valid_pr-0.7452
2023-10-07 19:31:01 - INFO - epoch-97, train_loss-0.2304, train_rmse-0.4800, valid_rmse-1.4107, valid_pr-0.7350
2023-10-07 19:41:47 - INFO - epoch-98, train_loss-0.2301, train_rmse-0.4797, valid_rmse-1.3131, valid_pr-0.7384
2023-10-07 19:51:32 - INFO - epoch-99, train_loss-0.2177, train_rmse-0.4666, valid_rmse-1.3189, valid_pr-0.7376
2023-10-07 19:59:06 - INFO - epoch-100, train_loss-0.1962, train_rmse-0.4430, valid_rmse-1.3208, valid_pr-0.7200
2023-10-07 20:06:45 - INFO - epoch-101, train_loss-0.1913, train_rmse-0.4373, valid_rmse-1.3156, valid_pr-0.7350
2023-10-07 20:15:42 - INFO - epoch-102, train_loss-0.1978, train_rmse-0.4447, valid_rmse-1.3697, valid_pr-0.7355
2023-10-07 20:24:14 - INFO - epoch-103, train_loss-0.1983, train_rmse-0.4454, valid_rmse-1.3081, valid_pr-0.7359
2023-10-07 20:32:26 - INFO - epoch-104, train_loss-0.1856, train_rmse-0.4308, valid_rmse-1.3088, valid_pr-0.7371
2023-10-07 20:42:58 - INFO - epoch-105, train_loss-0.1996, train_rmse-0.4468, valid_rmse-1.3356, valid_pr-0.7427
2023-10-07 20:54:22 - INFO - epoch-106, train_loss-0.1864, train_rmse-0.4317, valid_rmse-1.2851, valid_pr-0.7374
2023-10-07 21:03:53 - INFO - epoch-107, train_loss-0.2030, train_rmse-0.4505, valid_rmse-1.3051, valid_pr-0.7368
2023-10-07 21:10:14 - INFO - epoch-108, train_loss-0.2043, train_rmse-0.4520, valid_rmse-1.3331, valid_pr-0.7425
2023-10-07 21:18:02 - INFO - epoch-109, train_loss-0.1913, train_rmse-0.4374, valid_rmse-1.2710, valid_pr-0.7401
2023-10-07 21:34:29 - INFO - epoch-110, train_loss-0.1908, train_rmse-0.4368, valid_rmse-1.5089, valid_pr-0.7270
2023-10-07 21:47:47 - INFO - epoch-111, train_loss-0.1806, train_rmse-0.4249, valid_rmse-1.2820, valid_pr-0.7449
2023-10-07 21:59:52 - INFO - epoch-112, train_loss-0.1828, train_rmse-0.4276, valid_rmse-1.3551, valid_pr-0.7311
2023-10-07 22:09:46 - INFO - epoch-113, train_loss-0.1956, train_rmse-0.4422, valid_rmse-1.2583, valid_pr-0.7442
2023-10-07 22:20:21 - INFO - epoch-114, train_loss-0.1711, train_rmse-0.4137, valid_rmse-1.3315, valid_pr-0.7398
2023-10-07 22:25:25 - INFO - epoch-115, train_loss-0.1717, train_rmse-0.4143, valid_rmse-1.3041, valid_pr-0.7401
2023-10-07 22:31:14 - INFO - epoch-116, train_loss-0.1788, train_rmse-0.4228, valid_rmse-1.2795, valid_pr-0.7378
2023-10-07 22:33:49 - INFO - epoch-117, train_loss-0.1685, train_rmse-0.4105, valid_rmse-1.3381, valid_pr-0.7208
2023-10-07 22:36:32 - INFO - epoch-118, train_loss-0.1610, train_rmse-0.4013, valid_rmse-1.3665, valid_pr-0.7386
2023-10-07 22:39:28 - INFO - epoch-119, train_loss-0.1679, train_rmse-0.4098, valid_rmse-1.2602, valid_pr-0.7417
2023-10-07 22:41:39 - INFO - epoch-120, train_loss-0.1613, train_rmse-0.4016, valid_rmse-1.3965, valid_pr-0.7044
2023-10-07 22:44:29 - INFO - epoch-121, train_loss-0.1553, train_rmse-0.3941, valid_rmse-1.3494, valid_pr-0.7293
2023-10-07 22:46:54 - INFO - epoch-122, train_loss-0.1586, train_rmse-0.3983, valid_rmse-1.3331, valid_pr-0.7430
2023-10-07 22:49:22 - INFO - epoch-123, train_loss-0.1677, train_rmse-0.4095, valid_rmse-1.3028, valid_pr-0.7397
2023-10-07 22:52:06 - INFO - epoch-124, train_loss-0.1631, train_rmse-0.4039, valid_rmse-1.3003, valid_pr-0.7482
2023-10-07 22:54:32 - INFO - epoch-125, train_loss-0.1568, train_rmse-0.3960, valid_rmse-1.2749, valid_pr-0.7423
2023-10-07 22:57:06 - INFO - epoch-126, train_loss-0.1749, train_rmse-0.4182, valid_rmse-1.4536, valid_pr-0.7475
2023-10-07 22:59:44 - INFO - epoch-127, train_loss-0.1599, train_rmse-0.3999, valid_rmse-1.2819, valid_pr-0.7537
2023-10-07 23:02:33 - INFO - epoch-128, train_loss-0.1532, train_rmse-0.3914, valid_rmse-1.3680, valid_pr-0.7472
2023-10-07 23:05:15 - INFO - epoch-129, train_loss-0.1662, train_rmse-0.4077, valid_rmse-1.5265, valid_pr-0.7437
2023-10-07 23:07:48 - INFO - epoch-130, train_loss-0.1653, train_rmse-0.4066, valid_rmse-1.2375, valid_pr-0.7555
2023-10-07 23:10:24 - INFO - epoch-131, train_loss-0.1556, train_rmse-0.3944, valid_rmse-1.3292, valid_pr-0.7467
2023-10-07 23:12:53 - INFO - epoch-132, train_loss-0.1691, train_rmse-0.4113, valid_rmse-1.2785, valid_pr-0.7408
2023-10-07 23:15:39 - INFO - epoch-133, train_loss-0.1591, train_rmse-0.3989, valid_rmse-1.2444, valid_pr-0.7458
2023-10-07 23:18:35 - INFO - epoch-134, train_loss-0.1486, train_rmse-0.3855, valid_rmse-1.2636, valid_pr-0.7485
2023-10-07 23:20:54 - INFO - epoch-135, train_loss-0.1511, train_rmse-0.3887, valid_rmse-1.3065, valid_pr-0.7454
2023-10-07 23:23:36 - INFO - epoch-136, train_loss-0.1589, train_rmse-0.3987, valid_rmse-1.2784, valid_pr-0.7444
2023-10-07 23:26:19 - INFO - epoch-137, train_loss-0.1440, train_rmse-0.3795, valid_rmse-1.6540, valid_pr-0.7442
2023-10-07 23:29:04 - INFO - epoch-138, train_loss-0.1512, train_rmse-0.3888, valid_rmse-1.2572, valid_pr-0.7476
2023-10-07 23:31:37 - INFO - epoch-139, train_loss-0.1566, train_rmse-0.3957, valid_rmse-1.2516, valid_pr-0.7452
2023-10-07 23:34:14 - INFO - epoch-140, train_loss-0.1514, train_rmse-0.3891, valid_rmse-1.2474, valid_pr-0.7471
2023-10-07 23:37:12 - INFO - epoch-141, train_loss-0.1454, train_rmse-0.3813, valid_rmse-1.3268, valid_pr-0.7474
2023-10-07 23:39:35 - INFO - epoch-142, train_loss-0.1494, train_rmse-0.3865, valid_rmse-1.2796, valid_pr-0.7490
2023-10-07 23:42:10 - INFO - epoch-143, train_loss-0.1341, train_rmse-0.3662, valid_rmse-1.2372, valid_pr-0.7534
2023-10-07 23:45:09 - INFO - epoch-144, train_loss-0.1217, train_rmse-0.3488, valid_rmse-1.2396, valid_pr-0.7529
2023-10-07 23:47:45 - INFO - epoch-145, train_loss-0.1292, train_rmse-0.3594, valid_rmse-1.2722, valid_pr-0.7501
2023-10-07 23:50:14 - INFO - epoch-146, train_loss-0.1624, train_rmse-0.4029, valid_rmse-1.2725, valid_pr-0.7483
2023-10-07 23:52:40 - INFO - epoch-147, train_loss-0.1795, train_rmse-0.4237, valid_rmse-1.2414, valid_pr-0.7481
2023-10-07 23:55:22 - INFO - epoch-148, train_loss-0.1499, train_rmse-0.3872, valid_rmse-1.2885, valid_pr-0.7521
2023-10-07 23:58:02 - INFO - epoch-149, train_loss-0.1405, train_rmse-0.3749, valid_rmse-1.2478, valid_pr-0.7520
2023-10-08 00:00:39 - INFO - epoch-150, train_loss-0.1268, train_rmse-0.3561, valid_rmse-1.2424, valid_pr-0.7560
2023-10-08 00:03:04 - INFO - epoch-151, train_loss-0.1313, train_rmse-0.3624, valid_rmse-1.2600, valid_pr-0.7443
2023-10-08 00:05:46 - INFO - epoch-152, train_loss-0.1462, train_rmse-0.3824, valid_rmse-1.2233, valid_pr-0.7572
2023-10-08 00:08:00 - INFO - epoch-153, train_loss-0.1433, train_rmse-0.3786, valid_rmse-1.2576, valid_pr-0.7513
2023-10-08 00:10:34 - INFO - epoch-154, train_loss-0.1265, train_rmse-0.3556, valid_rmse-1.2704, valid_pr-0.7596
2023-10-08 00:13:08 - INFO - epoch-155, train_loss-0.1633, train_rmse-0.4040, valid_rmse-1.2755, valid_pr-0.7529
2023-10-08 00:15:58 - INFO - epoch-156, train_loss-0.1473, train_rmse-0.3838, valid_rmse-1.2298, valid_pr-0.7539
2023-10-08 00:18:30 - INFO - epoch-157, train_loss-0.1406, train_rmse-0.3750, valid_rmse-1.2241, valid_pr-0.7559
2023-10-08 00:21:11 - INFO - epoch-158, train_loss-0.1298, train_rmse-0.3602, valid_rmse-1.2280, valid_pr-0.7599
2023-10-08 00:23:32 - INFO - epoch-159, train_loss-0.1131, train_rmse-0.3363, valid_rmse-1.2382, valid_pr-0.7543
2023-10-08 00:26:03 - INFO - epoch-160, train_loss-0.1309, train_rmse-0.3617, valid_rmse-1.2498, valid_pr-0.7568
2023-10-08 00:28:24 - INFO - epoch-161, train_loss-0.1330, train_rmse-0.3646, valid_rmse-1.2279, valid_pr-0.7586
2023-10-08 00:31:13 - INFO - epoch-162, train_loss-0.1469, train_rmse-0.3833, valid_rmse-1.2344, valid_pr-0.7540
2023-10-08 00:33:41 - INFO - epoch-163, train_loss-0.1339, train_rmse-0.3659, valid_rmse-1.2210, valid_pr-0.7603
2023-10-08 00:36:27 - INFO - epoch-164, train_loss-0.1238, train_rmse-0.3519, valid_rmse-1.2284, valid_pr-0.7584
2023-10-08 00:39:13 - INFO - epoch-165, train_loss-0.1275, train_rmse-0.3571, valid_rmse-1.2849, valid_pr-0.7466
2023-10-08 00:41:37 - INFO - epoch-166, train_loss-0.1373, train_rmse-0.3706, valid_rmse-1.2243, valid_pr-0.7606
2023-10-08 00:44:29 - INFO - epoch-167, train_loss-0.1396, train_rmse-0.3737, valid_rmse-1.2595, valid_pr-0.7507
2023-10-08 00:47:05 - INFO - epoch-168, train_loss-0.1371, train_rmse-0.3703, valid_rmse-1.2854, valid_pr-0.7574
2023-10-08 00:49:22 - INFO - epoch-169, train_loss-0.1311, train_rmse-0.3620, valid_rmse-1.2480, valid_pr-0.7512
2023-10-08 00:52:04 - INFO - epoch-170, train_loss-0.1417, train_rmse-0.3765, valid_rmse-1.2492, valid_pr-0.7671
2023-10-08 00:54:53 - INFO - epoch-171, train_loss-0.1487, train_rmse-0.3856, valid_rmse-1.2465, valid_pr-0.7511
2023-10-08 00:57:19 - INFO - epoch-172, train_loss-0.1466, train_rmse-0.3828, valid_rmse-1.2339, valid_pr-0.7594
2023-10-08 00:59:58 - INFO - epoch-173, train_loss-0.1256, train_rmse-0.3544, valid_rmse-1.2566, valid_pr-0.7584
2023-10-08 01:02:24 - INFO - epoch-174, train_loss-0.1280, train_rmse-0.3578, valid_rmse-1.2323, valid_pr-0.7609
2023-10-08 01:04:54 - INFO - epoch-175, train_loss-0.1208, train_rmse-0.3476, valid_rmse-1.2565, valid_pr-0.7611
2023-10-08 01:07:32 - INFO - epoch-176, train_loss-0.1153, train_rmse-0.3396, valid_rmse-1.2350, valid_pr-0.7560
2023-10-08 01:10:08 - INFO - epoch-177, train_loss-0.1344, train_rmse-0.3666, valid_rmse-1.2163, valid_pr-0.7594
2023-10-08 01:12:34 - INFO - epoch-178, train_loss-0.1195, train_rmse-0.3457, valid_rmse-1.2256, valid_pr-0.7587
2023-10-08 01:15:17 - INFO - epoch-179, train_loss-0.1093, train_rmse-0.3306, valid_rmse-1.2346, valid_pr-0.7560
2023-10-08 01:17:35 - INFO - epoch-180, train_loss-0.1127, train_rmse-0.3357, valid_rmse-1.2179, valid_pr-0.7618
2023-10-08 01:20:24 - INFO - epoch-181, train_loss-0.1188, train_rmse-0.3447, valid_rmse-1.2372, valid_pr-0.7538
2023-10-08 01:22:53 - INFO - epoch-182, train_loss-0.1359, train_rmse-0.3686, valid_rmse-1.2474, valid_pr-0.7608
2023-10-08 01:25:19 - INFO - epoch-183, train_loss-0.1271, train_rmse-0.3565, valid_rmse-1.2335, valid_pr-0.7572
2023-10-08 01:28:12 - INFO - epoch-184, train_loss-0.1388, train_rmse-0.3725, valid_rmse-1.2346, valid_pr-0.7528
2023-10-08 01:30:36 - INFO - epoch-185, train_loss-0.1224, train_rmse-0.3498, valid_rmse-1.3126, valid_pr-0.7573
2023-10-08 01:33:21 - INFO - epoch-186, train_loss-0.1257, train_rmse-0.3545, valid_rmse-1.2404, valid_pr-0.7545
2023-10-08 01:35:55 - INFO - epoch-187, train_loss-0.1227, train_rmse-0.3503, valid_rmse-1.2157, valid_pr-0.7635
2023-10-08 01:38:10 - INFO - epoch-188, train_loss-0.1217, train_rmse-0.3488, valid_rmse-1.2240, valid_pr-0.7580
2023-10-08 01:41:08 - INFO - epoch-189, train_loss-0.1197, train_rmse-0.3460, valid_rmse-1.2178, valid_pr-0.7627
2023-10-08 01:43:35 - INFO - epoch-190, train_loss-0.1193, train_rmse-0.3454, valid_rmse-1.2212, valid_pr-0.7601
2023-10-08 01:46:55 - INFO - epoch-191, train_loss-0.1172, train_rmse-0.3423, valid_rmse-1.2043, valid_pr-0.7649
2023-10-08 01:49:46 - INFO - epoch-192, train_loss-0.1235, train_rmse-0.3514, valid_rmse-1.2382, valid_pr-0.7590
2023-10-08 01:52:32 - INFO - epoch-193, train_loss-0.1317, train_rmse-0.3629, valid_rmse-1.2314, valid_pr-0.7620
2023-10-08 01:55:09 - INFO - epoch-194, train_loss-0.1162, train_rmse-0.3409, valid_rmse-1.2349, valid_pr-0.7560
2023-10-08 01:57:59 - INFO - epoch-195, train_loss-0.1188, train_rmse-0.3447, valid_rmse-1.2467, valid_pr-0.7609
2023-10-08 02:00:36 - INFO - epoch-196, train_loss-0.1158, train_rmse-0.3404, valid_rmse-1.2405, valid_pr-0.7591
2023-10-08 02:02:52 - INFO - epoch-197, train_loss-0.1215, train_rmse-0.3486, valid_rmse-1.2168, valid_pr-0.7620
2023-10-08 02:05:42 - INFO - epoch-198, train_loss-0.1070, train_rmse-0.3272, valid_rmse-1.2257, valid_pr-0.7611
2023-10-08 02:08:09 - INFO - epoch-199, train_loss-0.1156, train_rmse-0.3400, valid_rmse-1.2126, valid_pr-0.7650
2023-10-08 02:10:46 - INFO - epoch-200, train_loss-0.1145, train_rmse-0.3384, valid_rmse-1.2104, valid_pr-0.7629
2023-10-08 02:13:36 - INFO - epoch-201, train_loss-0.1152, train_rmse-0.3395, valid_rmse-1.2064, valid_pr-0.7686
2023-10-08 02:16:24 - INFO - epoch-202, train_loss-0.1141, train_rmse-0.3378, valid_rmse-1.2105, valid_pr-0.7625
2023-10-08 02:18:55 - INFO - epoch-203, train_loss-0.1063, train_rmse-0.3261, valid_rmse-1.2116, valid_pr-0.7672
2023-10-08 02:21:40 - INFO - epoch-204, train_loss-0.1256, train_rmse-0.3544, valid_rmse-1.2279, valid_pr-0.7601
2023-10-08 02:24:23 - INFO - epoch-205, train_loss-0.1180, train_rmse-0.3436, valid_rmse-1.2618, valid_pr-0.7618
2023-10-08 02:26:56 - INFO - epoch-206, train_loss-0.1360, train_rmse-0.3688, valid_rmse-1.2132, valid_pr-0.7650
2023-10-08 02:29:02 - INFO - epoch-207, train_loss-0.1218, train_rmse-0.3490, valid_rmse-1.2558, valid_pr-0.7615
2023-10-08 02:31:54 - INFO - epoch-208, train_loss-0.1366, train_rmse-0.3696, valid_rmse-1.2093, valid_pr-0.7626
2023-10-08 02:34:20 - INFO - epoch-209, train_loss-0.1183, train_rmse-0.3440, valid_rmse-1.2172, valid_pr-0.7638
2023-10-08 02:36:51 - INFO - epoch-210, train_loss-0.1188, train_rmse-0.3447, valid_rmse-1.2369, valid_pr-0.7632
2023-10-08 02:39:35 - INFO - epoch-211, train_loss-0.1012, train_rmse-0.3181, valid_rmse-1.2430, valid_pr-0.7655
2023-10-08 02:42:20 - INFO - epoch-212, train_loss-0.1018, train_rmse-0.3191, valid_rmse-1.1963, valid_pr-0.7702
2023-10-08 02:45:06 - INFO - epoch-213, train_loss-0.1097, train_rmse-0.3312, valid_rmse-1.2031, valid_pr-0.7680
2023-10-08 02:47:24 - INFO - epoch-214, train_loss-0.1146, train_rmse-0.3385, valid_rmse-1.2197, valid_pr-0.7580
2023-10-08 02:50:00 - INFO - epoch-215, train_loss-0.1191, train_rmse-0.3452, valid_rmse-1.2128, valid_pr-0.7659
2023-10-08 02:52:41 - INFO - epoch-216, train_loss-0.1027, train_rmse-0.3204, valid_rmse-1.2192, valid_pr-0.7649
2023-10-08 02:55:06 - INFO - epoch-217, train_loss-0.1083, train_rmse-0.3291, valid_rmse-1.2037, valid_pr-0.7661
2023-10-08 02:57:38 - INFO - epoch-218, train_loss-0.0993, train_rmse-0.3151, valid_rmse-1.1967, valid_pr-0.7686
2023-10-08 02:59:53 - INFO - epoch-219, train_loss-0.1029, train_rmse-0.3207, valid_rmse-1.2158, valid_pr-0.7619
2023-10-08 03:02:23 - INFO - epoch-220, train_loss-0.1064, train_rmse-0.3262, valid_rmse-1.2189, valid_pr-0.7612
2023-10-08 03:05:15 - INFO - epoch-221, train_loss-0.1090, train_rmse-0.3302, valid_rmse-1.2096, valid_pr-0.7679
2023-10-08 03:08:10 - INFO - epoch-222, train_loss-0.1136, train_rmse-0.3370, valid_rmse-1.2179, valid_pr-0.7607
2023-10-08 03:10:44 - INFO - epoch-223, train_loss-0.1235, train_rmse-0.3515, valid_rmse-1.2025, valid_pr-0.7682
2023-10-08 03:13:11 - INFO - epoch-224, train_loss-0.1166, train_rmse-0.3414, valid_rmse-1.2087, valid_pr-0.7667
2023-10-08 03:15:42 - INFO - epoch-225, train_loss-0.1046, train_rmse-0.3234, valid_rmse-1.1872, valid_pr-0.7718
2023-10-08 03:18:14 - INFO - epoch-226, train_loss-0.1058, train_rmse-0.3253, valid_rmse-1.2030, valid_pr-0.7671
2023-10-08 03:20:57 - INFO - epoch-227, train_loss-0.0959, train_rmse-0.3097, valid_rmse-1.2240, valid_pr-0.7649
2023-10-08 03:23:23 - INFO - epoch-228, train_loss-0.1105, train_rmse-0.3324, valid_rmse-1.2264, valid_pr-0.7606
2023-10-08 03:25:47 - INFO - epoch-229, train_loss-0.0998, train_rmse-0.3158, valid_rmse-1.2031, valid_pr-0.7634
2023-10-08 03:28:28 - INFO - epoch-230, train_loss-0.1108, train_rmse-0.3329, valid_rmse-1.1940, valid_pr-0.7683
2023-10-08 03:30:52 - INFO - epoch-231, train_loss-0.1202, train_rmse-0.3467, valid_rmse-1.2612, valid_pr-0.7619
2023-10-08 03:33:22 - INFO - epoch-232, train_loss-0.1075, train_rmse-0.3279, valid_rmse-1.1998, valid_pr-0.7687
2023-10-08 03:36:18 - INFO - epoch-233, train_loss-0.1073, train_rmse-0.3276, valid_rmse-1.2047, valid_pr-0.7644
2023-10-08 03:38:52 - INFO - epoch-234, train_loss-0.1185, train_rmse-0.3442, valid_rmse-1.2055, valid_pr-0.7649
2023-10-08 03:41:42 - INFO - epoch-235, train_loss-0.1062, train_rmse-0.3259, valid_rmse-1.2055, valid_pr-0.7668
2023-10-08 03:44:03 - INFO - epoch-236, train_loss-0.0932, train_rmse-0.3053, valid_rmse-1.1906, valid_pr-0.7698
2023-10-08 03:46:22 - INFO - epoch-237, train_loss-0.1000, train_rmse-0.3162, valid_rmse-1.2289, valid_pr-0.7623
2023-10-08 03:48:55 - INFO - epoch-238, train_loss-0.1020, train_rmse-0.3193, valid_rmse-1.2079, valid_pr-0.7659
2023-10-08 03:51:25 - INFO - epoch-239, train_loss-0.1039, train_rmse-0.3223, valid_rmse-1.1993, valid_pr-0.7691
2023-10-08 03:53:57 - INFO - epoch-240, train_loss-0.1033, train_rmse-0.3213, valid_rmse-1.2088, valid_pr-0.7632
2023-10-08 03:56:31 - INFO - epoch-241, train_loss-0.1142, train_rmse-0.3380, valid_rmse-1.1916, valid_pr-0.7706
2023-10-08 03:59:02 - INFO - epoch-242, train_loss-0.1016, train_rmse-0.3187, valid_rmse-1.1947, valid_pr-0.7696
2023-10-08 04:01:46 - INFO - epoch-243, train_loss-0.0971, train_rmse-0.3116, valid_rmse-1.1999, valid_pr-0.7676
2023-10-08 04:04:27 - INFO - epoch-244, train_loss-0.0973, train_rmse-0.3119, valid_rmse-1.2258, valid_pr-0.7693
2023-10-08 04:06:48 - INFO - epoch-245, train_loss-0.0984, train_rmse-0.3136, valid_rmse-1.1887, valid_pr-0.7729
2023-10-08 04:09:41 - INFO - epoch-246, train_loss-0.1069, train_rmse-0.3270, valid_rmse-1.1941, valid_pr-0.7699
2023-10-08 04:12:29 - INFO - epoch-247, train_loss-0.1079, train_rmse-0.3284, valid_rmse-1.2104, valid_pr-0.7687
2023-10-08 04:15:00 - INFO - epoch-248, train_loss-0.1054, train_rmse-0.3247, valid_rmse-1.1953, valid_pr-0.7691
2023-10-08 04:17:26 - INFO - epoch-249, train_loss-0.0919, train_rmse-0.3032, valid_rmse-1.2192, valid_pr-0.7680
2023-10-08 04:20:16 - INFO - epoch-250, train_loss-0.1147, train_rmse-0.3386, valid_rmse-1.2021, valid_pr-0.7717
2023-10-08 04:22:49 - INFO - epoch-251, train_loss-0.1046, train_rmse-0.3234, valid_rmse-1.2079, valid_pr-0.7653
2023-10-08 04:25:10 - INFO - epoch-252, train_loss-0.1066, train_rmse-0.3264, valid_rmse-1.2001, valid_pr-0.7687
2023-10-08 04:27:52 - INFO - epoch-253, train_loss-0.1119, train_rmse-0.3345, valid_rmse-1.2302, valid_pr-0.7692
2023-10-08 04:30:24 - INFO - epoch-254, train_loss-0.1100, train_rmse-0.3316, valid_rmse-1.2003, valid_pr-0.7698
2023-10-08 04:32:51 - INFO - epoch-255, train_loss-0.1046, train_rmse-0.3235, valid_rmse-1.1987, valid_pr-0.7689
2023-10-08 04:35:41 - INFO - epoch-256, train_loss-0.1050, train_rmse-0.3241, valid_rmse-1.1944, valid_pr-0.7721
2023-10-08 04:38:19 - INFO - epoch-257, train_loss-0.0999, train_rmse-0.3161, valid_rmse-1.2188, valid_pr-0.7695
2023-10-08 04:41:04 - INFO - epoch-258, train_loss-0.1037, train_rmse-0.3221, valid_rmse-1.1920, valid_pr-0.7744
2023-10-08 04:43:29 - INFO - epoch-259, train_loss-0.1052, train_rmse-0.3243, valid_rmse-1.1998, valid_pr-0.7690
2023-10-08 04:45:39 - INFO - epoch-260, train_loss-0.1013, train_rmse-0.3183, valid_rmse-1.1831, valid_pr-0.7733
2023-10-08 04:48:08 - INFO - epoch-261, train_loss-0.0972, train_rmse-0.3117, valid_rmse-1.2072, valid_pr-0.7631
2023-10-08 04:52:44 - INFO - epoch-262, train_loss-0.0963, train_rmse-0.3103, valid_rmse-1.1961, valid_pr-0.7673
2023-10-08 04:55:56 - INFO - epoch-263, train_loss-0.1016, train_rmse-0.3188, valid_rmse-1.1804, valid_pr-0.7742
2023-10-08 04:59:29 - INFO - epoch-264, train_loss-0.1116, train_rmse-0.3341, valid_rmse-1.1992, valid_pr-0.7699
2023-10-08 05:01:50 - INFO - epoch-265, train_loss-0.0939, train_rmse-0.3064, valid_rmse-1.1827, valid_pr-0.7737
2023-10-08 05:04:49 - INFO - epoch-266, train_loss-0.0987, train_rmse-0.3141, valid_rmse-1.1833, valid_pr-0.7764
2023-10-08 05:07:20 - INFO - epoch-267, train_loss-0.1053, train_rmse-0.3245, valid_rmse-1.1928, valid_pr-0.7706
2023-10-08 05:09:58 - INFO - epoch-268, train_loss-0.1093, train_rmse-0.3306, valid_rmse-1.1918, valid_pr-0.7689
2023-10-08 05:12:31 - INFO - epoch-269, train_loss-0.1098, train_rmse-0.3314, valid_rmse-1.1856, valid_pr-0.7701
2023-10-08 05:14:54 - INFO - epoch-270, train_loss-0.1015, train_rmse-0.3186, valid_rmse-1.2058, valid_pr-0.7659
2023-10-08 05:17:27 - INFO - epoch-271, train_loss-0.1020, train_rmse-0.3193, valid_rmse-1.2075, valid_pr-0.7721
2023-10-08 05:19:57 - INFO - epoch-272, train_loss-0.0955, train_rmse-0.3091, valid_rmse-1.1913, valid_pr-0.7703
2023-10-08 05:22:54 - INFO - epoch-273, train_loss-0.0841, train_rmse-0.2901, valid_rmse-1.1853, valid_pr-0.7737
2023-10-08 05:25:19 - INFO - epoch-274, train_loss-0.0968, train_rmse-0.3111, valid_rmse-1.1894, valid_pr-0.7706
2023-10-08 05:27:59 - INFO - epoch-275, train_loss-0.1013, train_rmse-0.3184, valid_rmse-1.1887, valid_pr-0.7698
2023-10-08 05:30:34 - INFO - epoch-276, train_loss-0.0937, train_rmse-0.3062, valid_rmse-1.1879, valid_pr-0.7769
2023-10-08 05:34:24 - INFO - epoch-277, train_loss-0.1003, train_rmse-0.3167, valid_rmse-1.1855, valid_pr-0.7744
2023-10-08 05:37:10 - INFO - epoch-278, train_loss-0.1043, train_rmse-0.3229, valid_rmse-1.1941, valid_pr-0.7703
2023-10-08 05:40:17 - INFO - epoch-279, train_loss-0.1031, train_rmse-0.3211, valid_rmse-1.1783, valid_pr-0.7751
2023-10-08 05:43:33 - INFO - epoch-280, train_loss-0.0989, train_rmse-0.3144, valid_rmse-1.1979, valid_pr-0.7671
2023-10-08 05:46:34 - INFO - epoch-281, train_loss-0.1040, train_rmse-0.3225, valid_rmse-1.2546, valid_pr-0.7663
2023-10-08 05:49:18 - INFO - epoch-282, train_loss-0.0965, train_rmse-0.3106, valid_rmse-1.1897, valid_pr-0.7719
2023-10-08 05:52:03 - INFO - epoch-283, train_loss-0.1019, train_rmse-0.3192, valid_rmse-1.2288, valid_pr-0.7717
2023-10-08 05:55:07 - INFO - epoch-284, train_loss-0.0978, train_rmse-0.3128, valid_rmse-1.2059, valid_pr-0.7745
2023-10-08 05:57:32 - INFO - epoch-285, train_loss-0.0982, train_rmse-0.3134, valid_rmse-1.1867, valid_pr-0.7726
2023-10-08 06:00:31 - INFO - epoch-286, train_loss-0.1013, train_rmse-0.3183, valid_rmse-1.2145, valid_pr-0.7698
2023-10-08 06:03:01 - INFO - epoch-287, train_loss-0.0914, train_rmse-0.3022, valid_rmse-1.2009, valid_pr-0.7753
2023-10-08 06:05:31 - INFO - epoch-288, train_loss-0.1112, train_rmse-0.3335, valid_rmse-1.1923, valid_pr-0.7720
2023-10-08 06:08:17 - INFO - epoch-289, train_loss-0.0925, train_rmse-0.3042, valid_rmse-1.1821, valid_pr-0.7743
2023-10-08 06:10:46 - INFO - epoch-290, train_loss-0.0927, train_rmse-0.3045, valid_rmse-1.1886, valid_pr-0.7750
2023-10-08 06:13:21 - INFO - epoch-291, train_loss-0.1061, train_rmse-0.3258, valid_rmse-1.2145, valid_pr-0.7706
2023-10-08 06:16:09 - INFO - epoch-292, train_loss-0.1220, train_rmse-0.3493, valid_rmse-1.1663, valid_pr-0.7788
2023-10-08 06:19:16 - INFO - epoch-293, train_loss-0.1026, train_rmse-0.3203, valid_rmse-1.1760, valid_pr-0.7746
2023-10-08 06:21:32 - INFO - epoch-294, train_loss-0.1000, train_rmse-0.3162, valid_rmse-1.1881, valid_pr-0.7777
2023-10-08 06:24:16 - INFO - epoch-295, train_loss-0.0904, train_rmse-0.3006, valid_rmse-1.1905, valid_pr-0.7740
2023-10-08 06:26:39 - INFO - epoch-296, train_loss-0.0842, train_rmse-0.2902, valid_rmse-1.1739, valid_pr-0.7770
2023-10-08 06:29:00 - INFO - epoch-297, train_loss-0.0943, train_rmse-0.3070, valid_rmse-1.1897, valid_pr-0.7719
2023-10-08 06:31:33 - INFO - epoch-298, train_loss-0.0830, train_rmse-0.2880, valid_rmse-1.1807, valid_pr-0.7770
2023-10-08 06:34:00 - INFO - epoch-299, train_loss-0.0910, train_rmse-0.3016, valid_rmse-1.1981, valid_pr-0.7714
2023-10-08 06:36:26 - INFO - epoch-300, train_loss-0.0989, train_rmse-0.3146, valid_rmse-1.1842, valid_pr-0.7710
2023-10-08 06:38:55 - INFO - epoch-301, train_loss-0.1083, train_rmse-0.3291, valid_rmse-1.2073, valid_pr-0.7743
2023-10-08 06:41:44 - INFO - epoch-302, train_loss-0.0949, train_rmse-0.3081, valid_rmse-1.1866, valid_pr-0.7767
2023-10-08 06:44:34 - INFO - epoch-303, train_loss-0.0914, train_rmse-0.3024, valid_rmse-1.1979, valid_pr-0.7724
2023-10-08 06:47:34 - INFO - epoch-304, train_loss-0.0886, train_rmse-0.2976, valid_rmse-1.2061, valid_pr-0.7731
2023-10-08 06:50:24 - INFO - epoch-305, train_loss-0.0975, train_rmse-0.3122, valid_rmse-1.1928, valid_pr-0.7744
2023-10-08 06:52:35 - INFO - epoch-306, train_loss-0.0902, train_rmse-0.3003, valid_rmse-1.1959, valid_pr-0.7709
2023-10-08 06:55:11 - INFO - epoch-307, train_loss-0.1046, train_rmse-0.3235, valid_rmse-1.2071, valid_pr-0.7688
2023-10-08 06:57:16 - INFO - epoch-308, train_loss-0.1068, train_rmse-0.3269, valid_rmse-1.2004, valid_pr-0.7709
2023-10-08 06:59:49 - INFO - epoch-309, train_loss-0.1018, train_rmse-0.3190, valid_rmse-1.1844, valid_pr-0.7739
2023-10-08 07:02:31 - INFO - epoch-310, train_loss-0.0984, train_rmse-0.3137, valid_rmse-1.2241, valid_pr-0.7632
2023-10-08 07:04:53 - INFO - epoch-311, train_loss-0.0896, train_rmse-0.2993, valid_rmse-1.1930, valid_pr-0.7705
2023-10-08 07:07:34 - INFO - epoch-312, train_loss-0.0961, train_rmse-0.3099, valid_rmse-1.1870, valid_pr-0.7733
2023-10-08 07:10:10 - INFO - epoch-313, train_loss-0.0957, train_rmse-0.3093, valid_rmse-1.1985, valid_pr-0.7754
2023-10-08 07:12:28 - INFO - epoch-314, train_loss-0.0876, train_rmse-0.2960, valid_rmse-1.2204, valid_pr-0.7747
2023-10-08 07:15:05 - INFO - epoch-315, train_loss-0.0874, train_rmse-0.2957, valid_rmse-1.2202, valid_pr-0.7710
2023-10-08 07:17:55 - INFO - epoch-316, train_loss-0.0975, train_rmse-0.3123, valid_rmse-1.1903, valid_pr-0.7762
2023-10-08 07:20:23 - INFO - epoch-317, train_loss-0.0959, train_rmse-0.3097, valid_rmse-1.2110, valid_pr-0.7617
2023-10-08 07:23:04 - INFO - epoch-318, train_loss-0.0966, train_rmse-0.3109, valid_rmse-1.2128, valid_pr-0.7732
2023-10-08 07:25:31 - INFO - epoch-319, train_loss-0.1016, train_rmse-0.3187, valid_rmse-1.1815, valid_pr-0.7744
2023-10-08 07:28:16 - INFO - epoch-320, train_loss-0.1005, train_rmse-0.3171, valid_rmse-1.1863, valid_pr-0.7735
2023-10-08 07:30:35 - INFO - epoch-321, train_loss-0.0901, train_rmse-0.3002, valid_rmse-1.2005, valid_pr-0.7700
2023-10-08 07:33:11 - INFO - epoch-322, train_loss-0.0839, train_rmse-0.2896, valid_rmse-1.2000, valid_pr-0.7704
2023-10-08 07:35:46 - INFO - epoch-323, train_loss-0.0948, train_rmse-0.3079, valid_rmse-1.2100, valid_pr-0.7683
2023-10-08 07:38:17 - INFO - epoch-324, train_loss-0.1012, train_rmse-0.3181, valid_rmse-1.2247, valid_pr-0.7717
2023-10-08 07:40:51 - INFO - epoch-325, train_loss-0.0917, train_rmse-0.3029, valid_rmse-1.1848, valid_pr-0.7720
2023-10-08 07:43:10 - INFO - epoch-326, train_loss-0.0938, train_rmse-0.3062, valid_rmse-1.1992, valid_pr-0.7721
2023-10-08 07:45:37 - INFO - epoch-327, train_loss-0.0851, train_rmse-0.2918, valid_rmse-1.1778, valid_pr-0.7741
2023-10-08 07:48:18 - INFO - epoch-328, train_loss-0.1032, train_rmse-0.3213, valid_rmse-1.1804, valid_pr-0.7734
2023-10-08 07:51:04 - INFO - epoch-329, train_loss-0.0927, train_rmse-0.3044, valid_rmse-1.2168, valid_pr-0.7758
2023-10-08 07:53:28 - INFO - epoch-330, train_loss-0.0904, train_rmse-0.3007, valid_rmse-1.1713, valid_pr-0.7781
2023-10-08 07:55:46 - INFO - epoch-331, train_loss-0.0991, train_rmse-0.3148, valid_rmse-1.1905, valid_pr-0.7747
2023-10-08 07:58:15 - INFO - epoch-332, train_loss-0.0901, train_rmse-0.3001, valid_rmse-1.1812, valid_pr-0.7735
2023-10-08 08:00:43 - INFO - epoch-333, train_loss-0.0981, train_rmse-0.3132, valid_rmse-1.1856, valid_pr-0.7782
2023-10-08 08:03:03 - INFO - epoch-334, train_loss-0.0905, train_rmse-0.3008, valid_rmse-1.2128, valid_pr-0.7617
2023-10-08 08:05:42 - INFO - epoch-335, train_loss-0.1092, train_rmse-0.3305, valid_rmse-1.1734, valid_pr-0.7765
2023-10-08 08:08:17 - INFO - epoch-336, train_loss-0.0969, train_rmse-0.3113, valid_rmse-1.1873, valid_pr-0.7735
2023-10-08 08:10:40 - INFO - epoch-337, train_loss-0.1007, train_rmse-0.3173, valid_rmse-1.2120, valid_pr-0.7777
2023-10-08 08:13:01 - INFO - epoch-338, train_loss-0.0827, train_rmse-0.2876, valid_rmse-1.1857, valid_pr-0.7734
2023-10-08 08:15:34 - INFO - epoch-339, train_loss-0.0823, train_rmse-0.2869, valid_rmse-1.1769, valid_pr-0.7746
2023-10-08 08:17:58 - INFO - epoch-340, train_loss-0.0990, train_rmse-0.3147, valid_rmse-1.1810, valid_pr-0.7783
2023-10-08 08:20:38 - INFO - epoch-341, train_loss-0.0956, train_rmse-0.3091, valid_rmse-1.2102, valid_pr-0.7748
2023-10-08 08:23:07 - INFO - epoch-342, train_loss-0.0976, train_rmse-0.3124, valid_rmse-1.1840, valid_pr-0.7736
2023-10-08 08:25:34 - INFO - epoch-343, train_loss-0.0856, train_rmse-0.2925, valid_rmse-1.1803, valid_pr-0.7749
2023-10-08 08:28:07 - INFO - epoch-344, train_loss-0.0995, train_rmse-0.3155, valid_rmse-1.1920, valid_pr-0.7724
2023-10-08 08:31:01 - INFO - epoch-345, train_loss-0.0972, train_rmse-0.3118, valid_rmse-1.1923, valid_pr-0.7743
2023-10-08 08:33:41 - INFO - epoch-346, train_loss-0.0966, train_rmse-0.3108, valid_rmse-1.1828, valid_pr-0.7767
2023-10-08 08:36:47 - INFO - epoch-347, train_loss-0.0866, train_rmse-0.2943, valid_rmse-1.1954, valid_pr-0.7699
2023-10-08 08:39:27 - INFO - epoch-348, train_loss-0.0968, train_rmse-0.3112, valid_rmse-1.1741, valid_pr-0.7758
2023-10-08 08:42:00 - INFO - epoch-349, train_loss-0.0825, train_rmse-0.2871, valid_rmse-1.1889, valid_pr-0.7803
2023-10-08 08:44:33 - INFO - epoch-350, train_loss-0.0839, train_rmse-0.2896, valid_rmse-1.1758, valid_pr-0.7762
2023-10-08 08:46:58 - INFO - epoch-351, train_loss-0.1007, train_rmse-0.3174, valid_rmse-1.1785, valid_pr-0.7765
2023-10-08 08:50:31 - INFO - epoch-352, train_loss-0.0884, train_rmse-0.2973, valid_rmse-1.1961, valid_pr-0.7721
2023-10-08 08:53:01 - INFO - epoch-353, train_loss-0.0991, train_rmse-0.3148, valid_rmse-1.1747, valid_pr-0.7778
2023-10-08 08:55:51 - INFO - epoch-354, train_loss-0.0914, train_rmse-0.3024, valid_rmse-1.1854, valid_pr-0.7761
2023-10-08 08:58:20 - INFO - epoch-355, train_loss-0.0960, train_rmse-0.3099, valid_rmse-1.2085, valid_pr-0.7723
2023-10-08 09:01:05 - INFO - epoch-356, train_loss-0.0883, train_rmse-0.2972, valid_rmse-1.1751, valid_pr-0.7782
2023-10-08 09:03:48 - INFO - epoch-357, train_loss-0.0885, train_rmse-0.2974, valid_rmse-1.1692, valid_pr-0.7780
2023-10-08 09:06:49 - INFO - epoch-358, train_loss-0.0993, train_rmse-0.3151, valid_rmse-1.1988, valid_pr-0.7700
2023-10-08 09:09:32 - INFO - epoch-359, train_loss-0.0919, train_rmse-0.3032, valid_rmse-1.1782, valid_pr-0.7773
2023-10-08 09:12:06 - INFO - epoch-360, train_loss-0.0807, train_rmse-0.2841, valid_rmse-1.1933, valid_pr-0.7775
2023-10-08 09:14:51 - INFO - epoch-361, train_loss-0.0963, train_rmse-0.3103, valid_rmse-1.1805, valid_pr-0.7763
2023-10-08 09:17:35 - INFO - epoch-362, train_loss-0.0863, train_rmse-0.2938, valid_rmse-1.1849, valid_pr-0.7725
2023-10-08 09:20:33 - INFO - epoch-363, train_loss-0.0848, train_rmse-0.2911, valid_rmse-1.1866, valid_pr-0.7712
2023-10-08 09:23:20 - INFO - epoch-364, train_loss-0.0926, train_rmse-0.3043, valid_rmse-1.1785, valid_pr-0.7783
2023-10-08 09:32:45 - INFO - epoch-365, train_loss-0.0853, train_rmse-0.2921, valid_rmse-1.1829, valid_pr-0.7753
2023-10-08 09:35:45 - INFO - epoch-366, train_loss-0.0897, train_rmse-0.2996, valid_rmse-1.2226, valid_pr-0.7654
2023-10-08 09:39:22 - INFO - epoch-367, train_loss-0.1068, train_rmse-0.3268, valid_rmse-1.2072, valid_pr-0.7743
2023-10-08 09:43:02 - INFO - epoch-368, train_loss-0.0859, train_rmse-0.2932, valid_rmse-1.1786, valid_pr-0.7742
2023-10-08 09:46:10 - INFO - epoch-369, train_loss-0.0795, train_rmse-0.2819, valid_rmse-1.1823, valid_pr-0.7765
2023-10-08 09:49:09 - INFO - epoch-370, train_loss-0.0794, train_rmse-0.2818, valid_rmse-1.1823, valid_pr-0.7733
2023-10-08 09:51:52 - INFO - epoch-371, train_loss-0.0855, train_rmse-0.2925, valid_rmse-1.1828, valid_pr-0.7742
2023-10-08 09:54:59 - INFO - epoch-372, train_loss-0.0855, train_rmse-0.2924, valid_rmse-1.2037, valid_pr-0.7684
2023-10-08 09:57:45 - INFO - epoch-373, train_loss-0.0875, train_rmse-0.2958, valid_rmse-1.1749, valid_pr-0.7787
2023-10-08 09:57:45 - INFO - early stop in epoch 373
2023-10-08 09:57:45 - INFO - best_rmse: 1.1663
2023-10-08 09:59:21 - INFO - valid_rmse-1.1663, valid_pr-0.7788, test2016_rmse-1.1577, test2016_pr-0.8571,
