2023-10-07 23:18:35 - INFO - train_ConBAP.py
2023-10-07 23:18:35 - INFO - train data: 11693
2023-10-07 23:18:35 - INFO - valid data: 983
2023-10-07 23:18:35 - INFO - test2016 data: 285
2023-10-07 23:20:54 - INFO - epoch-0, train_loss-42.6672, train_rmse-6.5320, valid_rmse-6.9117, valid_pr-0.5599
2023-10-07 23:23:37 - INFO - epoch-1, train_loss-39.1782, train_rmse-6.2592, valid_rmse-7.4971, valid_pr-0.4410
2023-10-07 23:26:20 - INFO - epoch-2, train_loss-33.3947, train_rmse-5.7788, valid_rmse-4.1093, valid_pr-0.5638
2023-10-07 23:29:05 - INFO - epoch-3, train_loss-25.1572, train_rmse-5.0157, valid_rmse-3.8300, valid_pr-0.5548
2023-10-07 23:31:38 - INFO - epoch-4, train_loss-16.6349, train_rmse-4.0786, valid_rmse-4.4971, valid_pr-0.6183
2023-10-07 23:34:15 - INFO - epoch-5, train_loss-9.9938, train_rmse-3.1613, valid_rmse-2.8124, valid_pr-0.4982
2023-10-07 23:37:12 - INFO - epoch-6, train_loss-5.8141, train_rmse-2.4112, valid_rmse-1.8540, valid_pr-0.6145
2023-10-07 23:39:36 - INFO - epoch-7, train_loss-3.9332, train_rmse-1.9832, valid_rmse-2.5505, valid_pr-0.5762
2023-10-07 23:42:16 - INFO - epoch-8, train_loss-2.9924, train_rmse-1.7299, valid_rmse-1.9174, valid_pr-0.5842
2023-10-07 23:45:07 - INFO - epoch-9, train_loss-2.5351, train_rmse-1.5922, valid_rmse-1.7348, valid_pr-0.3695
2023-10-07 23:47:41 - INFO - epoch-10, train_loss-2.3702, train_rmse-1.5395, valid_rmse-1.5721, valid_pr-0.5915
2023-10-07 23:50:14 - INFO - epoch-11, train_loss-2.3172, train_rmse-1.5222, valid_rmse-1.4170, valid_pr-0.6502
2023-10-07 23:52:41 - INFO - epoch-12, train_loss-2.2750, train_rmse-1.5083, valid_rmse-1.5946, valid_pr-0.6410
2023-10-07 23:55:23 - INFO - epoch-13, train_loss-2.2594, train_rmse-1.5031, valid_rmse-1.4559, valid_pr-0.6448
2023-10-07 23:58:02 - INFO - epoch-14, train_loss-2.1297, train_rmse-1.4593, valid_rmse-1.4112, valid_pr-0.6521
2023-10-08 00:00:39 - INFO - epoch-15, train_loss-2.1037, train_rmse-1.4504, valid_rmse-1.4249, valid_pr-0.6516
2023-10-08 00:03:04 - INFO - epoch-16, train_loss-2.0291, train_rmse-1.4245, valid_rmse-1.4216, valid_pr-0.6500
2023-10-08 00:05:48 - INFO - epoch-17, train_loss-2.0009, train_rmse-1.4145, valid_rmse-1.4182, valid_pr-0.6464
2023-10-08 00:08:01 - INFO - epoch-18, train_loss-1.9784, train_rmse-1.4066, valid_rmse-1.3875, valid_pr-0.6742
2023-10-08 00:10:48 - INFO - epoch-19, train_loss-1.9566, train_rmse-1.3988, valid_rmse-1.4127, valid_pr-0.6772
2023-10-08 00:13:14 - INFO - epoch-20, train_loss-1.9192, train_rmse-1.3854, valid_rmse-1.4182, valid_pr-0.6545
2023-10-08 00:15:58 - INFO - epoch-21, train_loss-1.8875, train_rmse-1.3739, valid_rmse-1.3471, valid_pr-0.6938
2023-10-08 00:18:30 - INFO - epoch-22, train_loss-1.8816, train_rmse-1.3717, valid_rmse-1.3602, valid_pr-0.6839
2023-10-08 00:21:11 - INFO - epoch-23, train_loss-1.8697, train_rmse-1.3674, valid_rmse-1.5897, valid_pr-0.6587
2023-10-08 00:23:25 - INFO - epoch-24, train_loss-1.8650, train_rmse-1.3656, valid_rmse-1.4975, valid_pr-0.6828
2023-10-08 00:26:02 - INFO - epoch-25, train_loss-1.8214, train_rmse-1.3496, valid_rmse-1.4084, valid_pr-0.6681
2023-10-08 00:28:23 - INFO - epoch-26, train_loss-1.7907, train_rmse-1.3382, valid_rmse-1.4281, valid_pr-0.6854
2023-10-08 00:31:15 - INFO - epoch-27, train_loss-1.7530, train_rmse-1.3240, valid_rmse-1.4061, valid_pr-0.7045
2023-10-08 00:33:41 - INFO - epoch-28, train_loss-1.7653, train_rmse-1.3287, valid_rmse-1.3633, valid_pr-0.7095
2023-10-08 00:36:19 - INFO - epoch-29, train_loss-1.7028, train_rmse-1.3049, valid_rmse-1.8453, valid_pr-0.6724
2023-10-08 00:38:45 - INFO - epoch-30, train_loss-1.6965, train_rmse-1.3025, valid_rmse-1.3323, valid_pr-0.7012
2023-10-08 00:41:24 - INFO - epoch-31, train_loss-1.6610, train_rmse-1.2888, valid_rmse-1.3608, valid_pr-0.7052
2023-10-08 00:44:06 - INFO - epoch-32, train_loss-1.6345, train_rmse-1.2785, valid_rmse-1.3084, valid_pr-0.7189
2023-10-08 00:46:58 - INFO - epoch-33, train_loss-1.5645, train_rmse-1.2508, valid_rmse-1.4511, valid_pr-0.7307
2023-10-08 00:49:13 - INFO - epoch-34, train_loss-1.5684, train_rmse-1.2524, valid_rmse-1.3102, valid_pr-0.7215
2023-10-08 00:51:51 - INFO - epoch-35, train_loss-1.5409, train_rmse-1.2413, valid_rmse-1.3160, valid_pr-0.7341
2023-10-08 00:54:24 - INFO - epoch-36, train_loss-1.5115, train_rmse-1.2294, valid_rmse-1.3887, valid_pr-0.7141
2023-10-08 00:57:01 - INFO - epoch-37, train_loss-1.4755, train_rmse-1.2147, valid_rmse-1.5021, valid_pr-0.7022
2023-10-08 00:59:45 - INFO - epoch-38, train_loss-1.4637, train_rmse-1.2098, valid_rmse-1.3604, valid_pr-0.7096
2023-10-08 01:02:13 - INFO - epoch-39, train_loss-1.4226, train_rmse-1.1927, valid_rmse-1.2949, valid_pr-0.7312
2023-10-08 01:04:41 - INFO - epoch-40, train_loss-1.4198, train_rmse-1.1916, valid_rmse-1.3383, valid_pr-0.7074
2023-10-08 01:07:05 - INFO - epoch-41, train_loss-1.3881, train_rmse-1.1782, valid_rmse-1.3284, valid_pr-0.7343
2023-10-08 01:09:51 - INFO - epoch-42, train_loss-1.3175, train_rmse-1.1478, valid_rmse-1.5430, valid_pr-0.7051
2023-10-08 01:12:22 - INFO - epoch-43, train_loss-1.2794, train_rmse-1.1311, valid_rmse-1.2849, valid_pr-0.7292
2023-10-08 01:14:46 - INFO - epoch-44, train_loss-1.2596, train_rmse-1.1223, valid_rmse-1.3066, valid_pr-0.7271
2023-10-08 01:17:27 - INFO - epoch-45, train_loss-1.2346, train_rmse-1.1111, valid_rmse-1.2951, valid_pr-0.7283
2023-10-08 01:20:02 - INFO - epoch-46, train_loss-1.2003, train_rmse-1.0956, valid_rmse-1.4563, valid_pr-0.7071
2023-10-08 01:22:41 - INFO - epoch-47, train_loss-1.1883, train_rmse-1.0901, valid_rmse-1.3018, valid_pr-0.7333
2023-10-08 01:25:09 - INFO - epoch-48, train_loss-1.1599, train_rmse-1.0770, valid_rmse-1.3804, valid_pr-0.7322
2023-10-08 01:28:12 - INFO - epoch-49, train_loss-1.1061, train_rmse-1.0517, valid_rmse-1.2858, valid_pr-0.7251
2023-10-08 01:30:35 - INFO - epoch-50, train_loss-1.0504, train_rmse-1.0249, valid_rmse-1.3042, valid_pr-0.7342
2023-10-08 01:33:22 - INFO - epoch-51, train_loss-1.0395, train_rmse-1.0195, valid_rmse-1.2886, valid_pr-0.7267
2023-10-08 01:35:55 - INFO - epoch-52, train_loss-0.9843, train_rmse-0.9921, valid_rmse-1.3424, valid_pr-0.7147
2023-10-08 01:38:16 - INFO - epoch-53, train_loss-0.9545, train_rmse-0.9770, valid_rmse-1.5923, valid_pr-0.7096
2023-10-08 01:41:10 - INFO - epoch-54, train_loss-0.9213, train_rmse-0.9598, valid_rmse-1.2944, valid_pr-0.7183
2023-10-08 01:43:47 - INFO - epoch-55, train_loss-0.9079, train_rmse-0.9528, valid_rmse-1.3098, valid_pr-0.7325
2023-10-08 01:46:53 - INFO - epoch-56, train_loss-0.8723, train_rmse-0.9340, valid_rmse-1.5569, valid_pr-0.7129
2023-10-08 01:49:37 - INFO - epoch-57, train_loss-0.8087, train_rmse-0.8993, valid_rmse-1.5469, valid_pr-0.7206
2023-10-08 01:52:31 - INFO - epoch-58, train_loss-0.7832, train_rmse-0.8850, valid_rmse-1.4246, valid_pr-0.7176
2023-10-08 01:55:11 - INFO - epoch-59, train_loss-0.7895, train_rmse-0.8885, valid_rmse-1.4270, valid_pr-0.7116
2023-10-08 01:57:59 - INFO - epoch-60, train_loss-0.7412, train_rmse-0.8610, valid_rmse-1.3081, valid_pr-0.7178
2023-10-08 02:00:36 - INFO - epoch-61, train_loss-0.6906, train_rmse-0.8310, valid_rmse-1.3118, valid_pr-0.7336
2023-10-08 02:02:53 - INFO - epoch-62, train_loss-0.6723, train_rmse-0.8199, valid_rmse-1.5776, valid_pr-0.7318
2023-10-08 02:05:42 - INFO - epoch-63, train_loss-0.6452, train_rmse-0.8032, valid_rmse-1.3015, valid_pr-0.7256
2023-10-08 02:08:11 - INFO - epoch-64, train_loss-0.6350, train_rmse-0.7969, valid_rmse-1.4549, valid_pr-0.7022
2023-10-08 02:10:46 - INFO - epoch-65, train_loss-0.5796, train_rmse-0.7613, valid_rmse-1.3580, valid_pr-0.7169
2023-10-08 02:13:37 - INFO - epoch-66, train_loss-0.5616, train_rmse-0.7494, valid_rmse-1.3034, valid_pr-0.7322
2023-10-08 02:16:24 - INFO - epoch-67, train_loss-0.5292, train_rmse-0.7275, valid_rmse-1.3092, valid_pr-0.7154
2023-10-08 02:18:55 - INFO - epoch-68, train_loss-0.4985, train_rmse-0.7061, valid_rmse-1.3666, valid_pr-0.7262
2023-10-08 02:21:39 - INFO - epoch-69, train_loss-0.4888, train_rmse-0.6991, valid_rmse-1.4238, valid_pr-0.7323
2023-10-08 02:24:23 - INFO - epoch-70, train_loss-0.4729, train_rmse-0.6877, valid_rmse-1.5979, valid_pr-0.7383
2023-10-08 02:26:55 - INFO - epoch-71, train_loss-0.4514, train_rmse-0.6719, valid_rmse-1.3656, valid_pr-0.7141
2023-10-08 02:29:03 - INFO - epoch-72, train_loss-0.4188, train_rmse-0.6471, valid_rmse-1.6329, valid_pr-0.7176
2023-10-08 02:31:56 - INFO - epoch-73, train_loss-0.4218, train_rmse-0.6494, valid_rmse-1.4841, valid_pr-0.7218
2023-10-08 02:34:22 - INFO - epoch-74, train_loss-0.4024, train_rmse-0.6344, valid_rmse-1.3233, valid_pr-0.7270
2023-10-08 02:36:58 - INFO - epoch-75, train_loss-0.3998, train_rmse-0.6323, valid_rmse-1.4518, valid_pr-0.7176
2023-10-08 02:39:40 - INFO - epoch-76, train_loss-0.3580, train_rmse-0.5983, valid_rmse-1.3684, valid_pr-0.7231
2023-10-08 02:42:32 - INFO - epoch-77, train_loss-0.3561, train_rmse-0.5967, valid_rmse-1.3243, valid_pr-0.7354
2023-10-08 02:45:07 - INFO - epoch-78, train_loss-0.3429, train_rmse-0.5856, valid_rmse-1.3108, valid_pr-0.7360
2023-10-08 02:47:25 - INFO - epoch-79, train_loss-0.3177, train_rmse-0.5637, valid_rmse-1.5644, valid_pr-0.7232
2023-10-08 02:50:00 - INFO - epoch-80, train_loss-0.3339, train_rmse-0.5778, valid_rmse-1.3148, valid_pr-0.7177
2023-10-08 02:52:44 - INFO - epoch-81, train_loss-0.2901, train_rmse-0.5386, valid_rmse-1.5148, valid_pr-0.7238
2023-10-08 02:55:07 - INFO - epoch-82, train_loss-0.2838, train_rmse-0.5327, valid_rmse-1.3386, valid_pr-0.7220
2023-10-08 02:57:38 - INFO - epoch-83, train_loss-0.2814, train_rmse-0.5305, valid_rmse-1.3067, valid_pr-0.7233
2023-10-08 02:59:53 - INFO - epoch-84, train_loss-0.2937, train_rmse-0.5420, valid_rmse-1.4368, valid_pr-0.7114
2023-10-08 03:02:30 - INFO - epoch-85, train_loss-0.2988, train_rmse-0.5467, valid_rmse-1.4694, valid_pr-0.7267
2023-10-08 03:05:21 - INFO - epoch-86, train_loss-0.2836, train_rmse-0.5325, valid_rmse-1.3203, valid_pr-0.7225
2023-10-08 03:08:25 - INFO - epoch-87, train_loss-0.2664, train_rmse-0.5162, valid_rmse-1.4236, valid_pr-0.7276
2023-10-08 03:10:56 - INFO - epoch-88, train_loss-0.2576, train_rmse-0.5076, valid_rmse-1.3564, valid_pr-0.7083
2023-10-08 03:13:38 - INFO - epoch-89, train_loss-0.2625, train_rmse-0.5123, valid_rmse-1.3371, valid_pr-0.7154
2023-10-08 03:16:12 - INFO - epoch-90, train_loss-0.2675, train_rmse-0.5172, valid_rmse-1.3348, valid_pr-0.7169
2023-10-08 03:18:57 - INFO - epoch-91, train_loss-0.2795, train_rmse-0.5286, valid_rmse-1.3553, valid_pr-0.7299
2023-10-08 03:21:10 - INFO - epoch-92, train_loss-0.2493, train_rmse-0.4993, valid_rmse-1.3275, valid_pr-0.7336
2023-10-08 03:23:43 - INFO - epoch-93, train_loss-0.2325, train_rmse-0.4822, valid_rmse-1.4283, valid_pr-0.7161
2023-10-08 03:26:12 - INFO - epoch-94, train_loss-0.2235, train_rmse-0.4727, valid_rmse-1.3277, valid_pr-0.7204
2023-10-08 03:29:03 - INFO - epoch-95, train_loss-0.2534, train_rmse-0.5034, valid_rmse-1.3213, valid_pr-0.7135
2023-10-08 03:31:21 - INFO - epoch-96, train_loss-0.2218, train_rmse-0.4710, valid_rmse-1.4056, valid_pr-0.7194
2023-10-08 03:33:53 - INFO - epoch-97, train_loss-0.2039, train_rmse-0.4516, valid_rmse-1.3411, valid_pr-0.7121
2023-10-08 03:36:38 - INFO - epoch-98, train_loss-0.2168, train_rmse-0.4656, valid_rmse-1.4098, valid_pr-0.7291
2023-10-08 03:39:10 - INFO - epoch-99, train_loss-0.2177, train_rmse-0.4666, valid_rmse-1.4568, valid_pr-0.7270
2023-10-08 03:41:58 - INFO - epoch-100, train_loss-0.2050, train_rmse-0.4528, valid_rmse-1.3252, valid_pr-0.7229
2023-10-08 03:44:19 - INFO - epoch-101, train_loss-0.2211, train_rmse-0.4702, valid_rmse-1.3546, valid_pr-0.7328
2023-10-08 03:46:43 - INFO - epoch-102, train_loss-0.2001, train_rmse-0.4473, valid_rmse-1.3118, valid_pr-0.7285
2023-10-08 03:49:23 - INFO - epoch-103, train_loss-0.1895, train_rmse-0.4353, valid_rmse-1.3129, valid_pr-0.7273
2023-10-08 03:52:12 - INFO - epoch-104, train_loss-0.1952, train_rmse-0.4418, valid_rmse-1.2881, valid_pr-0.7358
2023-10-08 03:54:39 - INFO - epoch-105, train_loss-0.1876, train_rmse-0.4332, valid_rmse-1.4127, valid_pr-0.7231
2023-10-08 03:57:13 - INFO - epoch-106, train_loss-0.1910, train_rmse-0.4370, valid_rmse-1.3024, valid_pr-0.7287
2023-10-08 03:59:37 - INFO - epoch-107, train_loss-0.2072, train_rmse-0.4552, valid_rmse-1.3095, valid_pr-0.7286
2023-10-08 04:02:09 - INFO - epoch-108, train_loss-0.2097, train_rmse-0.4580, valid_rmse-1.4625, valid_pr-0.7295
2023-10-08 04:05:00 - INFO - epoch-109, train_loss-0.1886, train_rmse-0.4342, valid_rmse-1.2953, valid_pr-0.7306
2023-10-08 04:07:52 - INFO - epoch-110, train_loss-0.1653, train_rmse-0.4066, valid_rmse-1.2736, valid_pr-0.7402
2023-10-08 04:10:55 - INFO - epoch-111, train_loss-0.1730, train_rmse-0.4159, valid_rmse-1.2926, valid_pr-0.7251
2023-10-08 04:13:16 - INFO - epoch-112, train_loss-0.1856, train_rmse-0.4308, valid_rmse-1.3483, valid_pr-0.7290
2023-10-08 04:15:31 - INFO - epoch-113, train_loss-0.1754, train_rmse-0.4188, valid_rmse-1.3410, valid_pr-0.7297
2023-10-08 04:18:05 - INFO - epoch-114, train_loss-0.1749, train_rmse-0.4182, valid_rmse-1.3050, valid_pr-0.7256
2023-10-08 04:20:33 - INFO - epoch-115, train_loss-0.1594, train_rmse-0.3992, valid_rmse-1.3291, valid_pr-0.7246
2023-10-08 04:23:08 - INFO - epoch-116, train_loss-0.1751, train_rmse-0.4184, valid_rmse-1.3030, valid_pr-0.7186
2023-10-08 04:25:49 - INFO - epoch-117, train_loss-0.1752, train_rmse-0.4185, valid_rmse-1.3195, valid_pr-0.7242
2023-10-08 04:28:23 - INFO - epoch-118, train_loss-0.1720, train_rmse-0.4148, valid_rmse-1.4024, valid_pr-0.7238
2023-10-08 04:31:19 - INFO - epoch-119, train_loss-0.1817, train_rmse-0.4262, valid_rmse-1.3155, valid_pr-0.7297
2023-10-08 04:33:49 - INFO - epoch-120, train_loss-0.1646, train_rmse-0.4058, valid_rmse-1.4489, valid_pr-0.7308
2023-10-08 04:36:22 - INFO - epoch-121, train_loss-0.1718, train_rmse-0.4145, valid_rmse-1.2856, valid_pr-0.7368
2023-10-08 04:38:49 - INFO - epoch-122, train_loss-0.1543, train_rmse-0.3929, valid_rmse-1.3379, valid_pr-0.7266
2023-10-08 04:41:07 - INFO - epoch-123, train_loss-0.1692, train_rmse-0.4113, valid_rmse-1.3268, valid_pr-0.7336
2023-10-08 04:43:32 - INFO - epoch-124, train_loss-0.1544, train_rmse-0.3929, valid_rmse-1.3275, valid_pr-0.7342
2023-10-08 04:45:44 - INFO - epoch-125, train_loss-0.1788, train_rmse-0.4228, valid_rmse-1.3090, valid_pr-0.7303
2023-10-08 04:48:10 - INFO - epoch-126, train_loss-0.1676, train_rmse-0.4094, valid_rmse-1.3071, valid_pr-0.7262
2023-10-08 04:52:21 - INFO - epoch-127, train_loss-0.1637, train_rmse-0.4046, valid_rmse-1.3441, valid_pr-0.7324
2023-10-08 04:55:37 - INFO - epoch-128, train_loss-0.1504, train_rmse-0.3878, valid_rmse-1.2667, valid_pr-0.7426
2023-10-08 04:59:10 - INFO - epoch-129, train_loss-0.1432, train_rmse-0.3784, valid_rmse-1.3222, valid_pr-0.7338
2023-10-08 05:01:32 - INFO - epoch-130, train_loss-0.1428, train_rmse-0.3779, valid_rmse-1.3617, valid_pr-0.7411
2023-10-08 05:04:13 - INFO - epoch-131, train_loss-0.1523, train_rmse-0.3903, valid_rmse-1.2929, valid_pr-0.7365
2023-10-08 05:07:02 - INFO - epoch-132, train_loss-0.1581, train_rmse-0.3976, valid_rmse-1.2709, valid_pr-0.7383
2023-10-08 05:09:33 - INFO - epoch-133, train_loss-0.1517, train_rmse-0.3895, valid_rmse-1.2629, valid_pr-0.7375
2023-10-08 05:12:24 - INFO - epoch-134, train_loss-0.1535, train_rmse-0.3917, valid_rmse-1.2925, valid_pr-0.7359
2023-10-08 05:14:46 - INFO - epoch-135, train_loss-0.1396, train_rmse-0.3736, valid_rmse-1.3724, valid_pr-0.7335
2023-10-08 05:17:03 - INFO - epoch-136, train_loss-0.1339, train_rmse-0.3660, valid_rmse-1.3125, valid_pr-0.7392
2023-10-08 05:19:46 - INFO - epoch-137, train_loss-0.1414, train_rmse-0.3761, valid_rmse-1.2899, valid_pr-0.7363
2023-10-08 05:22:46 - INFO - epoch-138, train_loss-0.1417, train_rmse-0.3764, valid_rmse-1.3693, valid_pr-0.7428
2023-10-08 05:25:03 - INFO - epoch-139, train_loss-0.1426, train_rmse-0.3776, valid_rmse-1.2814, valid_pr-0.7450
2023-10-08 05:27:32 - INFO - epoch-140, train_loss-0.1446, train_rmse-0.3802, valid_rmse-1.2848, valid_pr-0.7332
2023-10-08 05:30:23 - INFO - epoch-141, train_loss-0.1550, train_rmse-0.3937, valid_rmse-1.2560, valid_pr-0.7492
2023-10-08 05:34:08 - INFO - epoch-142, train_loss-0.1440, train_rmse-0.3795, valid_rmse-1.4248, valid_pr-0.7338
2023-10-08 05:36:50 - INFO - epoch-143, train_loss-0.1530, train_rmse-0.3911, valid_rmse-1.2827, valid_pr-0.7386
2023-10-08 05:40:03 - INFO - epoch-144, train_loss-0.1363, train_rmse-0.3692, valid_rmse-1.3137, valid_pr-0.7386
2023-10-08 05:43:31 - INFO - epoch-145, train_loss-0.1351, train_rmse-0.3676, valid_rmse-1.2854, valid_pr-0.7346
2023-10-08 05:46:27 - INFO - epoch-146, train_loss-0.1320, train_rmse-0.3633, valid_rmse-1.3200, valid_pr-0.7385
2023-10-08 05:48:54 - INFO - epoch-147, train_loss-0.1541, train_rmse-0.3925, valid_rmse-1.2957, valid_pr-0.7386
2023-10-08 05:51:51 - INFO - epoch-148, train_loss-0.1486, train_rmse-0.3855, valid_rmse-1.2711, valid_pr-0.7386
2023-10-08 05:54:59 - INFO - epoch-149, train_loss-0.1365, train_rmse-0.3695, valid_rmse-1.2542, valid_pr-0.7489
2023-10-08 05:57:32 - INFO - epoch-150, train_loss-0.1411, train_rmse-0.3756, valid_rmse-1.2817, valid_pr-0.7467
2023-10-08 06:00:31 - INFO - epoch-151, train_loss-0.1417, train_rmse-0.3764, valid_rmse-1.2842, valid_pr-0.7390
2023-10-08 06:03:00 - INFO - epoch-152, train_loss-0.1486, train_rmse-0.3855, valid_rmse-1.2857, valid_pr-0.7409
2023-10-08 06:05:29 - INFO - epoch-153, train_loss-0.1321, train_rmse-0.3635, valid_rmse-1.2540, valid_pr-0.7432
2023-10-08 06:08:20 - INFO - epoch-154, train_loss-0.1303, train_rmse-0.3610, valid_rmse-1.3042, valid_pr-0.7354
2023-10-08 06:10:50 - INFO - epoch-155, train_loss-0.1343, train_rmse-0.3665, valid_rmse-1.2957, valid_pr-0.7372
2023-10-08 06:13:26 - INFO - epoch-156, train_loss-0.1519, train_rmse-0.3898, valid_rmse-1.2684, valid_pr-0.7373
2023-10-08 06:16:06 - INFO - epoch-157, train_loss-0.1463, train_rmse-0.3825, valid_rmse-1.2877, valid_pr-0.7434
2023-10-08 06:19:16 - INFO - epoch-158, train_loss-0.1336, train_rmse-0.3655, valid_rmse-1.2674, valid_pr-0.7440
2023-10-08 06:21:29 - INFO - epoch-159, train_loss-0.1269, train_rmse-0.3562, valid_rmse-1.3007, valid_pr-0.7404
2023-10-08 06:24:13 - INFO - epoch-160, train_loss-0.1278, train_rmse-0.3575, valid_rmse-1.2626, valid_pr-0.7397
2023-10-08 06:26:40 - INFO - epoch-161, train_loss-0.1381, train_rmse-0.3716, valid_rmse-1.2831, valid_pr-0.7326
2023-10-08 06:28:59 - INFO - epoch-162, train_loss-0.1194, train_rmse-0.3456, valid_rmse-1.3008, valid_pr-0.7383
2023-10-08 06:31:36 - INFO - epoch-163, train_loss-0.1387, train_rmse-0.3725, valid_rmse-1.2618, valid_pr-0.7427
2023-10-08 06:34:05 - INFO - epoch-164, train_loss-0.1170, train_rmse-0.3421, valid_rmse-1.2779, valid_pr-0.7409
2023-10-08 06:36:27 - INFO - epoch-165, train_loss-0.1355, train_rmse-0.3682, valid_rmse-1.2730, valid_pr-0.7413
2023-10-08 06:38:58 - INFO - epoch-166, train_loss-0.1564, train_rmse-0.3954, valid_rmse-1.3171, valid_pr-0.7392
2023-10-08 06:41:44 - INFO - epoch-167, train_loss-0.1477, train_rmse-0.3843, valid_rmse-1.2569, valid_pr-0.7485
2023-10-08 06:44:37 - INFO - epoch-168, train_loss-0.1304, train_rmse-0.3611, valid_rmse-1.2465, valid_pr-0.7446
2023-10-08 06:47:35 - INFO - epoch-169, train_loss-0.1268, train_rmse-0.3561, valid_rmse-1.2588, valid_pr-0.7431
2023-10-08 06:50:24 - INFO - epoch-170, train_loss-0.1241, train_rmse-0.3523, valid_rmse-1.3190, valid_pr-0.7373
2023-10-08 06:52:36 - INFO - epoch-171, train_loss-0.1289, train_rmse-0.3590, valid_rmse-1.2676, valid_pr-0.7411
2023-10-08 06:55:11 - INFO - epoch-172, train_loss-0.1416, train_rmse-0.3763, valid_rmse-1.2645, valid_pr-0.7450
2023-10-08 06:57:16 - INFO - epoch-173, train_loss-0.1160, train_rmse-0.3406, valid_rmse-1.2815, valid_pr-0.7433
2023-10-08 06:59:49 - INFO - epoch-174, train_loss-0.1302, train_rmse-0.3608, valid_rmse-1.2646, valid_pr-0.7412
2023-10-08 07:02:31 - INFO - epoch-175, train_loss-0.1277, train_rmse-0.3574, valid_rmse-1.2582, valid_pr-0.7425
2023-10-08 07:04:55 - INFO - epoch-176, train_loss-0.1293, train_rmse-0.3596, valid_rmse-1.2532, valid_pr-0.7456
2023-10-08 07:07:34 - INFO - epoch-177, train_loss-0.1205, train_rmse-0.3471, valid_rmse-1.2574, valid_pr-0.7478
2023-10-08 07:10:12 - INFO - epoch-178, train_loss-0.1252, train_rmse-0.3538, valid_rmse-1.2725, valid_pr-0.7456
2023-10-08 07:12:36 - INFO - epoch-179, train_loss-0.1188, train_rmse-0.3447, valid_rmse-1.2511, valid_pr-0.7475
2023-10-08 07:15:12 - INFO - epoch-180, train_loss-0.1012, train_rmse-0.3181, valid_rmse-1.2423, valid_pr-0.7520
2023-10-08 07:18:03 - INFO - epoch-181, train_loss-0.1173, train_rmse-0.3425, valid_rmse-1.2607, valid_pr-0.7437
2023-10-08 07:20:52 - INFO - epoch-182, train_loss-0.1124, train_rmse-0.3352, valid_rmse-1.2552, valid_pr-0.7486
2023-10-08 07:23:13 - INFO - epoch-183, train_loss-0.1363, train_rmse-0.3692, valid_rmse-1.2507, valid_pr-0.7498
2023-10-08 07:25:35 - INFO - epoch-184, train_loss-0.1397, train_rmse-0.3738, valid_rmse-1.2474, valid_pr-0.7453
2023-10-08 07:28:30 - INFO - epoch-185, train_loss-0.1370, train_rmse-0.3702, valid_rmse-1.3182, valid_pr-0.7462
2023-10-08 07:30:49 - INFO - epoch-186, train_loss-0.1367, train_rmse-0.3698, valid_rmse-1.2867, valid_pr-0.7438
2023-10-08 07:33:41 - INFO - epoch-187, train_loss-0.1141, train_rmse-0.3378, valid_rmse-1.2553, valid_pr-0.7476
2023-10-08 07:35:59 - INFO - epoch-188, train_loss-0.1228, train_rmse-0.3504, valid_rmse-1.2588, valid_pr-0.7513
2023-10-08 07:38:42 - INFO - epoch-189, train_loss-0.1202, train_rmse-0.3467, valid_rmse-1.2635, valid_pr-0.7376
2023-10-08 07:40:58 - INFO - epoch-190, train_loss-0.1154, train_rmse-0.3397, valid_rmse-1.3319, valid_pr-0.7430
2023-10-08 07:43:39 - INFO - epoch-191, train_loss-0.1179, train_rmse-0.3433, valid_rmse-1.2513, valid_pr-0.7462
2023-10-08 07:46:07 - INFO - epoch-192, train_loss-0.1207, train_rmse-0.3474, valid_rmse-1.2893, valid_pr-0.7476
2023-10-08 07:48:19 - INFO - epoch-193, train_loss-0.1149, train_rmse-0.3389, valid_rmse-1.2809, valid_pr-0.7557
2023-10-08 07:51:04 - INFO - epoch-194, train_loss-0.1362, train_rmse-0.3690, valid_rmse-1.2532, valid_pr-0.7486
2023-10-08 07:53:29 - INFO - epoch-195, train_loss-0.1184, train_rmse-0.3440, valid_rmse-1.2873, valid_pr-0.7342
2023-10-08 07:55:45 - INFO - epoch-196, train_loss-0.1232, train_rmse-0.3510, valid_rmse-1.2434, valid_pr-0.7493
2023-10-08 07:58:17 - INFO - epoch-197, train_loss-0.1067, train_rmse-0.3266, valid_rmse-1.2426, valid_pr-0.7488
2023-10-08 08:00:48 - INFO - epoch-198, train_loss-0.1064, train_rmse-0.3262, valid_rmse-1.2375, valid_pr-0.7528
2023-10-08 08:03:16 - INFO - epoch-199, train_loss-0.1043, train_rmse-0.3229, valid_rmse-1.2474, valid_pr-0.7470
2023-10-08 08:05:44 - INFO - epoch-200, train_loss-0.0945, train_rmse-0.3074, valid_rmse-1.2856, valid_pr-0.7513
2023-10-08 08:08:18 - INFO - epoch-201, train_loss-0.1211, train_rmse-0.3480, valid_rmse-1.3267, valid_pr-0.7534
2023-10-08 08:10:39 - INFO - epoch-202, train_loss-0.1211, train_rmse-0.3480, valid_rmse-1.2394, valid_pr-0.7476
2023-10-08 08:13:01 - INFO - epoch-203, train_loss-0.1219, train_rmse-0.3492, valid_rmse-1.2470, valid_pr-0.7458
2023-10-08 08:15:41 - INFO - epoch-204, train_loss-0.1052, train_rmse-0.3244, valid_rmse-1.2811, valid_pr-0.7484
2023-10-08 08:18:20 - INFO - epoch-205, train_loss-0.1191, train_rmse-0.3452, valid_rmse-1.2523, valid_pr-0.7537
2023-10-08 08:20:46 - INFO - epoch-206, train_loss-0.1059, train_rmse-0.3254, valid_rmse-1.2472, valid_pr-0.7468
2023-10-08 08:23:16 - INFO - epoch-207, train_loss-0.1177, train_rmse-0.3431, valid_rmse-1.2336, valid_pr-0.7494
2023-10-08 08:25:45 - INFO - epoch-208, train_loss-0.1153, train_rmse-0.3395, valid_rmse-1.2459, valid_pr-0.7507
2023-10-08 08:28:30 - INFO - epoch-209, train_loss-0.1113, train_rmse-0.3335, valid_rmse-1.2711, valid_pr-0.7448
2023-10-08 08:31:07 - INFO - epoch-210, train_loss-0.1112, train_rmse-0.3335, valid_rmse-1.2346, valid_pr-0.7521
2023-10-08 08:33:46 - INFO - epoch-211, train_loss-0.1053, train_rmse-0.3245, valid_rmse-1.2336, valid_pr-0.7514
2023-10-08 08:36:47 - INFO - epoch-212, train_loss-0.1050, train_rmse-0.3240, valid_rmse-1.2384, valid_pr-0.7499
2023-10-08 08:39:28 - INFO - epoch-213, train_loss-0.1046, train_rmse-0.3234, valid_rmse-1.2338, valid_pr-0.7536
2023-10-08 08:42:01 - INFO - epoch-214, train_loss-0.1168, train_rmse-0.3418, valid_rmse-1.2384, valid_pr-0.7545
2023-10-08 08:44:33 - INFO - epoch-215, train_loss-0.1161, train_rmse-0.3408, valid_rmse-1.2096, valid_pr-0.7604
2023-10-08 08:47:04 - INFO - epoch-216, train_loss-0.1093, train_rmse-0.3306, valid_rmse-1.2751, valid_pr-0.7507
2023-10-08 08:50:35 - INFO - epoch-217, train_loss-0.1102, train_rmse-0.3319, valid_rmse-1.2360, valid_pr-0.7521
2023-10-08 08:53:03 - INFO - epoch-218, train_loss-0.1137, train_rmse-0.3373, valid_rmse-1.2661, valid_pr-0.7567
2023-10-08 08:55:51 - INFO - epoch-219, train_loss-0.1011, train_rmse-0.3180, valid_rmse-1.2543, valid_pr-0.7525
2023-10-08 08:58:20 - INFO - epoch-220, train_loss-0.1231, train_rmse-0.3509, valid_rmse-1.2770, valid_pr-0.7459
2023-10-08 09:01:04 - INFO - epoch-221, train_loss-0.1323, train_rmse-0.3637, valid_rmse-1.2309, valid_pr-0.7543
2023-10-08 09:03:48 - INFO - epoch-222, train_loss-0.1211, train_rmse-0.3481, valid_rmse-1.2299, valid_pr-0.7546
2023-10-08 09:06:51 - INFO - epoch-223, train_loss-0.1143, train_rmse-0.3381, valid_rmse-1.2688, valid_pr-0.7496
2023-10-08 09:09:34 - INFO - epoch-224, train_loss-0.1273, train_rmse-0.3567, valid_rmse-1.2299, valid_pr-0.7524
2023-10-08 09:12:08 - INFO - epoch-225, train_loss-0.1127, train_rmse-0.3356, valid_rmse-1.3258, valid_pr-0.7490
2023-10-08 09:14:51 - INFO - epoch-226, train_loss-0.0965, train_rmse-0.3107, valid_rmse-1.2285, valid_pr-0.7547
2023-10-08 09:17:35 - INFO - epoch-227, train_loss-0.1074, train_rmse-0.3276, valid_rmse-1.2457, valid_pr-0.7528
2023-10-08 09:20:33 - INFO - epoch-228, train_loss-0.0984, train_rmse-0.3137, valid_rmse-1.2389, valid_pr-0.7545
2023-10-08 09:23:21 - INFO - epoch-229, train_loss-0.1097, train_rmse-0.3312, valid_rmse-1.2381, valid_pr-0.7518
2023-10-08 09:32:43 - INFO - epoch-230, train_loss-0.1077, train_rmse-0.3282, valid_rmse-1.2296, valid_pr-0.7580
2023-10-08 09:35:44 - INFO - epoch-231, train_loss-0.1071, train_rmse-0.3273, valid_rmse-1.2420, valid_pr-0.7494
2023-10-08 09:39:20 - INFO - epoch-232, train_loss-0.1090, train_rmse-0.3302, valid_rmse-1.2417, valid_pr-0.7539
2023-10-08 09:43:02 - INFO - epoch-233, train_loss-0.1036, train_rmse-0.3219, valid_rmse-1.2152, valid_pr-0.7617
2023-10-08 09:46:10 - INFO - epoch-234, train_loss-0.0980, train_rmse-0.3131, valid_rmse-1.2301, valid_pr-0.7544
2023-10-08 09:48:59 - INFO - epoch-235, train_loss-0.1082, train_rmse-0.3290, valid_rmse-1.2300, valid_pr-0.7531
2023-10-08 09:51:48 - INFO - epoch-236, train_loss-0.0985, train_rmse-0.3139, valid_rmse-1.2319, valid_pr-0.7567
2023-10-08 09:55:01 - INFO - epoch-237, train_loss-0.1230, train_rmse-0.3507, valid_rmse-1.2313, valid_pr-0.7556
2023-10-08 09:57:49 - INFO - epoch-238, train_loss-0.1481, train_rmse-0.3848, valid_rmse-1.2595, valid_pr-0.7507
2023-10-08 10:01:22 - INFO - epoch-239, train_loss-0.1236, train_rmse-0.3516, valid_rmse-1.2307, valid_pr-0.7587
2023-10-08 10:04:32 - INFO - epoch-240, train_loss-0.1066, train_rmse-0.3265, valid_rmse-1.2332, valid_pr-0.7584
2023-10-08 10:07:59 - INFO - epoch-241, train_loss-0.1052, train_rmse-0.3243, valid_rmse-1.2231, valid_pr-0.7576
2023-10-08 10:10:53 - INFO - epoch-242, train_loss-0.0845, train_rmse-0.2907, valid_rmse-1.2440, valid_pr-0.7587
2023-10-08 10:15:41 - INFO - epoch-243, train_loss-0.0888, train_rmse-0.2980, valid_rmse-1.2164, valid_pr-0.7580
2023-10-08 10:19:08 - INFO - epoch-244, train_loss-0.1119, train_rmse-0.3345, valid_rmse-1.2570, valid_pr-0.7538
2023-10-08 10:22:07 - INFO - epoch-245, train_loss-0.1175, train_rmse-0.3428, valid_rmse-1.2290, valid_pr-0.7540
2023-10-08 10:25:02 - INFO - epoch-246, train_loss-0.1052, train_rmse-0.3243, valid_rmse-1.2446, valid_pr-0.7480
2023-10-08 10:28:05 - INFO - epoch-247, train_loss-0.1062, train_rmse-0.3259, valid_rmse-1.2528, valid_pr-0.7503
2023-10-08 10:31:19 - INFO - epoch-248, train_loss-0.1124, train_rmse-0.3353, valid_rmse-1.2321, valid_pr-0.7560
2023-10-08 10:36:06 - INFO - epoch-249, train_loss-0.1130, train_rmse-0.3362, valid_rmse-1.2252, valid_pr-0.7605
2023-10-08 10:38:46 - INFO - epoch-250, train_loss-0.1195, train_rmse-0.3458, valid_rmse-1.2253, valid_pr-0.7588
2023-10-08 10:42:10 - INFO - epoch-251, train_loss-0.1119, train_rmse-0.3344, valid_rmse-1.2159, valid_pr-0.7596
2023-10-08 10:45:17 - INFO - epoch-252, train_loss-0.0943, train_rmse-0.3071, valid_rmse-1.2405, valid_pr-0.7578
2023-10-08 10:47:55 - INFO - epoch-253, train_loss-0.0886, train_rmse-0.2976, valid_rmse-1.2255, valid_pr-0.7567
2023-10-08 10:50:23 - INFO - epoch-254, train_loss-0.1098, train_rmse-0.3314, valid_rmse-1.2139, valid_pr-0.7661
2023-10-08 10:52:57 - INFO - epoch-255, train_loss-0.1143, train_rmse-0.3381, valid_rmse-1.2217, valid_pr-0.7573
2023-10-08 10:56:08 - INFO - epoch-256, train_loss-0.1054, train_rmse-0.3247, valid_rmse-1.2243, valid_pr-0.7588
2023-10-08 10:59:14 - INFO - epoch-257, train_loss-0.0990, train_rmse-0.3146, valid_rmse-1.2473, valid_pr-0.7504
2023-10-08 11:01:37 - INFO - epoch-258, train_loss-0.1007, train_rmse-0.3173, valid_rmse-1.2126, valid_pr-0.7602
2023-10-08 11:04:57 - INFO - epoch-259, train_loss-0.0971, train_rmse-0.3115, valid_rmse-1.2331, valid_pr-0.7578
2023-10-08 11:07:47 - INFO - epoch-260, train_loss-0.0955, train_rmse-0.3090, valid_rmse-1.2268, valid_pr-0.7572
2023-10-08 11:10:33 - INFO - epoch-261, train_loss-0.1038, train_rmse-0.3222, valid_rmse-1.2374, valid_pr-0.7542
2023-10-08 11:13:57 - INFO - epoch-262, train_loss-0.1051, train_rmse-0.3243, valid_rmse-1.2267, valid_pr-0.7540
2023-10-08 11:17:06 - INFO - epoch-263, train_loss-0.0915, train_rmse-0.3025, valid_rmse-1.2238, valid_pr-0.7564
2023-10-08 11:22:27 - INFO - epoch-264, train_loss-0.1002, train_rmse-0.3165, valid_rmse-1.2323, valid_pr-0.7507
2023-10-08 11:25:33 - INFO - epoch-265, train_loss-0.1055, train_rmse-0.3249, valid_rmse-1.3265, valid_pr-0.7578
2023-10-08 11:29:09 - INFO - epoch-266, train_loss-0.1098, train_rmse-0.3313, valid_rmse-1.2269, valid_pr-0.7562
2023-10-08 11:32:13 - INFO - epoch-267, train_loss-0.0956, train_rmse-0.3092, valid_rmse-1.2216, valid_pr-0.7563
2023-10-08 11:35:36 - INFO - epoch-268, train_loss-0.1008, train_rmse-0.3175, valid_rmse-1.2270, valid_pr-0.7552
2023-10-08 11:38:37 - INFO - epoch-269, train_loss-0.1055, train_rmse-0.3248, valid_rmse-1.2145, valid_pr-0.7633
2023-10-08 11:42:48 - INFO - epoch-270, train_loss-0.1030, train_rmse-0.3210, valid_rmse-1.2239, valid_pr-0.7615
2023-10-08 11:46:25 - INFO - epoch-271, train_loss-0.0847, train_rmse-0.2910, valid_rmse-1.2313, valid_pr-0.7629
2023-10-08 11:50:09 - INFO - epoch-272, train_loss-0.0976, train_rmse-0.3124, valid_rmse-1.2379, valid_pr-0.7587
2023-10-08 11:54:42 - INFO - epoch-273, train_loss-0.0851, train_rmse-0.2917, valid_rmse-1.2135, valid_pr-0.7597
2023-10-08 11:57:33 - INFO - epoch-274, train_loss-0.1218, train_rmse-0.3490, valid_rmse-1.2424, valid_pr-0.7475
2023-10-08 12:00:47 - INFO - epoch-275, train_loss-0.1082, train_rmse-0.3289, valid_rmse-1.2383, valid_pr-0.7569
2023-10-08 12:04:16 - INFO - epoch-276, train_loss-0.1119, train_rmse-0.3345, valid_rmse-1.2436, valid_pr-0.7560
2023-10-08 12:07:31 - INFO - epoch-277, train_loss-0.0849, train_rmse-0.2915, valid_rmse-1.2279, valid_pr-0.7574
2023-10-08 12:10:53 - INFO - epoch-278, train_loss-0.1158, train_rmse-0.3403, valid_rmse-1.2480, valid_pr-0.7569
2023-10-08 12:14:09 - INFO - epoch-279, train_loss-0.0976, train_rmse-0.3125, valid_rmse-1.2421, valid_pr-0.7563
2023-10-08 12:17:31 - INFO - epoch-280, train_loss-0.0976, train_rmse-0.3124, valid_rmse-1.2145, valid_pr-0.7600
2023-10-08 12:20:45 - INFO - epoch-281, train_loss-0.0966, train_rmse-0.3108, valid_rmse-1.2443, valid_pr-0.7596
2023-10-08 12:24:07 - INFO - epoch-282, train_loss-0.1022, train_rmse-0.3197, valid_rmse-1.2208, valid_pr-0.7588
2023-10-08 12:27:31 - INFO - epoch-283, train_loss-0.1014, train_rmse-0.3184, valid_rmse-1.2692, valid_pr-0.7553
2023-10-08 12:31:19 - INFO - epoch-284, train_loss-0.1060, train_rmse-0.3255, valid_rmse-1.2322, valid_pr-0.7521
2023-10-08 12:34:57 - INFO - epoch-285, train_loss-0.1035, train_rmse-0.3218, valid_rmse-1.2100, valid_pr-0.7602
2023-10-08 12:38:08 - INFO - epoch-286, train_loss-0.0921, train_rmse-0.3035, valid_rmse-1.2181, valid_pr-0.7619
2023-10-08 12:41:13 - INFO - epoch-287, train_loss-0.0962, train_rmse-0.3101, valid_rmse-1.2146, valid_pr-0.7579
2023-10-08 12:44:18 - INFO - epoch-288, train_loss-0.0877, train_rmse-0.2961, valid_rmse-1.2190, valid_pr-0.7570
2023-10-08 12:47:22 - INFO - epoch-289, train_loss-0.0947, train_rmse-0.3078, valid_rmse-1.2619, valid_pr-0.7568
2023-10-08 12:50:24 - INFO - epoch-290, train_loss-0.1017, train_rmse-0.3188, valid_rmse-1.2192, valid_pr-0.7582
2023-10-08 12:53:19 - INFO - epoch-291, train_loss-0.0975, train_rmse-0.3123, valid_rmse-1.2335, valid_pr-0.7554
2023-10-08 12:56:39 - INFO - epoch-292, train_loss-0.0891, train_rmse-0.2985, valid_rmse-1.2101, valid_pr-0.7613
2023-10-08 13:00:10 - INFO - epoch-293, train_loss-0.0995, train_rmse-0.3155, valid_rmse-1.2137, valid_pr-0.7612
2023-10-08 13:03:44 - INFO - epoch-294, train_loss-0.0975, train_rmse-0.3122, valid_rmse-1.2188, valid_pr-0.7620
2023-10-08 13:07:06 - INFO - epoch-295, train_loss-0.1026, train_rmse-0.3203, valid_rmse-1.2220, valid_pr-0.7573
2023-10-08 13:10:30 - INFO - epoch-296, train_loss-0.0963, train_rmse-0.3104, valid_rmse-1.2218, valid_pr-0.7597
2023-10-08 13:13:27 - INFO - epoch-297, train_loss-0.1020, train_rmse-0.3194, valid_rmse-1.2074, valid_pr-0.7616
2023-10-08 13:17:02 - INFO - epoch-298, train_loss-0.1018, train_rmse-0.3191, valid_rmse-1.2189, valid_pr-0.7624
2023-10-08 13:20:11 - INFO - epoch-299, train_loss-0.1023, train_rmse-0.3199, valid_rmse-1.2222, valid_pr-0.7604
2023-10-08 13:23:26 - INFO - epoch-300, train_loss-0.0929, train_rmse-0.3048, valid_rmse-1.2139, valid_pr-0.7576
2023-10-08 13:26:20 - INFO - epoch-301, train_loss-0.0984, train_rmse-0.3137, valid_rmse-1.2261, valid_pr-0.7547
2023-10-08 13:29:13 - INFO - epoch-302, train_loss-0.1030, train_rmse-0.3209, valid_rmse-1.2307, valid_pr-0.7592
2023-10-08 13:32:23 - INFO - epoch-303, train_loss-0.0919, train_rmse-0.3031, valid_rmse-1.2237, valid_pr-0.7548
2023-10-08 13:35:31 - INFO - epoch-304, train_loss-0.1068, train_rmse-0.3267, valid_rmse-1.2197, valid_pr-0.7597
2023-10-08 13:38:31 - INFO - epoch-305, train_loss-0.1015, train_rmse-0.3186, valid_rmse-1.2304, valid_pr-0.7630
2023-10-08 13:41:41 - INFO - epoch-306, train_loss-0.0940, train_rmse-0.3065, valid_rmse-1.2429, valid_pr-0.7647
2023-10-08 13:44:32 - INFO - epoch-307, train_loss-0.1030, train_rmse-0.3210, valid_rmse-1.2558, valid_pr-0.7562
2023-10-08 13:47:32 - INFO - epoch-308, train_loss-0.1044, train_rmse-0.3231, valid_rmse-1.1964, valid_pr-0.7658
2023-10-08 13:50:52 - INFO - epoch-309, train_loss-0.1033, train_rmse-0.3214, valid_rmse-1.2277, valid_pr-0.7616
2023-10-08 13:54:15 - INFO - epoch-310, train_loss-0.0936, train_rmse-0.3059, valid_rmse-1.2030, valid_pr-0.7641
2023-10-08 13:57:13 - INFO - epoch-311, train_loss-0.0827, train_rmse-0.2875, valid_rmse-1.2115, valid_pr-0.7644
2023-10-08 14:00:11 - INFO - epoch-312, train_loss-0.0865, train_rmse-0.2941, valid_rmse-1.2031, valid_pr-0.7645
2023-10-08 14:03:14 - INFO - epoch-313, train_loss-0.0966, train_rmse-0.3107, valid_rmse-1.2127, valid_pr-0.7639
2023-10-08 14:06:38 - INFO - epoch-314, train_loss-0.1012, train_rmse-0.3181, valid_rmse-1.2097, valid_pr-0.7620
2023-10-08 14:09:48 - INFO - epoch-315, train_loss-0.0920, train_rmse-0.3032, valid_rmse-1.1985, valid_pr-0.7674
2023-10-08 14:12:40 - INFO - epoch-316, train_loss-0.0913, train_rmse-0.3021, valid_rmse-1.2080, valid_pr-0.7619
2023-10-08 14:15:52 - INFO - epoch-317, train_loss-0.0834, train_rmse-0.2888, valid_rmse-1.2574, valid_pr-0.7585
2023-10-08 14:18:59 - INFO - epoch-318, train_loss-0.0890, train_rmse-0.2982, valid_rmse-1.2038, valid_pr-0.7648
2023-10-08 14:21:44 - INFO - epoch-319, train_loss-0.0902, train_rmse-0.3003, valid_rmse-1.2247, valid_pr-0.7600
2023-10-08 14:24:56 - INFO - epoch-320, train_loss-0.0999, train_rmse-0.3161, valid_rmse-1.2151, valid_pr-0.7607
2023-10-08 14:27:59 - INFO - epoch-321, train_loss-0.0937, train_rmse-0.3062, valid_rmse-1.2197, valid_pr-0.7635
2023-10-08 14:30:49 - INFO - epoch-322, train_loss-0.1099, train_rmse-0.3316, valid_rmse-1.2069, valid_pr-0.7624
2023-10-08 14:33:55 - INFO - epoch-323, train_loss-0.0996, train_rmse-0.3156, valid_rmse-1.2115, valid_pr-0.7619
2023-10-08 14:37:37 - INFO - epoch-324, train_loss-0.0915, train_rmse-0.3025, valid_rmse-1.2148, valid_pr-0.7655
2023-10-08 14:40:29 - INFO - epoch-325, train_loss-0.0969, train_rmse-0.3112, valid_rmse-1.2114, valid_pr-0.7626
2023-10-08 14:43:36 - INFO - epoch-326, train_loss-0.0902, train_rmse-0.3003, valid_rmse-1.2229, valid_pr-0.7575
2023-10-08 14:46:27 - INFO - epoch-327, train_loss-0.0829, train_rmse-0.2878, valid_rmse-1.2015, valid_pr-0.7635
2023-10-08 14:49:25 - INFO - epoch-328, train_loss-0.0935, train_rmse-0.3058, valid_rmse-1.1963, valid_pr-0.7662
2023-10-08 14:52:46 - INFO - epoch-329, train_loss-0.0896, train_rmse-0.2994, valid_rmse-1.2113, valid_pr-0.7600
2023-10-08 14:55:37 - INFO - epoch-330, train_loss-0.0930, train_rmse-0.3049, valid_rmse-1.2076, valid_pr-0.7668
2023-10-08 14:58:21 - INFO - epoch-331, train_loss-0.0961, train_rmse-0.3100, valid_rmse-1.1999, valid_pr-0.7667
2023-10-08 15:01:42 - INFO - epoch-332, train_loss-0.0890, train_rmse-0.2984, valid_rmse-1.2209, valid_pr-0.7606
2023-10-08 15:06:40 - INFO - epoch-333, train_loss-0.0982, train_rmse-0.3134, valid_rmse-1.2386, valid_pr-0.7658
2023-10-08 15:09:46 - INFO - epoch-334, train_loss-0.0960, train_rmse-0.3099, valid_rmse-1.2155, valid_pr-0.7625
2023-10-08 15:12:54 - INFO - epoch-335, train_loss-0.0992, train_rmse-0.3149, valid_rmse-1.2016, valid_pr-0.7653
2023-10-08 15:16:13 - INFO - epoch-336, train_loss-0.0924, train_rmse-0.3040, valid_rmse-1.2059, valid_pr-0.7635
2023-10-08 15:19:17 - INFO - epoch-337, train_loss-0.0829, train_rmse-0.2880, valid_rmse-1.2233, valid_pr-0.7623
2023-10-08 15:22:23 - INFO - epoch-338, train_loss-0.0880, train_rmse-0.2966, valid_rmse-1.2237, valid_pr-0.7675
2023-10-08 15:25:25 - INFO - epoch-339, train_loss-0.0902, train_rmse-0.3004, valid_rmse-1.1949, valid_pr-0.7681
2023-10-08 15:28:44 - INFO - epoch-340, train_loss-0.0978, train_rmse-0.3128, valid_rmse-1.2033, valid_pr-0.7650
2023-10-08 15:31:55 - INFO - epoch-341, train_loss-0.0951, train_rmse-0.3084, valid_rmse-1.2030, valid_pr-0.7637
2023-10-08 15:35:15 - INFO - epoch-342, train_loss-0.0910, train_rmse-0.3016, valid_rmse-1.1991, valid_pr-0.7713
2023-10-08 15:38:43 - INFO - epoch-343, train_loss-0.0954, train_rmse-0.3088, valid_rmse-1.2409, valid_pr-0.7662
2023-10-08 15:41:57 - INFO - epoch-344, train_loss-0.1043, train_rmse-0.3229, valid_rmse-1.2330, valid_pr-0.7657
2023-10-08 15:44:58 - INFO - epoch-345, train_loss-0.0980, train_rmse-0.3131, valid_rmse-1.2098, valid_pr-0.7616
2023-10-08 15:48:04 - INFO - epoch-346, train_loss-0.0942, train_rmse-0.3070, valid_rmse-1.2151, valid_pr-0.7678
2023-10-08 15:51:17 - INFO - epoch-347, train_loss-0.0930, train_rmse-0.3050, valid_rmse-1.2020, valid_pr-0.7663
2023-10-08 15:56:17 - INFO - epoch-348, train_loss-0.0950, train_rmse-0.3082, valid_rmse-1.1932, valid_pr-0.7677
2023-10-08 16:00:42 - INFO - epoch-349, train_loss-0.0866, train_rmse-0.2943, valid_rmse-1.2047, valid_pr-0.7697
2023-10-08 16:03:38 - INFO - epoch-350, train_loss-0.0904, train_rmse-0.3007, valid_rmse-1.1921, valid_pr-0.7676
2023-10-08 16:06:48 - INFO - epoch-351, train_loss-0.0859, train_rmse-0.2931, valid_rmse-1.2131, valid_pr-0.7709
2023-10-08 16:09:30 - INFO - epoch-352, train_loss-0.0865, train_rmse-0.2941, valid_rmse-1.2212, valid_pr-0.7678
2023-10-08 16:12:53 - INFO - epoch-353, train_loss-0.0941, train_rmse-0.3067, valid_rmse-1.2023, valid_pr-0.7678
2023-10-08 16:15:40 - INFO - epoch-354, train_loss-0.0947, train_rmse-0.3077, valid_rmse-1.2004, valid_pr-0.7659
2023-10-08 16:18:37 - INFO - epoch-355, train_loss-0.0861, train_rmse-0.2935, valid_rmse-1.1990, valid_pr-0.7683
2023-10-08 16:21:41 - INFO - epoch-356, train_loss-0.1010, train_rmse-0.3177, valid_rmse-1.2049, valid_pr-0.7656
2023-10-08 16:24:40 - INFO - epoch-357, train_loss-0.1003, train_rmse-0.3167, valid_rmse-1.2177, valid_pr-0.7578
2023-10-08 16:27:36 - INFO - epoch-358, train_loss-0.0877, train_rmse-0.2961, valid_rmse-1.2070, valid_pr-0.7625
2023-10-08 16:30:48 - INFO - epoch-359, train_loss-0.0895, train_rmse-0.2992, valid_rmse-1.2069, valid_pr-0.7647
2023-10-08 16:34:02 - INFO - epoch-360, train_loss-0.1005, train_rmse-0.3170, valid_rmse-1.1993, valid_pr-0.7685
2023-10-08 16:37:09 - INFO - epoch-361, train_loss-0.0892, train_rmse-0.2987, valid_rmse-1.2295, valid_pr-0.7591
2023-10-08 16:39:55 - INFO - epoch-362, train_loss-0.0873, train_rmse-0.2954, valid_rmse-1.2130, valid_pr-0.7615
2023-10-08 16:42:55 - INFO - epoch-363, train_loss-0.0880, train_rmse-0.2967, valid_rmse-1.2039, valid_pr-0.7625
2023-10-08 16:46:01 - INFO - epoch-364, train_loss-0.0831, train_rmse-0.2883, valid_rmse-1.2059, valid_pr-0.7668
2023-10-08 16:48:46 - INFO - epoch-365, train_loss-0.0934, train_rmse-0.3055, valid_rmse-1.1901, valid_pr-0.7705
2023-10-08 16:51:41 - INFO - epoch-366, train_loss-0.0883, train_rmse-0.2971, valid_rmse-1.2062, valid_pr-0.7676
2023-10-08 16:54:41 - INFO - epoch-367, train_loss-0.0945, train_rmse-0.3073, valid_rmse-1.2471, valid_pr-0.7635
2023-10-08 16:57:47 - INFO - epoch-368, train_loss-0.0904, train_rmse-0.3007, valid_rmse-1.1964, valid_pr-0.7667
2023-10-08 17:00:58 - INFO - epoch-369, train_loss-0.0845, train_rmse-0.2907, valid_rmse-1.2031, valid_pr-0.7649
2023-10-08 17:04:05 - INFO - epoch-370, train_loss-0.0892, train_rmse-0.2986, valid_rmse-1.2060, valid_pr-0.7706
2023-10-08 17:07:54 - INFO - epoch-371, train_loss-0.0928, train_rmse-0.3047, valid_rmse-1.1914, valid_pr-0.7715
2023-10-08 17:15:15 - INFO - epoch-372, train_loss-0.0894, train_rmse-0.2990, valid_rmse-1.1991, valid_pr-0.7660
2023-10-08 17:18:49 - INFO - epoch-373, train_loss-0.0894, train_rmse-0.2989, valid_rmse-1.1900, valid_pr-0.7707
2023-10-08 17:21:40 - INFO - epoch-374, train_loss-0.0803, train_rmse-0.2833, valid_rmse-1.1872, valid_pr-0.7707
2023-10-08 17:24:42 - INFO - epoch-375, train_loss-0.0871, train_rmse-0.2951, valid_rmse-1.2186, valid_pr-0.7673
2023-10-08 17:28:44 - INFO - epoch-376, train_loss-0.1122, train_rmse-0.3350, valid_rmse-1.2061, valid_pr-0.7622
2023-10-08 17:31:55 - INFO - epoch-377, train_loss-0.0953, train_rmse-0.3088, valid_rmse-1.2061, valid_pr-0.7624
2023-10-08 17:36:34 - INFO - epoch-378, train_loss-0.0903, train_rmse-0.3005, valid_rmse-1.2701, valid_pr-0.7504
2023-10-08 17:39:16 - INFO - epoch-379, train_loss-0.1099, train_rmse-0.3315, valid_rmse-1.1887, valid_pr-0.7713
2023-10-08 17:42:16 - INFO - epoch-380, train_loss-0.0981, train_rmse-0.3132, valid_rmse-1.1883, valid_pr-0.7699
2023-10-08 17:44:54 - INFO - epoch-381, train_loss-0.0851, train_rmse-0.2917, valid_rmse-1.1814, valid_pr-0.7735
2023-10-08 17:47:48 - INFO - epoch-382, train_loss-0.0839, train_rmse-0.2897, valid_rmse-1.1989, valid_pr-0.7691
2023-10-08 17:50:43 - INFO - epoch-383, train_loss-0.0807, train_rmse-0.2840, valid_rmse-1.2019, valid_pr-0.7683
2023-10-08 17:53:21 - INFO - epoch-384, train_loss-0.0727, train_rmse-0.2696, valid_rmse-1.1845, valid_pr-0.7733
2023-10-08 17:56:33 - INFO - epoch-385, train_loss-0.0847, train_rmse-0.2911, valid_rmse-1.1890, valid_pr-0.7699
2023-10-08 17:59:33 - INFO - epoch-386, train_loss-0.0773, train_rmse-0.2781, valid_rmse-1.1932, valid_pr-0.7698
2023-10-08 18:02:36 - INFO - epoch-387, train_loss-0.0789, train_rmse-0.2809, valid_rmse-1.2050, valid_pr-0.7710
2023-10-08 18:05:17 - INFO - epoch-388, train_loss-0.0886, train_rmse-0.2977, valid_rmse-1.1879, valid_pr-0.7697
2023-10-08 18:08:29 - INFO - epoch-389, train_loss-0.0980, train_rmse-0.3131, valid_rmse-1.2026, valid_pr-0.7645
2023-10-08 18:11:28 - INFO - epoch-390, train_loss-0.0975, train_rmse-0.3123, valid_rmse-1.2013, valid_pr-0.7643
2023-10-08 18:15:52 - INFO - epoch-391, train_loss-0.0863, train_rmse-0.2937, valid_rmse-1.1915, valid_pr-0.7718
2023-10-08 18:20:33 - INFO - epoch-392, train_loss-0.0832, train_rmse-0.2885, valid_rmse-1.1854, valid_pr-0.7711
2023-10-08 18:23:37 - INFO - epoch-393, train_loss-0.0954, train_rmse-0.3088, valid_rmse-1.2012, valid_pr-0.7645
2023-10-08 18:26:48 - INFO - epoch-394, train_loss-0.0999, train_rmse-0.3161, valid_rmse-1.1992, valid_pr-0.7648
2023-10-08 18:30:02 - INFO - epoch-395, train_loss-0.0863, train_rmse-0.2937, valid_rmse-1.2195, valid_pr-0.7707
2023-10-08 18:33:19 - INFO - epoch-396, train_loss-0.0896, train_rmse-0.2994, valid_rmse-1.2016, valid_pr-0.7641
2023-10-08 18:36:32 - INFO - epoch-397, train_loss-0.0852, train_rmse-0.2919, valid_rmse-1.2030, valid_pr-0.7672
2023-10-08 18:42:34 - INFO - epoch-398, train_loss-0.0962, train_rmse-0.3101, valid_rmse-1.2405, valid_pr-0.7675
2023-10-08 18:46:14 - INFO - epoch-399, train_loss-0.0817, train_rmse-0.2858, valid_rmse-1.2096, valid_pr-0.7621
2023-10-08 18:49:24 - INFO - epoch-400, train_loss-0.0856, train_rmse-0.2926, valid_rmse-1.2367, valid_pr-0.7699
2023-10-08 18:52:08 - INFO - epoch-401, train_loss-0.0893, train_rmse-0.2989, valid_rmse-1.1867, valid_pr-0.7704
2023-10-08 18:55:14 - INFO - epoch-402, train_loss-0.0836, train_rmse-0.2891, valid_rmse-1.2005, valid_pr-0.7658
2023-10-08 18:58:19 - INFO - epoch-403, train_loss-0.0902, train_rmse-0.3003, valid_rmse-1.1858, valid_pr-0.7729
2023-10-08 19:01:11 - INFO - epoch-404, train_loss-0.0786, train_rmse-0.2803, valid_rmse-1.2131, valid_pr-0.7701
2023-10-08 19:03:58 - INFO - epoch-405, train_loss-0.0777, train_rmse-0.2788, valid_rmse-1.2054, valid_pr-0.7649
2023-10-08 19:06:45 - INFO - epoch-406, train_loss-0.0803, train_rmse-0.2834, valid_rmse-1.2006, valid_pr-0.7671
2023-10-08 19:09:40 - INFO - epoch-407, train_loss-0.0862, train_rmse-0.2935, valid_rmse-1.1962, valid_pr-0.7666
2023-10-08 19:12:51 - INFO - epoch-408, train_loss-0.0876, train_rmse-0.2959, valid_rmse-1.1979, valid_pr-0.7676
2023-10-08 19:15:44 - INFO - epoch-409, train_loss-0.0888, train_rmse-0.2980, valid_rmse-1.1912, valid_pr-0.7700
2023-10-08 19:18:36 - INFO - epoch-410, train_loss-0.0982, train_rmse-0.3134, valid_rmse-1.1955, valid_pr-0.7718
2023-10-08 19:21:28 - INFO - epoch-411, train_loss-0.0947, train_rmse-0.3078, valid_rmse-1.1928, valid_pr-0.7674
2023-10-08 19:24:14 - INFO - epoch-412, train_loss-0.0918, train_rmse-0.3029, valid_rmse-1.2108, valid_pr-0.7705
2023-10-08 19:27:03 - INFO - epoch-413, train_loss-0.0877, train_rmse-0.2962, valid_rmse-1.2003, valid_pr-0.7674
2023-10-08 19:32:01 - INFO - epoch-414, train_loss-0.0844, train_rmse-0.2905, valid_rmse-1.1894, valid_pr-0.7700
2023-10-08 19:36:07 - INFO - epoch-415, train_loss-0.0982, train_rmse-0.3134, valid_rmse-1.1863, valid_pr-0.7715
2023-10-08 19:39:08 - INFO - epoch-416, train_loss-0.0986, train_rmse-0.3141, valid_rmse-1.1918, valid_pr-0.7705
2023-10-08 19:42:20 - INFO - epoch-417, train_loss-0.0880, train_rmse-0.2966, valid_rmse-1.2198, valid_pr-0.7678
2023-10-08 19:47:17 - INFO - epoch-418, train_loss-0.0840, train_rmse-0.2899, valid_rmse-1.2367, valid_pr-0.7684
2023-10-08 19:51:43 - INFO - epoch-419, train_loss-0.0879, train_rmse-0.2965, valid_rmse-1.2087, valid_pr-0.7603
2023-10-08 19:56:17 - INFO - epoch-420, train_loss-0.0749, train_rmse-0.2737, valid_rmse-1.2078, valid_pr-0.7683
2023-10-08 19:59:37 - INFO - epoch-421, train_loss-0.0794, train_rmse-0.2818, valid_rmse-1.1938, valid_pr-0.7684
2023-10-08 20:07:00 - INFO - epoch-422, train_loss-0.0810, train_rmse-0.2845, valid_rmse-1.2025, valid_pr-0.7639
2023-10-08 20:12:48 - INFO - epoch-423, train_loss-0.0863, train_rmse-0.2937, valid_rmse-1.1924, valid_pr-0.7679
2023-10-08 20:15:54 - INFO - epoch-424, train_loss-0.0800, train_rmse-0.2829, valid_rmse-1.2126, valid_pr-0.7658
2023-10-08 20:18:41 - INFO - epoch-425, train_loss-0.0911, train_rmse-0.3018, valid_rmse-1.1970, valid_pr-0.7696
2023-10-08 20:21:40 - INFO - epoch-426, train_loss-0.0850, train_rmse-0.2916, valid_rmse-1.1895, valid_pr-0.7690
2023-10-08 20:24:38 - INFO - epoch-427, train_loss-0.0892, train_rmse-0.2986, valid_rmse-1.2066, valid_pr-0.7646
2023-10-08 20:27:45 - INFO - epoch-428, train_loss-0.0792, train_rmse-0.2814, valid_rmse-1.2064, valid_pr-0.7638
2023-10-08 20:30:46 - INFO - epoch-429, train_loss-0.0856, train_rmse-0.2926, valid_rmse-1.1977, valid_pr-0.7690
2023-10-08 20:33:37 - INFO - epoch-430, train_loss-0.0813, train_rmse-0.2852, valid_rmse-1.2131, valid_pr-0.7676
2023-10-08 20:36:48 - INFO - epoch-431, train_loss-0.1007, train_rmse-0.3173, valid_rmse-1.1940, valid_pr-0.7674
2023-10-08 20:39:43 - INFO - epoch-432, train_loss-0.0864, train_rmse-0.2939, valid_rmse-1.1878, valid_pr-0.7695
2023-10-08 20:42:32 - INFO - epoch-433, train_loss-0.0796, train_rmse-0.2821, valid_rmse-1.2119, valid_pr-0.7713
2023-10-08 20:45:27 - INFO - epoch-434, train_loss-0.0825, train_rmse-0.2872, valid_rmse-1.1981, valid_pr-0.7709
2023-10-08 20:48:20 - INFO - epoch-435, train_loss-0.0970, train_rmse-0.3115, valid_rmse-1.2186, valid_pr-0.7632
2023-10-08 20:51:15 - INFO - epoch-436, train_loss-0.0849, train_rmse-0.2913, valid_rmse-1.2250, valid_pr-0.7684
2023-10-08 20:54:08 - INFO - epoch-437, train_loss-0.0802, train_rmse-0.2832, valid_rmse-1.2266, valid_pr-0.7591
2023-10-08 20:57:13 - INFO - epoch-438, train_loss-0.0872, train_rmse-0.2952, valid_rmse-1.2018, valid_pr-0.7685
2023-10-08 21:01:10 - INFO - epoch-439, train_loss-0.0866, train_rmse-0.2944, valid_rmse-1.1991, valid_pr-0.7694
2023-10-08 21:04:08 - INFO - epoch-440, train_loss-0.0876, train_rmse-0.2959, valid_rmse-1.2028, valid_pr-0.7635
2023-10-08 21:06:52 - INFO - epoch-441, train_loss-0.0812, train_rmse-0.2850, valid_rmse-1.1882, valid_pr-0.7697
2023-10-08 21:09:47 - INFO - epoch-442, train_loss-0.0774, train_rmse-0.2782, valid_rmse-1.1869, valid_pr-0.7721
2023-10-08 21:12:38 - INFO - epoch-443, train_loss-0.0873, train_rmse-0.2955, valid_rmse-1.2016, valid_pr-0.7640
2023-10-08 21:15:32 - INFO - epoch-444, train_loss-0.0855, train_rmse-0.2923, valid_rmse-1.2045, valid_pr-0.7660
2023-10-08 21:18:54 - INFO - epoch-445, train_loss-0.0975, train_rmse-0.3122, valid_rmse-1.2045, valid_pr-0.7643
2023-10-08 21:21:48 - INFO - epoch-446, train_loss-0.0862, train_rmse-0.2936, valid_rmse-1.1965, valid_pr-0.7690
2023-10-08 21:24:44 - INFO - epoch-447, train_loss-0.0821, train_rmse-0.2864, valid_rmse-1.2055, valid_pr-0.7653
2023-10-08 21:27:36 - INFO - epoch-448, train_loss-0.0852, train_rmse-0.2918, valid_rmse-1.2012, valid_pr-0.7670
2023-10-08 21:30:30 - INFO - epoch-449, train_loss-0.0872, train_rmse-0.2953, valid_rmse-1.1922, valid_pr-0.7686
2023-10-08 21:33:14 - INFO - epoch-450, train_loss-0.0827, train_rmse-0.2876, valid_rmse-1.1854, valid_pr-0.7717
2023-10-08 21:36:08 - INFO - epoch-451, train_loss-0.0848, train_rmse-0.2912, valid_rmse-1.1802, valid_pr-0.7727
2023-10-08 21:38:57 - INFO - epoch-452, train_loss-0.0950, train_rmse-0.3082, valid_rmse-1.1828, valid_pr-0.7714
2023-10-08 21:41:58 - INFO - epoch-453, train_loss-0.0946, train_rmse-0.3075, valid_rmse-1.1962, valid_pr-0.7675
2023-10-08 21:44:49 - INFO - epoch-454, train_loss-0.0707, train_rmse-0.2658, valid_rmse-1.1930, valid_pr-0.7706
2023-10-08 21:47:42 - INFO - epoch-455, train_loss-0.0924, train_rmse-0.3039, valid_rmse-1.1953, valid_pr-0.7681
2023-10-08 21:50:30 - INFO - epoch-456, train_loss-0.0782, train_rmse-0.2797, valid_rmse-1.1935, valid_pr-0.7707
2023-10-08 21:53:31 - INFO - epoch-457, train_loss-0.0837, train_rmse-0.2894, valid_rmse-1.2092, valid_pr-0.7692
2023-10-08 21:56:27 - INFO - epoch-458, train_loss-0.0845, train_rmse-0.2907, valid_rmse-1.2006, valid_pr-0.7690
2023-10-08 21:59:07 - INFO - epoch-459, train_loss-0.0822, train_rmse-0.2866, valid_rmse-1.1875, valid_pr-0.7749
2023-10-08 22:01:51 - INFO - epoch-460, train_loss-0.0809, train_rmse-0.2845, valid_rmse-1.1920, valid_pr-0.7685
2023-10-08 22:04:43 - INFO - epoch-461, train_loss-0.0821, train_rmse-0.2865, valid_rmse-1.1843, valid_pr-0.7715
2023-10-08 22:07:45 - INFO - epoch-462, train_loss-0.0887, train_rmse-0.2978, valid_rmse-1.2234, valid_pr-0.7667
2023-10-08 22:10:45 - INFO - epoch-463, train_loss-0.0858, train_rmse-0.2930, valid_rmse-1.1876, valid_pr-0.7704
2023-10-08 22:13:40 - INFO - epoch-464, train_loss-0.0957, train_rmse-0.3094, valid_rmse-1.1891, valid_pr-0.7699
2023-10-08 22:16:28 - INFO - epoch-465, train_loss-0.0703, train_rmse-0.2652, valid_rmse-1.1986, valid_pr-0.7689
2023-10-08 22:19:18 - INFO - epoch-466, train_loss-0.0930, train_rmse-0.3050, valid_rmse-1.2054, valid_pr-0.7639
2023-10-08 22:22:16 - INFO - epoch-467, train_loss-0.0878, train_rmse-0.2963, valid_rmse-1.1981, valid_pr-0.7676
2023-10-08 22:25:00 - INFO - epoch-468, train_loss-0.0892, train_rmse-0.2986, valid_rmse-1.2006, valid_pr-0.7686
2023-10-08 22:27:49 - INFO - epoch-469, train_loss-0.0787, train_rmse-0.2805, valid_rmse-1.1882, valid_pr-0.7711
2023-10-08 22:31:10 - INFO - epoch-470, train_loss-0.0814, train_rmse-0.2853, valid_rmse-1.1999, valid_pr-0.7680
2023-10-08 22:34:14 - INFO - epoch-471, train_loss-0.0779, train_rmse-0.2791, valid_rmse-1.1944, valid_pr-0.7684
2023-10-08 22:37:12 - INFO - epoch-472, train_loss-0.0857, train_rmse-0.2927, valid_rmse-1.1968, valid_pr-0.7690
2023-10-08 22:39:58 - INFO - epoch-473, train_loss-0.0871, train_rmse-0.2951, valid_rmse-1.1932, valid_pr-0.7674
2023-10-08 22:43:18 - INFO - epoch-474, train_loss-0.0987, train_rmse-0.3141, valid_rmse-1.1870, valid_pr-0.7710
2023-10-08 22:46:52 - INFO - epoch-475, train_loss-0.0896, train_rmse-0.2994, valid_rmse-1.1901, valid_pr-0.7738
2023-10-08 22:49:57 - INFO - epoch-476, train_loss-0.0841, train_rmse-0.2901, valid_rmse-1.2174, valid_pr-0.7665
2023-10-08 22:54:04 - INFO - epoch-477, train_loss-0.0776, train_rmse-0.2786, valid_rmse-1.1889, valid_pr-0.7695
2023-10-08 22:59:01 - INFO - epoch-478, train_loss-0.0884, train_rmse-0.2973, valid_rmse-1.1918, valid_pr-0.7682
2023-10-08 23:02:05 - INFO - epoch-479, train_loss-0.0679, train_rmse-0.2607, valid_rmse-1.1880, valid_pr-0.7702
2023-10-08 23:05:22 - INFO - epoch-480, train_loss-0.0824, train_rmse-0.2871, valid_rmse-1.1946, valid_pr-0.7711
2023-10-08 23:51:30 - INFO - epoch-481, train_loss-0.0931, train_rmse-0.3051, valid_rmse-1.1971, valid_pr-0.7690
2023-10-08 23:55:27 - INFO - epoch-482, train_loss-0.0904, train_rmse-0.3007, valid_rmse-1.1932, valid_pr-0.7682
2023-10-08 23:58:22 - INFO - epoch-483, train_loss-0.0781, train_rmse-0.2795, valid_rmse-1.1863, valid_pr-0.7705
2023-10-09 00:01:04 - INFO - epoch-484, train_loss-0.0699, train_rmse-0.2643, valid_rmse-1.1956, valid_pr-0.7673
2023-10-09 00:03:57 - INFO - epoch-485, train_loss-0.0870, train_rmse-0.2949, valid_rmse-1.2016, valid_pr-0.7685
2023-10-09 00:06:49 - INFO - epoch-486, train_loss-0.0811, train_rmse-0.2847, valid_rmse-1.1970, valid_pr-0.7664
2023-10-09 00:09:45 - INFO - epoch-487, train_loss-0.0865, train_rmse-0.2941, valid_rmse-1.1820, valid_pr-0.7717
2023-10-09 00:12:39 - INFO - epoch-488, train_loss-0.0749, train_rmse-0.2738, valid_rmse-1.2004, valid_pr-0.7635
2023-10-09 00:15:35 - INFO - epoch-489, train_loss-0.0706, train_rmse-0.2658, valid_rmse-1.2036, valid_pr-0.7627
2023-10-09 00:18:29 - INFO - epoch-490, train_loss-0.0714, train_rmse-0.2672, valid_rmse-1.1879, valid_pr-0.7707
2023-10-09 00:21:34 - INFO - epoch-491, train_loss-0.0817, train_rmse-0.2859, valid_rmse-1.2046, valid_pr-0.7668
2023-10-09 00:24:21 - INFO - epoch-492, train_loss-0.0744, train_rmse-0.2728, valid_rmse-1.2035, valid_pr-0.7636
2023-10-09 00:27:19 - INFO - epoch-493, train_loss-0.0783, train_rmse-0.2798, valid_rmse-1.1956, valid_pr-0.7663
2023-10-09 00:30:24 - INFO - epoch-494, train_loss-0.0740, train_rmse-0.2720, valid_rmse-1.2013, valid_pr-0.7650
2023-10-09 00:33:26 - INFO - epoch-495, train_loss-0.0690, train_rmse-0.2627, valid_rmse-1.1828, valid_pr-0.7728
2023-10-09 00:36:23 - INFO - epoch-496, train_loss-0.0858, train_rmse-0.2929, valid_rmse-1.1906, valid_pr-0.7684
2023-10-09 00:39:18 - INFO - epoch-497, train_loss-0.0815, train_rmse-0.2855, valid_rmse-1.1910, valid_pr-0.7703
2023-10-09 00:42:10 - INFO - epoch-498, train_loss-0.0741, train_rmse-0.2723, valid_rmse-1.2178, valid_pr-0.7628
2023-10-09 00:45:04 - INFO - epoch-499, train_loss-0.0829, train_rmse-0.2880, valid_rmse-1.2079, valid_pr-0.7686
2023-10-09 00:47:55 - INFO - epoch-500, train_loss-0.0677, train_rmse-0.2601, valid_rmse-1.2012, valid_pr-0.7682
2023-10-09 00:50:50 - INFO - epoch-501, train_loss-0.0782, train_rmse-0.2796, valid_rmse-1.1877, valid_pr-0.7708
2023-10-09 00:53:53 - INFO - epoch-502, train_loss-0.0849, train_rmse-0.2914, valid_rmse-1.1824, valid_pr-0.7723
2023-10-09 00:56:38 - INFO - epoch-503, train_loss-0.0913, train_rmse-0.3022, valid_rmse-1.1939, valid_pr-0.7677
2023-10-09 00:59:22 - INFO - epoch-504, train_loss-0.0851, train_rmse-0.2918, valid_rmse-1.1857, valid_pr-0.7703
2023-10-09 01:02:21 - INFO - epoch-505, train_loss-0.0943, train_rmse-0.3070, valid_rmse-1.2226, valid_pr-0.7669
2023-10-09 01:05:30 - INFO - epoch-506, train_loss-0.0902, train_rmse-0.3003, valid_rmse-1.1935, valid_pr-0.7666
2023-10-09 01:08:40 - INFO - epoch-507, train_loss-0.0843, train_rmse-0.2904, valid_rmse-1.2005, valid_pr-0.7708
2023-10-09 01:11:37 - INFO - epoch-508, train_loss-0.0645, train_rmse-0.2540, valid_rmse-1.1912, valid_pr-0.7678
2023-10-09 01:14:26 - INFO - epoch-509, train_loss-0.0821, train_rmse-0.2865, valid_rmse-1.1921, valid_pr-0.7684
2023-10-09 01:17:52 - INFO - epoch-510, train_loss-0.0875, train_rmse-0.2958, valid_rmse-1.2026, valid_pr-0.7621
2023-10-09 01:20:48 - INFO - epoch-511, train_loss-0.0788, train_rmse-0.2807, valid_rmse-1.1872, valid_pr-0.7708
2023-10-09 01:23:48 - INFO - epoch-512, train_loss-0.0795, train_rmse-0.2819, valid_rmse-1.1828, valid_pr-0.7710
2023-10-09 01:26:48 - INFO - epoch-513, train_loss-0.0887, train_rmse-0.2978, valid_rmse-1.1919, valid_pr-0.7676
2023-10-09 01:29:59 - INFO - epoch-514, train_loss-0.0788, train_rmse-0.2807, valid_rmse-1.1963, valid_pr-0.7674
2023-10-09 01:33:16 - INFO - epoch-515, train_loss-0.0817, train_rmse-0.2858, valid_rmse-1.1990, valid_pr-0.7678
2023-10-09 01:36:28 - INFO - epoch-516, train_loss-0.0791, train_rmse-0.2812, valid_rmse-1.1882, valid_pr-0.7701
2023-10-09 01:39:46 - INFO - epoch-517, train_loss-0.0714, train_rmse-0.2671, valid_rmse-1.1794, valid_pr-0.7734
2023-10-09 01:42:35 - INFO - epoch-518, train_loss-0.0843, train_rmse-0.2904, valid_rmse-1.2121, valid_pr-0.7679
2023-10-09 01:45:52 - INFO - epoch-519, train_loss-0.0832, train_rmse-0.2884, valid_rmse-1.2028, valid_pr-0.7695
2023-10-09 01:48:45 - INFO - epoch-520, train_loss-0.0783, train_rmse-0.2798, valid_rmse-1.2022, valid_pr-0.7669
2023-10-09 01:52:01 - INFO - epoch-521, train_loss-0.0685, train_rmse-0.2618, valid_rmse-1.2038, valid_pr-0.7697
2023-10-09 01:55:06 - INFO - epoch-522, train_loss-0.0809, train_rmse-0.2844, valid_rmse-1.1819, valid_pr-0.7728
2023-10-09 01:58:17 - INFO - epoch-523, train_loss-0.0822, train_rmse-0.2867, valid_rmse-1.2191, valid_pr-0.7708
2023-10-09 02:01:08 - INFO - epoch-524, train_loss-0.0749, train_rmse-0.2737, valid_rmse-1.1818, valid_pr-0.7714
2023-10-09 02:04:25 - INFO - epoch-525, train_loss-0.0817, train_rmse-0.2858, valid_rmse-1.1821, valid_pr-0.7719
2023-10-09 02:07:30 - INFO - epoch-526, train_loss-0.0808, train_rmse-0.2843, valid_rmse-1.1899, valid_pr-0.7735
2023-10-09 02:10:47 - INFO - epoch-527, train_loss-0.0750, train_rmse-0.2739, valid_rmse-1.1976, valid_pr-0.7695
2023-10-09 02:14:06 - INFO - epoch-528, train_loss-0.0848, train_rmse-0.2912, valid_rmse-1.1962, valid_pr-0.7698
2023-10-09 02:17:04 - INFO - epoch-529, train_loss-0.0963, train_rmse-0.3104, valid_rmse-1.1843, valid_pr-0.7727
2023-10-09 02:20:05 - INFO - epoch-530, train_loss-0.0860, train_rmse-0.2933, valid_rmse-1.2013, valid_pr-0.7657
2023-10-09 02:23:05 - INFO - epoch-531, train_loss-0.0926, train_rmse-0.3044, valid_rmse-1.1855, valid_pr-0.7701
2023-10-09 02:26:03 - INFO - epoch-532, train_loss-0.0766, train_rmse-0.2767, valid_rmse-1.1964, valid_pr-0.7697
2023-10-09 02:29:12 - INFO - epoch-533, train_loss-0.0785, train_rmse-0.2801, valid_rmse-1.1985, valid_pr-0.7717
2023-10-09 02:32:00 - INFO - epoch-534, train_loss-0.0757, train_rmse-0.2751, valid_rmse-1.2285, valid_pr-0.7698
2023-10-09 02:34:49 - INFO - epoch-535, train_loss-0.0854, train_rmse-0.2922, valid_rmse-1.1883, valid_pr-0.7698
2023-10-09 02:37:55 - INFO - epoch-536, train_loss-0.0738, train_rmse-0.2716, valid_rmse-1.1880, valid_pr-0.7697
2023-10-09 02:40:48 - INFO - epoch-537, train_loss-0.0691, train_rmse-0.2630, valid_rmse-1.1894, valid_pr-0.7698
2023-10-09 02:43:36 - INFO - epoch-538, train_loss-0.0804, train_rmse-0.2835, valid_rmse-1.1901, valid_pr-0.7703
2023-10-09 02:46:31 - INFO - epoch-539, train_loss-0.0845, train_rmse-0.2907, valid_rmse-1.1992, valid_pr-0.7725
2023-10-09 02:49:43 - INFO - epoch-540, train_loss-0.0793, train_rmse-0.2815, valid_rmse-1.1849, valid_pr-0.7705
2023-10-09 02:52:38 - INFO - epoch-541, train_loss-0.0928, train_rmse-0.3047, valid_rmse-1.1818, valid_pr-0.7737
2023-10-09 02:55:54 - INFO - epoch-542, train_loss-0.0778, train_rmse-0.2789, valid_rmse-1.1794, valid_pr-0.7737
2023-10-09 02:58:41 - INFO - epoch-543, train_loss-0.0755, train_rmse-0.2748, valid_rmse-1.2133, valid_pr-0.7640
2023-10-09 03:01:35 - INFO - epoch-544, train_loss-0.0849, train_rmse-0.2915, valid_rmse-1.1858, valid_pr-0.7710
2023-10-09 03:04:30 - INFO - epoch-545, train_loss-0.0820, train_rmse-0.2864, valid_rmse-1.1970, valid_pr-0.7693
2023-10-09 03:07:55 - INFO - epoch-546, train_loss-0.0696, train_rmse-0.2638, valid_rmse-1.1680, valid_pr-0.7778
2023-10-09 03:10:48 - INFO - epoch-547, train_loss-0.0812, train_rmse-0.2850, valid_rmse-1.1857, valid_pr-0.7700
2023-10-09 03:13:39 - INFO - epoch-548, train_loss-0.0823, train_rmse-0.2869, valid_rmse-1.1798, valid_pr-0.7729
2023-10-09 03:21:26 - INFO - epoch-549, train_loss-0.0843, train_rmse-0.2904, valid_rmse-1.1880, valid_pr-0.7689
2023-10-09 03:24:41 - INFO - epoch-550, train_loss-0.0713, train_rmse-0.2671, valid_rmse-1.1825, valid_pr-0.7738
2023-10-09 03:28:00 - INFO - epoch-551, train_loss-0.0758, train_rmse-0.2753, valid_rmse-1.1877, valid_pr-0.7709
2023-10-09 03:30:39 - INFO - epoch-552, train_loss-0.0759, train_rmse-0.2754, valid_rmse-1.1862, valid_pr-0.7750
2023-10-09 03:33:52 - INFO - epoch-553, train_loss-0.0810, train_rmse-0.2846, valid_rmse-1.1846, valid_pr-0.7725
2023-10-09 03:37:02 - INFO - epoch-554, train_loss-0.0820, train_rmse-0.2864, valid_rmse-1.1876, valid_pr-0.7707
2023-10-09 03:40:04 - INFO - epoch-555, train_loss-0.0885, train_rmse-0.2974, valid_rmse-1.2013, valid_pr-0.7714
2023-10-09 03:42:59 - INFO - epoch-556, train_loss-0.0730, train_rmse-0.2701, valid_rmse-1.1857, valid_pr-0.7751
2023-10-09 03:50:50 - INFO - epoch-557, train_loss-0.0746, train_rmse-0.2731, valid_rmse-1.1743, valid_pr-0.7749
2023-10-09 03:53:38 - INFO - epoch-558, train_loss-0.0857, train_rmse-0.2927, valid_rmse-1.1794, valid_pr-0.7730
2023-10-09 03:56:42 - INFO - epoch-559, train_loss-0.0759, train_rmse-0.2755, valid_rmse-1.1867, valid_pr-0.7712
2023-10-09 03:59:34 - INFO - epoch-560, train_loss-0.0811, train_rmse-0.2847, valid_rmse-1.2084, valid_pr-0.7703
2023-10-09 04:02:29 - INFO - epoch-561, train_loss-0.0833, train_rmse-0.2886, valid_rmse-1.1805, valid_pr-0.7748
2023-10-09 04:05:40 - INFO - epoch-562, train_loss-0.0835, train_rmse-0.2889, valid_rmse-1.1849, valid_pr-0.7710
2023-10-09 04:08:31 - INFO - epoch-563, train_loss-0.0829, train_rmse-0.2880, valid_rmse-1.1896, valid_pr-0.7729
2023-10-09 04:11:25 - INFO - epoch-564, train_loss-0.0797, train_rmse-0.2824, valid_rmse-1.1850, valid_pr-0.7738
2023-10-09 04:14:16 - INFO - epoch-565, train_loss-0.0906, train_rmse-0.3009, valid_rmse-1.1906, valid_pr-0.7731
2023-10-09 04:17:02 - INFO - epoch-566, train_loss-0.0929, train_rmse-0.3048, valid_rmse-1.1965, valid_pr-0.7676
2023-10-09 04:19:53 - INFO - epoch-567, train_loss-0.0758, train_rmse-0.2753, valid_rmse-1.1869, valid_pr-0.7710
2023-10-09 04:22:42 - INFO - epoch-568, train_loss-0.0904, train_rmse-0.3007, valid_rmse-1.1728, valid_pr-0.7764
2023-10-09 04:25:31 - INFO - epoch-569, train_loss-0.0699, train_rmse-0.2644, valid_rmse-1.1792, valid_pr-0.7765
2023-10-09 04:28:23 - INFO - epoch-570, train_loss-0.0750, train_rmse-0.2738, valid_rmse-1.1796, valid_pr-0.7733
2023-10-09 04:31:19 - INFO - epoch-571, train_loss-0.0958, train_rmse-0.3095, valid_rmse-1.1836, valid_pr-0.7731
2023-10-09 04:34:07 - INFO - epoch-572, train_loss-0.0804, train_rmse-0.2835, valid_rmse-1.1915, valid_pr-0.7688
2023-10-09 04:36:55 - INFO - epoch-573, train_loss-0.0641, train_rmse-0.2533, valid_rmse-1.1929, valid_pr-0.7696
2023-10-09 04:39:46 - INFO - epoch-574, train_loss-0.0808, train_rmse-0.2843, valid_rmse-1.1871, valid_pr-0.7725
2023-10-09 04:42:54 - INFO - epoch-575, train_loss-0.0849, train_rmse-0.2914, valid_rmse-1.1973, valid_pr-0.7696
2023-10-09 04:45:51 - INFO - epoch-576, train_loss-0.0787, train_rmse-0.2805, valid_rmse-1.1830, valid_pr-0.7721
2023-10-09 04:48:46 - INFO - epoch-577, train_loss-0.0804, train_rmse-0.2835, valid_rmse-1.1830, valid_pr-0.7720
2023-10-09 04:51:53 - INFO - epoch-578, train_loss-0.0798, train_rmse-0.2825, valid_rmse-1.1936, valid_pr-0.7725
2023-10-09 04:54:51 - INFO - epoch-579, train_loss-0.0977, train_rmse-0.3126, valid_rmse-1.1982, valid_pr-0.7668
2023-10-09 04:57:37 - INFO - epoch-580, train_loss-0.0894, train_rmse-0.2989, valid_rmse-1.1806, valid_pr-0.7721
2023-10-09 05:00:33 - INFO - epoch-581, train_loss-0.0891, train_rmse-0.2984, valid_rmse-1.1839, valid_pr-0.7716
2023-10-09 05:03:19 - INFO - epoch-582, train_loss-0.0720, train_rmse-0.2684, valid_rmse-1.1816, valid_pr-0.7721
2023-10-09 05:06:31 - INFO - epoch-583, train_loss-0.0763, train_rmse-0.2762, valid_rmse-1.1845, valid_pr-0.7710
2023-10-09 05:09:14 - INFO - epoch-584, train_loss-0.0670, train_rmse-0.2588, valid_rmse-1.1796, valid_pr-0.7735
2023-10-09 05:12:05 - INFO - epoch-585, train_loss-0.0819, train_rmse-0.2861, valid_rmse-1.1859, valid_pr-0.7724
2023-10-09 05:15:00 - INFO - epoch-586, train_loss-0.0704, train_rmse-0.2653, valid_rmse-1.1897, valid_pr-0.7759
2023-10-09 05:17:53 - INFO - epoch-587, train_loss-0.0886, train_rmse-0.2977, valid_rmse-1.1855, valid_pr-0.7727
2023-10-09 05:20:43 - INFO - epoch-588, train_loss-0.0751, train_rmse-0.2740, valid_rmse-1.1820, valid_pr-0.7719
2023-10-09 05:23:35 - INFO - epoch-589, train_loss-0.0819, train_rmse-0.2862, valid_rmse-1.1769, valid_pr-0.7751
2023-10-09 05:26:33 - INFO - epoch-590, train_loss-0.0729, train_rmse-0.2700, valid_rmse-1.1898, valid_pr-0.7733
2023-10-09 05:29:26 - INFO - epoch-591, train_loss-0.0745, train_rmse-0.2729, valid_rmse-1.1788, valid_pr-0.7756
2023-10-09 05:32:17 - INFO - epoch-592, train_loss-0.0774, train_rmse-0.2782, valid_rmse-1.1742, valid_pr-0.7758
2023-10-09 05:35:10 - INFO - epoch-593, train_loss-0.0776, train_rmse-0.2786, valid_rmse-1.1796, valid_pr-0.7741
2023-10-09 05:38:03 - INFO - epoch-594, train_loss-0.0739, train_rmse-0.2718, valid_rmse-1.1887, valid_pr-0.7724
2023-10-09 05:40:56 - INFO - epoch-595, train_loss-0.0722, train_rmse-0.2687, valid_rmse-1.1806, valid_pr-0.7730
2023-10-09 05:43:52 - INFO - epoch-596, train_loss-0.0836, train_rmse-0.2891, valid_rmse-1.2079, valid_pr-0.7668
2023-10-09 05:46:44 - INFO - epoch-597, train_loss-0.0799, train_rmse-0.2826, valid_rmse-1.2093, valid_pr-0.7713
2023-10-09 05:49:26 - INFO - epoch-598, train_loss-0.0813, train_rmse-0.2851, valid_rmse-1.1925, valid_pr-0.7709
2023-10-09 05:52:12 - INFO - epoch-599, train_loss-0.0836, train_rmse-0.2892, valid_rmse-1.2053, valid_pr-0.7689
2023-10-09 05:55:04 - INFO - epoch-600, train_loss-0.0854, train_rmse-0.2923, valid_rmse-1.1886, valid_pr-0.7717
2023-10-09 05:57:58 - INFO - epoch-601, train_loss-0.0712, train_rmse-0.2668, valid_rmse-1.2112, valid_pr-0.7700
2023-10-09 06:00:51 - INFO - epoch-602, train_loss-0.0939, train_rmse-0.3065, valid_rmse-1.1857, valid_pr-0.7715
2023-10-09 06:03:43 - INFO - epoch-603, train_loss-0.0707, train_rmse-0.2658, valid_rmse-1.1742, valid_pr-0.7754
2023-10-09 06:06:34 - INFO - epoch-604, train_loss-0.0797, train_rmse-0.2823, valid_rmse-1.1921, valid_pr-0.7710
2023-10-09 06:09:35 - INFO - epoch-605, train_loss-0.0808, train_rmse-0.2842, valid_rmse-1.1770, valid_pr-0.7742
2023-10-09 06:12:29 - INFO - epoch-606, train_loss-0.0822, train_rmse-0.2866, valid_rmse-1.2052, valid_pr-0.7700
2023-10-09 06:15:32 - INFO - epoch-607, train_loss-0.0947, train_rmse-0.3078, valid_rmse-1.1900, valid_pr-0.7724
2023-10-09 06:18:27 - INFO - epoch-608, train_loss-0.0710, train_rmse-0.2665, valid_rmse-1.1856, valid_pr-0.7733
2023-10-09 06:21:22 - INFO - epoch-609, train_loss-0.0689, train_rmse-0.2625, valid_rmse-1.1842, valid_pr-0.7763
2023-10-09 06:24:11 - INFO - epoch-610, train_loss-0.0773, train_rmse-0.2781, valid_rmse-1.1849, valid_pr-0.7709
2023-10-09 06:27:05 - INFO - epoch-611, train_loss-0.0667, train_rmse-0.2582, valid_rmse-1.1891, valid_pr-0.7700
2023-10-09 06:30:00 - INFO - epoch-612, train_loss-0.0976, train_rmse-0.3124, valid_rmse-1.1985, valid_pr-0.7705
2023-10-09 06:32:56 - INFO - epoch-613, train_loss-0.0720, train_rmse-0.2684, valid_rmse-1.1817, valid_pr-0.7740
2023-10-09 06:35:49 - INFO - epoch-614, train_loss-0.0652, train_rmse-0.2554, valid_rmse-1.2102, valid_pr-0.7743
2023-10-09 06:38:42 - INFO - epoch-615, train_loss-0.0814, train_rmse-0.2852, valid_rmse-1.1994, valid_pr-0.7734
2023-10-09 06:41:35 - INFO - epoch-616, train_loss-0.0821, train_rmse-0.2865, valid_rmse-1.1824, valid_pr-0.7730
2023-10-09 06:44:27 - INFO - epoch-617, train_loss-0.0736, train_rmse-0.2713, valid_rmse-1.1889, valid_pr-0.7750
2023-10-09 06:47:19 - INFO - epoch-618, train_loss-0.0713, train_rmse-0.2670, valid_rmse-1.1931, valid_pr-0.7676
2023-10-09 06:50:05 - INFO - epoch-619, train_loss-0.0778, train_rmse-0.2789, valid_rmse-1.1837, valid_pr-0.7724
2023-10-09 06:53:04 - INFO - epoch-620, train_loss-0.0773, train_rmse-0.2780, valid_rmse-1.1855, valid_pr-0.7728
2023-10-09 06:55:57 - INFO - epoch-621, train_loss-0.0828, train_rmse-0.2877, valid_rmse-1.1987, valid_pr-0.7685
2023-10-09 06:58:58 - INFO - epoch-622, train_loss-0.0807, train_rmse-0.2841, valid_rmse-1.1771, valid_pr-0.7756
2023-10-09 07:01:50 - INFO - epoch-623, train_loss-0.0719, train_rmse-0.2681, valid_rmse-1.1774, valid_pr-0.7738
2023-10-09 07:04:43 - INFO - epoch-624, train_loss-0.0725, train_rmse-0.2692, valid_rmse-1.1754, valid_pr-0.7760
2023-10-09 07:07:41 - INFO - epoch-625, train_loss-0.0911, train_rmse-0.3018, valid_rmse-1.1869, valid_pr-0.7703
2023-10-09 07:10:32 - INFO - epoch-626, train_loss-0.0848, train_rmse-0.2913, valid_rmse-1.2100, valid_pr-0.7740
2023-10-09 07:13:24 - INFO - epoch-627, train_loss-0.0818, train_rmse-0.2860, valid_rmse-1.1814, valid_pr-0.7724
2023-10-09 07:16:13 - INFO - epoch-628, train_loss-0.0780, train_rmse-0.2793, valid_rmse-1.1935, valid_pr-0.7683
2023-10-09 07:19:09 - INFO - epoch-629, train_loss-0.0730, train_rmse-0.2702, valid_rmse-1.1977, valid_pr-0.7702
2023-10-09 07:22:01 - INFO - epoch-630, train_loss-0.0759, train_rmse-0.2754, valid_rmse-1.2088, valid_pr-0.7730
2023-10-09 07:25:12 - INFO - epoch-631, train_loss-0.0774, train_rmse-0.2783, valid_rmse-1.1900, valid_pr-0.7712
2023-10-09 07:28:09 - INFO - epoch-632, train_loss-0.0764, train_rmse-0.2764, valid_rmse-1.1968, valid_pr-0.7706
2023-10-09 07:31:02 - INFO - epoch-633, train_loss-0.0747, train_rmse-0.2734, valid_rmse-1.1906, valid_pr-0.7699
2023-10-09 07:33:54 - INFO - epoch-634, train_loss-0.0840, train_rmse-0.2898, valid_rmse-1.1881, valid_pr-0.7705
2023-10-09 07:36:48 - INFO - epoch-635, train_loss-0.0831, train_rmse-0.2883, valid_rmse-1.1792, valid_pr-0.7726
2023-10-09 07:39:37 - INFO - epoch-636, train_loss-0.0897, train_rmse-0.2995, valid_rmse-1.1933, valid_pr-0.7675
2023-10-09 07:42:37 - INFO - epoch-637, train_loss-0.0739, train_rmse-0.2719, valid_rmse-1.1841, valid_pr-0.7771
2023-10-09 07:45:28 - INFO - epoch-638, train_loss-0.0756, train_rmse-0.2749, valid_rmse-1.1856, valid_pr-0.7736
2023-10-09 07:48:39 - INFO - epoch-639, train_loss-0.0736, train_rmse-0.2714, valid_rmse-1.1734, valid_pr-0.7774
2023-10-09 07:51:38 - INFO - epoch-640, train_loss-0.0655, train_rmse-0.2560, valid_rmse-1.1804, valid_pr-0.7729
2023-10-09 07:54:31 - INFO - epoch-641, train_loss-0.0786, train_rmse-0.2803, valid_rmse-1.1888, valid_pr-0.7728
2023-10-09 07:57:23 - INFO - epoch-642, train_loss-0.0756, train_rmse-0.2750, valid_rmse-1.1837, valid_pr-0.7708
2023-10-09 08:00:15 - INFO - epoch-643, train_loss-0.0808, train_rmse-0.2842, valid_rmse-1.1806, valid_pr-0.7730
2023-10-09 08:03:12 - INFO - epoch-644, train_loss-0.0777, train_rmse-0.2787, valid_rmse-1.1888, valid_pr-0.7703
2023-10-09 08:06:04 - INFO - epoch-645, train_loss-0.0794, train_rmse-0.2819, valid_rmse-1.1913, valid_pr-0.7776
2023-10-09 08:08:58 - INFO - epoch-646, train_loss-0.0819, train_rmse-0.2861, valid_rmse-1.1930, valid_pr-0.7743
2023-10-09 08:11:51 - INFO - epoch-647, train_loss-0.0786, train_rmse-0.2803, valid_rmse-1.1834, valid_pr-0.7763
2023-10-09 08:14:20 - INFO - epoch-648, train_loss-0.0731, train_rmse-0.2703, valid_rmse-1.1750, valid_pr-0.7770
2023-10-09 08:16:50 - INFO - epoch-649, train_loss-0.0691, train_rmse-0.2629, valid_rmse-1.1808, valid_pr-0.7725
2023-10-09 08:19:19 - INFO - epoch-650, train_loss-0.0790, train_rmse-0.2811, valid_rmse-1.2092, valid_pr-0.7715
2023-10-09 08:21:47 - INFO - epoch-651, train_loss-0.0854, train_rmse-0.2923, valid_rmse-1.1771, valid_pr-0.7738
2023-10-09 08:39:00 - INFO - epoch-652, train_loss-0.0686, train_rmse-0.2618, valid_rmse-1.1787, valid_pr-0.7730
2023-10-09 08:41:28 - INFO - epoch-653, train_loss-0.0864, train_rmse-0.2940, valid_rmse-1.2037, valid_pr-0.7767
2023-10-09 08:43:56 - INFO - epoch-654, train_loss-0.0809, train_rmse-0.2844, valid_rmse-1.1750, valid_pr-0.7758
2023-10-09 08:46:25 - INFO - epoch-655, train_loss-0.0886, train_rmse-0.2976, valid_rmse-1.1840, valid_pr-0.7742
2023-10-09 08:48:54 - INFO - epoch-656, train_loss-0.0756, train_rmse-0.2749, valid_rmse-1.1733, valid_pr-0.7754
2023-10-09 08:51:23 - INFO - epoch-657, train_loss-0.0738, train_rmse-0.2717, valid_rmse-1.1761, valid_pr-0.7761
2023-10-09 08:53:56 - INFO - epoch-658, train_loss-0.0808, train_rmse-0.2842, valid_rmse-1.1797, valid_pr-0.7730
2023-10-09 08:56:25 - INFO - epoch-659, train_loss-0.0747, train_rmse-0.2734, valid_rmse-1.1707, valid_pr-0.7797
2023-10-09 08:58:53 - INFO - epoch-660, train_loss-0.0713, train_rmse-0.2670, valid_rmse-1.1726, valid_pr-0.7760
2023-10-09 09:01:23 - INFO - epoch-661, train_loss-0.0769, train_rmse-0.2774, valid_rmse-1.1716, valid_pr-0.7774
2023-10-09 09:03:52 - INFO - epoch-662, train_loss-0.0732, train_rmse-0.2706, valid_rmse-1.1791, valid_pr-0.7741
2023-10-09 09:06:21 - INFO - epoch-663, train_loss-0.0709, train_rmse-0.2662, valid_rmse-1.1830, valid_pr-0.7725
2023-10-09 09:09:00 - INFO - epoch-664, train_loss-0.0820, train_rmse-0.2864, valid_rmse-1.1694, valid_pr-0.7779
2023-10-09 09:11:33 - INFO - epoch-665, train_loss-0.0859, train_rmse-0.2931, valid_rmse-1.1873, valid_pr-0.7708
2023-10-09 09:14:03 - INFO - epoch-666, train_loss-0.0720, train_rmse-0.2683, valid_rmse-1.1715, valid_pr-0.7764
2023-10-09 09:17:09 - INFO - epoch-667, train_loss-0.0758, train_rmse-0.2753, valid_rmse-1.1786, valid_pr-0.7738
2023-10-09 09:19:06 - INFO - epoch-668, train_loss-0.0701, train_rmse-0.2648, valid_rmse-1.1857, valid_pr-0.7714
2023-10-09 09:21:04 - INFO - epoch-669, train_loss-0.0777, train_rmse-0.2788, valid_rmse-1.1911, valid_pr-0.7692
2023-10-09 09:23:03 - INFO - epoch-670, train_loss-0.0778, train_rmse-0.2790, valid_rmse-1.1751, valid_pr-0.7744
2023-10-09 09:25:01 - INFO - epoch-671, train_loss-0.0711, train_rmse-0.2666, valid_rmse-1.1755, valid_pr-0.7749
2023-10-09 09:26:59 - INFO - epoch-672, train_loss-0.0766, train_rmse-0.2768, valid_rmse-1.1808, valid_pr-0.7770
2023-10-09 09:28:56 - INFO - epoch-673, train_loss-0.0738, train_rmse-0.2717, valid_rmse-1.1929, valid_pr-0.7723
2023-10-09 09:30:55 - INFO - epoch-674, train_loss-0.0694, train_rmse-0.2635, valid_rmse-1.1830, valid_pr-0.7716
2023-10-09 09:32:53 - INFO - epoch-675, train_loss-0.0753, train_rmse-0.2744, valid_rmse-1.1892, valid_pr-0.7695
2023-10-09 09:34:50 - INFO - epoch-676, train_loss-0.0630, train_rmse-0.2509, valid_rmse-1.1770, valid_pr-0.7746
2023-10-09 09:36:48 - INFO - epoch-677, train_loss-0.0698, train_rmse-0.2642, valid_rmse-1.1759, valid_pr-0.7751
2023-10-09 09:38:46 - INFO - epoch-678, train_loss-0.0674, train_rmse-0.2596, valid_rmse-1.1768, valid_pr-0.7763
2023-10-09 09:40:43 - INFO - epoch-679, train_loss-0.0758, train_rmse-0.2753, valid_rmse-1.1819, valid_pr-0.7744
2023-10-09 09:42:41 - INFO - epoch-680, train_loss-0.0611, train_rmse-0.2472, valid_rmse-1.1823, valid_pr-0.7716
2023-10-09 09:44:39 - INFO - epoch-681, train_loss-0.0762, train_rmse-0.2761, valid_rmse-1.1863, valid_pr-0.7719
2023-10-09 09:46:36 - INFO - epoch-682, train_loss-0.0850, train_rmse-0.2915, valid_rmse-1.2030, valid_pr-0.7731
2023-10-09 09:48:37 - INFO - epoch-683, train_loss-0.0724, train_rmse-0.2691, valid_rmse-1.1874, valid_pr-0.7700
2023-10-09 09:50:36 - INFO - epoch-684, train_loss-0.0796, train_rmse-0.2821, valid_rmse-1.1880, valid_pr-0.7723
2023-10-09 09:52:34 - INFO - epoch-685, train_loss-0.0844, train_rmse-0.2905, valid_rmse-1.1832, valid_pr-0.7725
2023-10-09 09:54:33 - INFO - epoch-686, train_loss-0.0675, train_rmse-0.2598, valid_rmse-1.1703, valid_pr-0.7769
2023-10-09 09:56:32 - INFO - epoch-687, train_loss-0.0731, train_rmse-0.2704, valid_rmse-1.1853, valid_pr-0.7711
2023-10-09 09:58:33 - INFO - epoch-688, train_loss-0.0715, train_rmse-0.2675, valid_rmse-1.1837, valid_pr-0.7724
2023-10-09 10:00:43 - INFO - epoch-689, train_loss-0.0774, train_rmse-0.2781, valid_rmse-1.1798, valid_pr-0.7769
2023-10-09 10:02:41 - INFO - epoch-690, train_loss-0.0780, train_rmse-0.2793, valid_rmse-1.1745, valid_pr-0.7757
2023-10-09 10:04:39 - INFO - epoch-691, train_loss-0.0806, train_rmse-0.2840, valid_rmse-1.1864, valid_pr-0.7719
2023-10-09 10:06:37 - INFO - epoch-692, train_loss-0.0661, train_rmse-0.2571, valid_rmse-1.1745, valid_pr-0.7754
2023-10-09 10:08:36 - INFO - epoch-693, train_loss-0.0887, train_rmse-0.2978, valid_rmse-1.1935, valid_pr-0.7745
2023-10-09 10:10:42 - INFO - epoch-694, train_loss-0.0683, train_rmse-0.2613, valid_rmse-1.1837, valid_pr-0.7751
2023-10-09 10:12:45 - INFO - epoch-695, train_loss-0.0815, train_rmse-0.2854, valid_rmse-1.1716, valid_pr-0.7776
2023-10-09 10:14:43 - INFO - epoch-696, train_loss-0.0787, train_rmse-0.2806, valid_rmse-1.1771, valid_pr-0.7743
2023-10-09 10:16:41 - INFO - epoch-697, train_loss-0.0806, train_rmse-0.2839, valid_rmse-1.1808, valid_pr-0.7737
2023-10-09 10:16:41 - INFO - early stop in epoch 697
2023-10-09 10:16:41 - INFO - best_rmse: 1.1680
2023-10-09 10:17:05 - INFO - valid_rmse-1.1680, valid_pr-0.7778, test2016_rmse-1.1185, test2016_pr-0.8658,
