2023-10-09 18:25:11 - INFO - train_ConBAP.py
2023-10-09 18:25:11 - INFO - train data: 11693
2023-10-09 18:25:11 - INFO - valid data: 983
2023-10-09 18:25:11 - INFO - test2016 data: 285
2023-10-09 18:27:28 - INFO - epoch-0, train_loss-42.1319, train_rmse-6.4909, valid_rmse-4.9920, valid_pr-0.5062
2023-10-09 18:29:46 - INFO - epoch-1, train_loss-38.5663, train_rmse-6.2102, valid_rmse-8.6117, valid_pr--0.1348
2023-10-09 18:32:02 - INFO - epoch-2, train_loss-32.5381, train_rmse-5.7042, valid_rmse-4.9980, valid_pr-0.5711
2023-10-09 18:34:18 - INFO - epoch-3, train_loss-24.3422, train_rmse-4.9338, valid_rmse-4.4427, valid_pr-0.5642
2023-10-09 18:36:37 - INFO - epoch-4, train_loss-16.2814, train_rmse-4.0350, valid_rmse-5.1931, valid_pr-0.4600
2023-10-09 18:38:54 - INFO - epoch-5, train_loss-9.6078, train_rmse-3.0996, valid_rmse-2.2067, valid_pr-0.5351
2023-10-09 18:41:11 - INFO - epoch-6, train_loss-5.4879, train_rmse-2.3426, valid_rmse-2.4266, valid_pr-0.5870
2023-10-09 18:43:28 - INFO - epoch-7, train_loss-3.6452, train_rmse-1.9092, valid_rmse-1.8744, valid_pr-0.5276
2023-10-09 18:45:52 - INFO - epoch-8, train_loss-2.8925, train_rmse-1.7007, valid_rmse-1.5112, valid_pr-0.6043
2023-10-09 18:48:09 - INFO - epoch-9, train_loss-2.6456, train_rmse-1.6265, valid_rmse-1.8278, valid_pr-0.5351
2023-10-09 18:50:27 - INFO - epoch-10, train_loss-2.5884, train_rmse-1.6089, valid_rmse-1.4737, valid_pr-0.6168
2023-10-09 18:52:44 - INFO - epoch-11, train_loss-2.4802, train_rmse-1.5749, valid_rmse-1.5126, valid_pr-0.6010
2023-10-09 18:55:16 - INFO - epoch-12, train_loss-2.2658, train_rmse-1.5053, valid_rmse-1.4404, valid_pr-0.6356
2023-10-09 18:57:34 - INFO - epoch-13, train_loss-2.2465, train_rmse-1.4988, valid_rmse-1.4737, valid_pr-0.6444
2023-10-09 18:59:50 - INFO - epoch-14, train_loss-2.1669, train_rmse-1.4720, valid_rmse-1.5234, valid_pr-0.6432
2023-10-09 19:02:06 - INFO - epoch-15, train_loss-2.0958, train_rmse-1.4477, valid_rmse-1.4530, valid_pr-0.6497
2023-10-09 19:04:23 - INFO - epoch-16, train_loss-2.0507, train_rmse-1.4320, valid_rmse-1.4396, valid_pr-0.6509
2023-10-09 19:06:44 - INFO - epoch-17, train_loss-2.0707, train_rmse-1.4390, valid_rmse-1.6645, valid_pr-0.5152
2023-10-09 19:09:01 - INFO - epoch-18, train_loss-2.1006, train_rmse-1.4493, valid_rmse-1.4361, valid_pr-0.6505
2023-10-09 19:11:18 - INFO - epoch-19, train_loss-2.0254, train_rmse-1.4232, valid_rmse-1.5282, valid_pr-0.6602
2023-10-09 19:13:35 - INFO - epoch-20, train_loss-1.9714, train_rmse-1.4041, valid_rmse-1.6361, valid_pr-0.6628
2023-10-09 19:15:51 - INFO - epoch-21, train_loss-1.9331, train_rmse-1.3903, valid_rmse-1.4916, valid_pr-0.6622
2023-10-09 19:18:08 - INFO - epoch-22, train_loss-1.8876, train_rmse-1.3739, valid_rmse-1.4130, valid_pr-0.6743
2023-10-09 19:20:25 - INFO - epoch-23, train_loss-1.8736, train_rmse-1.3688, valid_rmse-1.5919, valid_pr-0.6582
2023-10-09 19:22:42 - INFO - epoch-24, train_loss-1.8585, train_rmse-1.3633, valid_rmse-1.3603, valid_pr-0.6815
2023-10-09 19:24:59 - INFO - epoch-25, train_loss-1.8271, train_rmse-1.3517, valid_rmse-1.6982, valid_pr-0.7021
2023-10-09 19:27:16 - INFO - epoch-26, train_loss-1.8192, train_rmse-1.3488, valid_rmse-1.6359, valid_pr-0.6737
2023-10-09 19:29:33 - INFO - epoch-27, train_loss-1.7969, train_rmse-1.3405, valid_rmse-1.4316, valid_pr-0.6923
2023-10-09 19:31:49 - INFO - epoch-28, train_loss-1.7783, train_rmse-1.3335, valid_rmse-1.3778, valid_pr-0.6900
2023-10-09 19:34:06 - INFO - epoch-29, train_loss-1.7567, train_rmse-1.3254, valid_rmse-1.4982, valid_pr-0.7061
2023-10-09 19:36:23 - INFO - epoch-30, train_loss-1.7381, train_rmse-1.3184, valid_rmse-1.3275, valid_pr-0.7034
2023-10-09 19:38:40 - INFO - epoch-31, train_loss-1.7094, train_rmse-1.3074, valid_rmse-1.3478, valid_pr-0.6950
2023-10-09 19:40:57 - INFO - epoch-32, train_loss-1.6818, train_rmse-1.2968, valid_rmse-1.5428, valid_pr-0.6884
2023-10-09 19:43:14 - INFO - epoch-33, train_loss-1.6511, train_rmse-1.2849, valid_rmse-1.5742, valid_pr-0.6895
2023-10-09 19:45:31 - INFO - epoch-34, train_loss-1.6349, train_rmse-1.2787, valid_rmse-1.3423, valid_pr-0.7114
2023-10-09 19:47:48 - INFO - epoch-35, train_loss-1.5831, train_rmse-1.2582, valid_rmse-1.3527, valid_pr-0.7130
2023-10-09 19:50:05 - INFO - epoch-36, train_loss-1.5724, train_rmse-1.2540, valid_rmse-1.3045, valid_pr-0.7268
2023-10-09 19:52:23 - INFO - epoch-37, train_loss-1.5659, train_rmse-1.2513, valid_rmse-1.3644, valid_pr-0.7035
2023-10-09 19:54:41 - INFO - epoch-38, train_loss-1.5515, train_rmse-1.2456, valid_rmse-1.2868, valid_pr-0.7243
2023-10-09 19:56:58 - INFO - epoch-39, train_loss-1.5144, train_rmse-1.2306, valid_rmse-1.8295, valid_pr-0.6974
2023-10-09 19:59:15 - INFO - epoch-40, train_loss-1.4968, train_rmse-1.2234, valid_rmse-1.3314, valid_pr-0.7175
2023-10-09 20:01:32 - INFO - epoch-41, train_loss-1.4453, train_rmse-1.2022, valid_rmse-1.5126, valid_pr-0.7039
2023-10-09 20:03:49 - INFO - epoch-42, train_loss-1.4117, train_rmse-1.1881, valid_rmse-1.5178, valid_pr-0.7118
2023-10-09 20:06:07 - INFO - epoch-43, train_loss-1.3619, train_rmse-1.1670, valid_rmse-1.3539, valid_pr-0.7281
2023-10-09 20:08:23 - INFO - epoch-44, train_loss-1.3727, train_rmse-1.1716, valid_rmse-1.3037, valid_pr-0.7220
2023-10-09 20:10:40 - INFO - epoch-45, train_loss-1.3355, train_rmse-1.1556, valid_rmse-1.5454, valid_pr-0.7202
2023-10-09 20:12:57 - INFO - epoch-46, train_loss-1.2788, train_rmse-1.1309, valid_rmse-1.2934, valid_pr-0.7316
2023-10-09 20:15:14 - INFO - epoch-47, train_loss-1.2510, train_rmse-1.1185, valid_rmse-1.3727, valid_pr-0.7329
2023-10-09 20:17:32 - INFO - epoch-48, train_loss-1.2188, train_rmse-1.1040, valid_rmse-1.3294, valid_pr-0.7305
2023-10-09 20:19:49 - INFO - epoch-49, train_loss-1.1745, train_rmse-1.0838, valid_rmse-1.3264, valid_pr-0.7114
2023-10-09 20:22:06 - INFO - epoch-50, train_loss-1.1541, train_rmse-1.0743, valid_rmse-1.2986, valid_pr-0.7309
2023-10-09 20:24:22 - INFO - epoch-51, train_loss-1.1465, train_rmse-1.0707, valid_rmse-1.3077, valid_pr-0.7310
2023-10-09 20:26:40 - INFO - epoch-52, train_loss-1.1220, train_rmse-1.0592, valid_rmse-1.3328, valid_pr-0.7308
2023-10-09 20:28:57 - INFO - epoch-53, train_loss-1.0600, train_rmse-1.0296, valid_rmse-1.2867, valid_pr-0.7220
2023-10-09 20:31:14 - INFO - epoch-54, train_loss-1.0396, train_rmse-1.0196, valid_rmse-1.2895, valid_pr-0.7317
2023-10-09 20:33:31 - INFO - epoch-55, train_loss-0.9894, train_rmse-0.9947, valid_rmse-1.4590, valid_pr-0.7376
2023-10-09 20:35:48 - INFO - epoch-56, train_loss-0.9915, train_rmse-0.9957, valid_rmse-1.2918, valid_pr-0.7318
2023-10-09 20:38:05 - INFO - epoch-57, train_loss-0.9818, train_rmse-0.9909, valid_rmse-1.3503, valid_pr-0.7232
2023-10-09 20:40:21 - INFO - epoch-58, train_loss-0.9184, train_rmse-0.9583, valid_rmse-1.3210, valid_pr-0.7164
2023-10-09 20:42:38 - INFO - epoch-59, train_loss-0.8809, train_rmse-0.9386, valid_rmse-1.3420, valid_pr-0.7357
2023-10-09 20:44:56 - INFO - epoch-60, train_loss-0.8331, train_rmse-0.9128, valid_rmse-1.3791, valid_pr-0.7357
2023-10-09 20:47:13 - INFO - epoch-61, train_loss-0.8158, train_rmse-0.9032, valid_rmse-1.2820, valid_pr-0.7301
2023-10-09 20:49:31 - INFO - epoch-62, train_loss-0.7685, train_rmse-0.8767, valid_rmse-1.2899, valid_pr-0.7338
2023-10-09 20:51:48 - INFO - epoch-63, train_loss-0.7592, train_rmse-0.8713, valid_rmse-1.2923, valid_pr-0.7396
2023-10-09 20:54:05 - INFO - epoch-64, train_loss-0.7486, train_rmse-0.8652, valid_rmse-1.6763, valid_pr-0.7207
2023-10-09 20:56:21 - INFO - epoch-65, train_loss-0.7048, train_rmse-0.8395, valid_rmse-1.4186, valid_pr-0.7351
2023-10-09 20:58:38 - INFO - epoch-66, train_loss-0.6766, train_rmse-0.8226, valid_rmse-1.6286, valid_pr-0.7326
2023-10-09 21:00:54 - INFO - epoch-67, train_loss-0.6696, train_rmse-0.8183, valid_rmse-1.2852, valid_pr-0.7270
2023-10-09 21:03:11 - INFO - epoch-68, train_loss-0.6058, train_rmse-0.7784, valid_rmse-1.2793, valid_pr-0.7446
2023-10-09 21:05:28 - INFO - epoch-69, train_loss-0.6246, train_rmse-0.7903, valid_rmse-1.3743, valid_pr-0.7228
2023-10-09 21:07:47 - INFO - epoch-70, train_loss-0.5868, train_rmse-0.7661, valid_rmse-1.3851, valid_pr-0.7258
2023-10-09 21:10:03 - INFO - epoch-71, train_loss-0.5563, train_rmse-0.7459, valid_rmse-1.4892, valid_pr-0.7497
2023-10-09 21:12:20 - INFO - epoch-72, train_loss-0.5130, train_rmse-0.7162, valid_rmse-1.2780, valid_pr-0.7382
2023-10-09 21:14:37 - INFO - epoch-73, train_loss-0.5190, train_rmse-0.7204, valid_rmse-1.3457, valid_pr-0.7333
2023-10-09 21:16:54 - INFO - epoch-74, train_loss-0.4935, train_rmse-0.7025, valid_rmse-1.3920, valid_pr-0.7314
2023-10-09 21:19:11 - INFO - epoch-75, train_loss-0.4752, train_rmse-0.6894, valid_rmse-1.4591, valid_pr-0.7149
2023-10-09 21:21:27 - INFO - epoch-76, train_loss-0.4776, train_rmse-0.6911, valid_rmse-1.2986, valid_pr-0.7332
2023-10-09 21:23:44 - INFO - epoch-77, train_loss-0.4491, train_rmse-0.6701, valid_rmse-1.4347, valid_pr-0.7246
2023-10-09 21:26:00 - INFO - epoch-78, train_loss-0.4349, train_rmse-0.6595, valid_rmse-1.3129, valid_pr-0.7364
2023-10-09 21:28:22 - INFO - epoch-79, train_loss-0.3926, train_rmse-0.6265, valid_rmse-1.4951, valid_pr-0.7319
2023-10-09 21:30:39 - INFO - epoch-80, train_loss-0.4068, train_rmse-0.6378, valid_rmse-1.5150, valid_pr-0.7222
2023-10-09 21:32:56 - INFO - epoch-81, train_loss-0.3950, train_rmse-0.6285, valid_rmse-1.4525, valid_pr-0.7275
2023-10-09 21:35:12 - INFO - epoch-82, train_loss-0.3586, train_rmse-0.5988, valid_rmse-1.3354, valid_pr-0.7232
2023-10-09 21:37:29 - INFO - epoch-83, train_loss-0.3544, train_rmse-0.5953, valid_rmse-1.2912, valid_pr-0.7350
2023-10-09 21:39:46 - INFO - epoch-84, train_loss-0.3327, train_rmse-0.5768, valid_rmse-1.2899, valid_pr-0.7316
2023-10-09 21:42:03 - INFO - epoch-85, train_loss-0.3231, train_rmse-0.5684, valid_rmse-1.2915, valid_pr-0.7345
2023-10-09 21:44:21 - INFO - epoch-86, train_loss-0.3040, train_rmse-0.5513, valid_rmse-1.4124, valid_pr-0.7168
2023-10-09 21:46:37 - INFO - epoch-87, train_loss-0.2970, train_rmse-0.5450, valid_rmse-1.3027, valid_pr-0.7259
2023-10-09 21:48:54 - INFO - epoch-88, train_loss-0.2918, train_rmse-0.5401, valid_rmse-1.3445, valid_pr-0.7095
2023-10-09 21:51:12 - INFO - epoch-89, train_loss-0.2816, train_rmse-0.5307, valid_rmse-1.3385, valid_pr-0.7319
2023-10-09 21:53:28 - INFO - epoch-90, train_loss-0.2853, train_rmse-0.5341, valid_rmse-1.3477, valid_pr-0.7223
2023-10-09 21:55:45 - INFO - epoch-91, train_loss-0.2689, train_rmse-0.5186, valid_rmse-1.3407, valid_pr-0.7105
2023-10-09 21:58:02 - INFO - epoch-92, train_loss-0.2886, train_rmse-0.5372, valid_rmse-1.3365, valid_pr-0.7198
2023-10-09 22:00:19 - INFO - epoch-93, train_loss-0.2483, train_rmse-0.4983, valid_rmse-1.3042, valid_pr-0.7312
2023-10-09 22:02:36 - INFO - epoch-94, train_loss-0.2418, train_rmse-0.4918, valid_rmse-1.3092, valid_pr-0.7292
2023-10-09 22:04:53 - INFO - epoch-95, train_loss-0.2210, train_rmse-0.4701, valid_rmse-1.3480, valid_pr-0.7390
2023-10-09 22:07:14 - INFO - epoch-96, train_loss-0.2326, train_rmse-0.4823, valid_rmse-1.3509, valid_pr-0.7276
2023-10-09 22:09:31 - INFO - epoch-97, train_loss-0.2469, train_rmse-0.4969, valid_rmse-1.3167, valid_pr-0.7279
2023-10-09 22:11:49 - INFO - epoch-98, train_loss-0.2547, train_rmse-0.5047, valid_rmse-1.3220, valid_pr-0.7387
2023-10-09 22:14:05 - INFO - epoch-99, train_loss-0.2252, train_rmse-0.4745, valid_rmse-1.3299, valid_pr-0.7345
2023-10-09 22:16:22 - INFO - epoch-100, train_loss-0.2267, train_rmse-0.4761, valid_rmse-1.2576, valid_pr-0.7375
2023-10-09 22:18:39 - INFO - epoch-101, train_loss-0.2264, train_rmse-0.4758, valid_rmse-1.4593, valid_pr-0.7185
2023-10-09 22:20:55 - INFO - epoch-102, train_loss-0.2344, train_rmse-0.4841, valid_rmse-1.3638, valid_pr-0.7401
2023-10-09 22:23:12 - INFO - epoch-103, train_loss-0.2085, train_rmse-0.4566, valid_rmse-1.3040, valid_pr-0.7299
2023-10-09 22:25:30 - INFO - epoch-104, train_loss-0.2097, train_rmse-0.4580, valid_rmse-1.2869, valid_pr-0.7322
2023-10-09 22:27:39 - INFO - epoch-105, train_loss-0.1889, train_rmse-0.4346, valid_rmse-1.3245, valid_pr-0.7318
2023-10-09 22:29:36 - INFO - epoch-106, train_loss-0.2157, train_rmse-0.4644, valid_rmse-1.4475, valid_pr-0.7298
2023-10-09 22:31:33 - INFO - epoch-107, train_loss-0.2010, train_rmse-0.4484, valid_rmse-1.2979, valid_pr-0.7298
2023-10-09 22:33:31 - INFO - epoch-108, train_loss-0.1995, train_rmse-0.4467, valid_rmse-1.4764, valid_pr-0.7122
2023-10-09 22:35:30 - INFO - epoch-109, train_loss-0.2061, train_rmse-0.4539, valid_rmse-1.3351, valid_pr-0.7296
2023-10-09 22:37:28 - INFO - epoch-110, train_loss-0.1974, train_rmse-0.4442, valid_rmse-1.2723, valid_pr-0.7384
2023-10-09 22:39:26 - INFO - epoch-111, train_loss-0.1756, train_rmse-0.4191, valid_rmse-1.2937, valid_pr-0.7468
2023-10-09 22:41:23 - INFO - epoch-112, train_loss-0.1899, train_rmse-0.4358, valid_rmse-1.3164, valid_pr-0.7320
2023-10-09 22:43:21 - INFO - epoch-113, train_loss-0.2035, train_rmse-0.4512, valid_rmse-1.2993, valid_pr-0.7279
2023-10-09 22:45:19 - INFO - epoch-114, train_loss-0.1986, train_rmse-0.4456, valid_rmse-1.2826, valid_pr-0.7406
2023-10-09 22:47:16 - INFO - epoch-115, train_loss-0.1822, train_rmse-0.4269, valid_rmse-1.4353, valid_pr-0.7382
2023-10-09 22:49:13 - INFO - epoch-116, train_loss-0.1783, train_rmse-0.4222, valid_rmse-1.2754, valid_pr-0.7385
2023-10-09 22:51:11 - INFO - epoch-117, train_loss-0.1755, train_rmse-0.4189, valid_rmse-1.4441, valid_pr-0.7383
2023-10-09 22:53:08 - INFO - epoch-118, train_loss-0.1872, train_rmse-0.4327, valid_rmse-1.2754, valid_pr-0.7370
2023-10-09 22:55:05 - INFO - epoch-119, train_loss-0.1751, train_rmse-0.4185, valid_rmse-1.2846, valid_pr-0.7409
2023-10-09 22:57:06 - INFO - epoch-120, train_loss-0.1588, train_rmse-0.3985, valid_rmse-1.3386, valid_pr-0.7349
2023-10-09 22:59:03 - INFO - epoch-121, train_loss-0.1788, train_rmse-0.4228, valid_rmse-1.2836, valid_pr-0.7356
2023-10-09 23:01:01 - INFO - epoch-122, train_loss-0.1729, train_rmse-0.4159, valid_rmse-1.2777, valid_pr-0.7329
2023-10-09 23:03:00 - INFO - epoch-123, train_loss-0.1781, train_rmse-0.4220, valid_rmse-1.2738, valid_pr-0.7439
2023-10-09 23:04:57 - INFO - epoch-124, train_loss-0.1865, train_rmse-0.4319, valid_rmse-1.2500, valid_pr-0.7479
2023-10-09 23:06:56 - INFO - epoch-125, train_loss-0.1721, train_rmse-0.4148, valid_rmse-1.2593, valid_pr-0.7410
2023-10-09 23:08:54 - INFO - epoch-126, train_loss-0.1696, train_rmse-0.4119, valid_rmse-1.2740, valid_pr-0.7347
2023-10-09 23:10:53 - INFO - epoch-127, train_loss-0.1610, train_rmse-0.4013, valid_rmse-1.2856, valid_pr-0.7387
2023-10-09 23:12:50 - INFO - epoch-128, train_loss-0.1632, train_rmse-0.4040, valid_rmse-1.2961, valid_pr-0.7341
2023-10-09 23:14:47 - INFO - epoch-129, train_loss-0.1345, train_rmse-0.3668, valid_rmse-1.3442, valid_pr-0.7457
2023-10-09 23:16:45 - INFO - epoch-130, train_loss-0.1646, train_rmse-0.4057, valid_rmse-1.4064, valid_pr-0.7348
2023-10-09 23:18:42 - INFO - epoch-131, train_loss-0.1736, train_rmse-0.4166, valid_rmse-1.2804, valid_pr-0.7477
2023-10-09 23:20:40 - INFO - epoch-132, train_loss-0.1735, train_rmse-0.4166, valid_rmse-1.5457, valid_pr-0.7428
2023-10-09 23:22:38 - INFO - epoch-133, train_loss-0.1398, train_rmse-0.3740, valid_rmse-1.3474, valid_pr-0.7416
2023-10-09 23:24:36 - INFO - epoch-134, train_loss-0.1519, train_rmse-0.3897, valid_rmse-1.3452, valid_pr-0.7401
2023-10-09 23:26:33 - INFO - epoch-135, train_loss-0.1532, train_rmse-0.3914, valid_rmse-1.2903, valid_pr-0.7466
2023-10-09 23:28:30 - INFO - epoch-136, train_loss-0.1669, train_rmse-0.4085, valid_rmse-1.3639, valid_pr-0.7423
2023-10-09 23:30:28 - INFO - epoch-137, train_loss-0.1735, train_rmse-0.4165, valid_rmse-1.3001, valid_pr-0.7361
2023-10-09 23:32:26 - INFO - epoch-138, train_loss-0.1648, train_rmse-0.4060, valid_rmse-1.3485, valid_pr-0.7445
2023-10-09 23:34:23 - INFO - epoch-139, train_loss-0.1555, train_rmse-0.3944, valid_rmse-1.3001, valid_pr-0.7496
2023-10-09 23:36:20 - INFO - epoch-140, train_loss-0.1708, train_rmse-0.4132, valid_rmse-1.3191, valid_pr-0.7321
2023-10-09 23:38:18 - INFO - epoch-141, train_loss-0.1620, train_rmse-0.4025, valid_rmse-1.2560, valid_pr-0.7414
2023-10-09 23:40:16 - INFO - epoch-142, train_loss-0.1480, train_rmse-0.3847, valid_rmse-1.3311, valid_pr-0.7513
2023-10-09 23:42:13 - INFO - epoch-143, train_loss-0.1517, train_rmse-0.3895, valid_rmse-1.2687, valid_pr-0.7372
2023-10-09 23:44:10 - INFO - epoch-144, train_loss-0.1826, train_rmse-0.4273, valid_rmse-1.2558, valid_pr-0.7509
2023-10-09 23:46:08 - INFO - epoch-145, train_loss-0.1497, train_rmse-0.3870, valid_rmse-1.3056, valid_pr-0.7413
2023-10-09 23:48:05 - INFO - epoch-146, train_loss-0.1327, train_rmse-0.3643, valid_rmse-1.2561, valid_pr-0.7402
2023-10-09 23:50:03 - INFO - epoch-147, train_loss-0.1567, train_rmse-0.3959, valid_rmse-1.2673, valid_pr-0.7431
2023-10-09 23:52:00 - INFO - epoch-148, train_loss-0.1312, train_rmse-0.3623, valid_rmse-1.2505, valid_pr-0.7486
2023-10-09 23:53:57 - INFO - epoch-149, train_loss-0.1352, train_rmse-0.3677, valid_rmse-1.3196, valid_pr-0.7469
2023-10-09 23:55:55 - INFO - epoch-150, train_loss-0.1452, train_rmse-0.3811, valid_rmse-1.2456, valid_pr-0.7547
2023-10-09 23:57:53 - INFO - epoch-151, train_loss-0.1504, train_rmse-0.3878, valid_rmse-1.2646, valid_pr-0.7486
2023-10-09 23:59:50 - INFO - epoch-152, train_loss-0.1472, train_rmse-0.3836, valid_rmse-1.2700, valid_pr-0.7474
2023-10-10 00:01:47 - INFO - epoch-153, train_loss-0.1415, train_rmse-0.3761, valid_rmse-1.2592, valid_pr-0.7431
2023-10-10 00:03:44 - INFO - epoch-154, train_loss-0.1406, train_rmse-0.3750, valid_rmse-1.2543, valid_pr-0.7441
2023-10-10 00:05:42 - INFO - epoch-155, train_loss-0.1217, train_rmse-0.3489, valid_rmse-1.2469, valid_pr-0.7525
2023-10-10 00:07:40 - INFO - epoch-156, train_loss-0.1408, train_rmse-0.3752, valid_rmse-1.2536, valid_pr-0.7472
2023-10-10 00:09:37 - INFO - epoch-157, train_loss-0.1636, train_rmse-0.4045, valid_rmse-1.2853, valid_pr-0.7524
2023-10-10 00:11:35 - INFO - epoch-158, train_loss-0.1621, train_rmse-0.4026, valid_rmse-1.2865, valid_pr-0.7396
2023-10-10 00:13:31 - INFO - epoch-159, train_loss-0.1422, train_rmse-0.3771, valid_rmse-1.2555, valid_pr-0.7456
2023-10-10 00:15:29 - INFO - epoch-160, train_loss-0.1518, train_rmse-0.3896, valid_rmse-1.3138, valid_pr-0.7491
2023-10-10 00:17:26 - INFO - epoch-161, train_loss-0.1429, train_rmse-0.3780, valid_rmse-1.2435, valid_pr-0.7525
2023-10-10 00:19:24 - INFO - epoch-162, train_loss-0.1273, train_rmse-0.3569, valid_rmse-1.2634, valid_pr-0.7451
2023-10-10 00:21:21 - INFO - epoch-163, train_loss-0.1196, train_rmse-0.3458, valid_rmse-1.2504, valid_pr-0.7506
2023-10-10 00:23:18 - INFO - epoch-164, train_loss-0.1121, train_rmse-0.3348, valid_rmse-1.2757, valid_pr-0.7458
2023-10-10 00:25:16 - INFO - epoch-165, train_loss-0.1143, train_rmse-0.3381, valid_rmse-1.4037, valid_pr-0.7501
2023-10-10 00:27:13 - INFO - epoch-166, train_loss-0.1212, train_rmse-0.3482, valid_rmse-1.2520, valid_pr-0.7448
2023-10-10 00:29:10 - INFO - epoch-167, train_loss-0.1394, train_rmse-0.3734, valid_rmse-1.3192, valid_pr-0.7498
2023-10-10 00:31:08 - INFO - epoch-168, train_loss-0.1507, train_rmse-0.3882, valid_rmse-1.2774, valid_pr-0.7368
2023-10-10 00:33:15 - INFO - epoch-169, train_loss-0.1681, train_rmse-0.4099, valid_rmse-1.2466, valid_pr-0.7497
2023-10-10 00:35:12 - INFO - epoch-170, train_loss-0.1393, train_rmse-0.3732, valid_rmse-1.2345, valid_pr-0.7562
2023-10-10 00:37:09 - INFO - epoch-171, train_loss-0.1347, train_rmse-0.3670, valid_rmse-1.2286, valid_pr-0.7533
2023-10-10 00:39:07 - INFO - epoch-172, train_loss-0.1408, train_rmse-0.3752, valid_rmse-1.2534, valid_pr-0.7522
2023-10-10 00:41:04 - INFO - epoch-173, train_loss-0.1172, train_rmse-0.3424, valid_rmse-1.2338, valid_pr-0.7504
2023-10-10 00:43:01 - INFO - epoch-174, train_loss-0.1193, train_rmse-0.3454, valid_rmse-1.2303, valid_pr-0.7600
2023-10-10 00:45:15 - INFO - epoch-175, train_loss-0.1266, train_rmse-0.3558, valid_rmse-1.2153, valid_pr-0.7623
2023-10-10 00:47:17 - INFO - epoch-176, train_loss-0.1171, train_rmse-0.3421, valid_rmse-1.2406, valid_pr-0.7509
2023-10-10 00:49:15 - INFO - epoch-177, train_loss-0.1219, train_rmse-0.3491, valid_rmse-1.2981, valid_pr-0.7482
2023-10-10 00:51:14 - INFO - epoch-178, train_loss-0.1420, train_rmse-0.3768, valid_rmse-1.2848, valid_pr-0.7510
2023-10-10 00:53:11 - INFO - epoch-179, train_loss-0.1367, train_rmse-0.3698, valid_rmse-1.2957, valid_pr-0.7496
2023-10-10 00:55:09 - INFO - epoch-180, train_loss-0.1440, train_rmse-0.3794, valid_rmse-1.2771, valid_pr-0.7480
2023-10-10 00:57:07 - INFO - epoch-181, train_loss-0.1410, train_rmse-0.3754, valid_rmse-1.2580, valid_pr-0.7462
2023-10-10 00:59:04 - INFO - epoch-182, train_loss-0.1439, train_rmse-0.3793, valid_rmse-1.2223, valid_pr-0.7583
2023-10-10 01:01:02 - INFO - epoch-183, train_loss-0.1271, train_rmse-0.3566, valid_rmse-1.2343, valid_pr-0.7553
2023-10-10 01:03:03 - INFO - epoch-184, train_loss-0.1119, train_rmse-0.3346, valid_rmse-1.2660, valid_pr-0.7545
2023-10-10 01:05:03 - INFO - epoch-185, train_loss-0.1179, train_rmse-0.3434, valid_rmse-1.2409, valid_pr-0.7538
2023-10-10 01:07:01 - INFO - epoch-186, train_loss-0.1183, train_rmse-0.3440, valid_rmse-1.2245, valid_pr-0.7578
2023-10-10 01:08:58 - INFO - epoch-187, train_loss-0.1255, train_rmse-0.3542, valid_rmse-1.2312, valid_pr-0.7549
2023-10-10 01:10:55 - INFO - epoch-188, train_loss-0.1102, train_rmse-0.3320, valid_rmse-1.2236, valid_pr-0.7593
2023-10-10 01:12:53 - INFO - epoch-189, train_loss-0.1254, train_rmse-0.3541, valid_rmse-1.2733, valid_pr-0.7576
2023-10-10 01:14:51 - INFO - epoch-190, train_loss-0.1205, train_rmse-0.3472, valid_rmse-1.2231, valid_pr-0.7565
2023-10-10 01:16:48 - INFO - epoch-191, train_loss-0.1330, train_rmse-0.3647, valid_rmse-1.2298, valid_pr-0.7533
2023-10-10 01:18:45 - INFO - epoch-192, train_loss-0.1300, train_rmse-0.3606, valid_rmse-1.2396, valid_pr-0.7541
2023-10-10 01:20:43 - INFO - epoch-193, train_loss-0.1172, train_rmse-0.3423, valid_rmse-1.2319, valid_pr-0.7573
2023-10-10 01:22:40 - INFO - epoch-194, train_loss-0.1199, train_rmse-0.3463, valid_rmse-1.2288, valid_pr-0.7582
2023-10-10 01:24:37 - INFO - epoch-195, train_loss-0.1257, train_rmse-0.3545, valid_rmse-1.2309, valid_pr-0.7592
2023-10-10 01:26:34 - INFO - epoch-196, train_loss-0.1214, train_rmse-0.3485, valid_rmse-1.2139, valid_pr-0.7593
2023-10-10 01:28:32 - INFO - epoch-197, train_loss-0.1260, train_rmse-0.3550, valid_rmse-1.2622, valid_pr-0.7503
2023-10-10 01:30:29 - INFO - epoch-198, train_loss-0.1318, train_rmse-0.3630, valid_rmse-1.2488, valid_pr-0.7559
2023-10-10 01:32:28 - INFO - epoch-199, train_loss-0.1290, train_rmse-0.3592, valid_rmse-1.2606, valid_pr-0.7514
2023-10-10 01:34:25 - INFO - epoch-200, train_loss-0.1325, train_rmse-0.3640, valid_rmse-1.2176, valid_pr-0.7609
2023-10-10 01:36:22 - INFO - epoch-201, train_loss-0.1164, train_rmse-0.3412, valid_rmse-1.2305, valid_pr-0.7607
2023-10-10 01:38:19 - INFO - epoch-202, train_loss-0.1091, train_rmse-0.3303, valid_rmse-1.2173, valid_pr-0.7593
2023-10-10 01:40:17 - INFO - epoch-203, train_loss-0.1160, train_rmse-0.3406, valid_rmse-1.2110, valid_pr-0.7622
2023-10-10 01:42:15 - INFO - epoch-204, train_loss-0.1206, train_rmse-0.3473, valid_rmse-1.2512, valid_pr-0.7535
2023-10-10 01:44:12 - INFO - epoch-205, train_loss-0.1209, train_rmse-0.3477, valid_rmse-1.2278, valid_pr-0.7623
2023-10-10 01:46:09 - INFO - epoch-206, train_loss-0.1213, train_rmse-0.3483, valid_rmse-1.2218, valid_pr-0.7592
2023-10-10 01:48:07 - INFO - epoch-207, train_loss-0.1229, train_rmse-0.3506, valid_rmse-1.2308, valid_pr-0.7653
2023-10-10 01:50:04 - INFO - epoch-208, train_loss-0.1166, train_rmse-0.3414, valid_rmse-1.2209, valid_pr-0.7576
2023-10-10 01:52:01 - INFO - epoch-209, train_loss-0.1111, train_rmse-0.3334, valid_rmse-1.2553, valid_pr-0.7552
2023-10-10 01:53:59 - INFO - epoch-210, train_loss-0.1149, train_rmse-0.3390, valid_rmse-1.2187, valid_pr-0.7604
2023-10-10 01:55:57 - INFO - epoch-211, train_loss-0.1247, train_rmse-0.3532, valid_rmse-1.2360, valid_pr-0.7581
2023-10-10 01:57:54 - INFO - epoch-212, train_loss-0.1051, train_rmse-0.3242, valid_rmse-1.2242, valid_pr-0.7588
2023-10-10 01:59:51 - INFO - epoch-213, train_loss-0.1141, train_rmse-0.3378, valid_rmse-1.2197, valid_pr-0.7660
2023-10-10 02:01:48 - INFO - epoch-214, train_loss-0.1058, train_rmse-0.3253, valid_rmse-1.2362, valid_pr-0.7645
2023-10-10 02:03:46 - INFO - epoch-215, train_loss-0.1186, train_rmse-0.3444, valid_rmse-1.2152, valid_pr-0.7613
2023-10-10 02:05:44 - INFO - epoch-216, train_loss-0.1222, train_rmse-0.3496, valid_rmse-1.2194, valid_pr-0.7634
2023-10-10 02:07:43 - INFO - epoch-217, train_loss-0.1146, train_rmse-0.3385, valid_rmse-1.2131, valid_pr-0.7614
2023-10-10 02:09:41 - INFO - epoch-218, train_loss-0.1144, train_rmse-0.3382, valid_rmse-1.2379, valid_pr-0.7587
2023-10-10 02:11:38 - INFO - epoch-219, train_loss-0.1142, train_rmse-0.3380, valid_rmse-1.2128, valid_pr-0.7584
2023-10-10 02:13:36 - INFO - epoch-220, train_loss-0.1067, train_rmse-0.3267, valid_rmse-1.2194, valid_pr-0.7618
2023-10-10 02:15:33 - INFO - epoch-221, train_loss-0.1289, train_rmse-0.3591, valid_rmse-1.2036, valid_pr-0.7660
2023-10-10 02:17:31 - INFO - epoch-222, train_loss-0.1312, train_rmse-0.3622, valid_rmse-1.2182, valid_pr-0.7588
2023-10-10 02:19:28 - INFO - epoch-223, train_loss-0.1101, train_rmse-0.3318, valid_rmse-1.2105, valid_pr-0.7612
2023-10-10 02:21:26 - INFO - epoch-224, train_loss-0.1015, train_rmse-0.3186, valid_rmse-1.2186, valid_pr-0.7579
2023-10-10 02:23:24 - INFO - epoch-225, train_loss-0.1124, train_rmse-0.3353, valid_rmse-1.2111, valid_pr-0.7611
2023-10-10 02:25:20 - INFO - epoch-226, train_loss-0.1024, train_rmse-0.3201, valid_rmse-1.2095, valid_pr-0.7612
2023-10-10 02:27:18 - INFO - epoch-227, train_loss-0.0989, train_rmse-0.3145, valid_rmse-1.2129, valid_pr-0.7592
2023-10-10 02:29:16 - INFO - epoch-228, train_loss-0.1123, train_rmse-0.3351, valid_rmse-1.2188, valid_pr-0.7605
2023-10-10 02:31:13 - INFO - epoch-229, train_loss-0.1071, train_rmse-0.3272, valid_rmse-1.2061, valid_pr-0.7695
2023-10-10 02:33:10 - INFO - epoch-230, train_loss-0.1140, train_rmse-0.3376, valid_rmse-1.2206, valid_pr-0.7657
2023-10-10 02:35:08 - INFO - epoch-231, train_loss-0.1052, train_rmse-0.3244, valid_rmse-1.2008, valid_pr-0.7660
2023-10-10 02:37:05 - INFO - epoch-232, train_loss-0.1139, train_rmse-0.3376, valid_rmse-1.2077, valid_pr-0.7645
2023-10-10 02:39:02 - INFO - epoch-233, train_loss-0.0971, train_rmse-0.3116, valid_rmse-1.2011, valid_pr-0.7673
2023-10-10 02:41:00 - INFO - epoch-234, train_loss-0.1205, train_rmse-0.3471, valid_rmse-1.2117, valid_pr-0.7629
2023-10-10 02:42:57 - INFO - epoch-235, train_loss-0.1093, train_rmse-0.3306, valid_rmse-1.2139, valid_pr-0.7672
2023-10-10 02:44:54 - INFO - epoch-236, train_loss-0.0992, train_rmse-0.3149, valid_rmse-1.2293, valid_pr-0.7642
2023-10-10 02:46:51 - INFO - epoch-237, train_loss-0.1102, train_rmse-0.3319, valid_rmse-1.2029, valid_pr-0.7677
2023-10-10 02:48:48 - INFO - epoch-238, train_loss-0.0981, train_rmse-0.3132, valid_rmse-1.2191, valid_pr-0.7655
2023-10-10 02:50:46 - INFO - epoch-239, train_loss-0.1029, train_rmse-0.3208, valid_rmse-1.2060, valid_pr-0.7659
2023-10-10 02:52:43 - INFO - epoch-240, train_loss-0.1028, train_rmse-0.3206, valid_rmse-1.2183, valid_pr-0.7601
2023-10-10 02:54:40 - INFO - epoch-241, train_loss-0.1114, train_rmse-0.3338, valid_rmse-1.2267, valid_pr-0.7650
2023-10-10 02:56:37 - INFO - epoch-242, train_loss-0.1153, train_rmse-0.3396, valid_rmse-1.2126, valid_pr-0.7652
2023-10-10 02:58:35 - INFO - epoch-243, train_loss-0.1094, train_rmse-0.3307, valid_rmse-1.2057, valid_pr-0.7627
2023-10-10 03:00:33 - INFO - epoch-244, train_loss-0.0969, train_rmse-0.3114, valid_rmse-1.2230, valid_pr-0.7676
2023-10-10 03:02:30 - INFO - epoch-245, train_loss-0.0988, train_rmse-0.3143, valid_rmse-1.2030, valid_pr-0.7658
2023-10-10 03:04:28 - INFO - epoch-246, train_loss-0.1062, train_rmse-0.3259, valid_rmse-1.2043, valid_pr-0.7662
2023-10-10 03:06:25 - INFO - epoch-247, train_loss-0.0933, train_rmse-0.3055, valid_rmse-1.2004, valid_pr-0.7672
2023-10-10 03:08:23 - INFO - epoch-248, train_loss-0.1123, train_rmse-0.3351, valid_rmse-1.2093, valid_pr-0.7655
2023-10-10 03:10:21 - INFO - epoch-249, train_loss-0.1181, train_rmse-0.3436, valid_rmse-1.2618, valid_pr-0.7633
2023-10-10 03:12:18 - INFO - epoch-250, train_loss-0.1024, train_rmse-0.3200, valid_rmse-1.1833, valid_pr-0.7715
2023-10-10 03:14:15 - INFO - epoch-251, train_loss-0.1174, train_rmse-0.3427, valid_rmse-1.2125, valid_pr-0.7626
2023-10-10 03:16:12 - INFO - epoch-252, train_loss-0.1161, train_rmse-0.3407, valid_rmse-1.2118, valid_pr-0.7647
2023-10-10 03:18:10 - INFO - epoch-253, train_loss-0.1051, train_rmse-0.3242, valid_rmse-1.2076, valid_pr-0.7642
2023-10-10 03:20:07 - INFO - epoch-254, train_loss-0.1036, train_rmse-0.3218, valid_rmse-1.2219, valid_pr-0.7645
2023-10-10 03:22:04 - INFO - epoch-255, train_loss-0.1012, train_rmse-0.3181, valid_rmse-1.2238, valid_pr-0.7631
2023-10-10 03:24:01 - INFO - epoch-256, train_loss-0.0924, train_rmse-0.3040, valid_rmse-1.1929, valid_pr-0.7700
2023-10-10 03:26:00 - INFO - epoch-257, train_loss-0.0982, train_rmse-0.3134, valid_rmse-1.2231, valid_pr-0.7666
2023-10-10 03:27:57 - INFO - epoch-258, train_loss-0.1186, train_rmse-0.3444, valid_rmse-1.2190, valid_pr-0.7631
2023-10-10 03:29:54 - INFO - epoch-259, train_loss-0.1050, train_rmse-0.3240, valid_rmse-1.2219, valid_pr-0.7666
2023-10-10 03:31:52 - INFO - epoch-260, train_loss-0.1079, train_rmse-0.3284, valid_rmse-1.1849, valid_pr-0.7740
2023-10-10 03:33:51 - INFO - epoch-261, train_loss-0.0953, train_rmse-0.3087, valid_rmse-1.2063, valid_pr-0.7683
2023-10-10 03:35:48 - INFO - epoch-262, train_loss-0.1007, train_rmse-0.3173, valid_rmse-1.2283, valid_pr-0.7683
2023-10-10 03:37:46 - INFO - epoch-263, train_loss-0.1042, train_rmse-0.3229, valid_rmse-1.1886, valid_pr-0.7710
2023-10-10 03:39:48 - INFO - epoch-264, train_loss-0.1047, train_rmse-0.3236, valid_rmse-1.1951, valid_pr-0.7673
2023-10-10 03:41:55 - INFO - epoch-265, train_loss-0.1103, train_rmse-0.3321, valid_rmse-1.2162, valid_pr-0.7619
2023-10-10 03:44:03 - INFO - epoch-266, train_loss-0.1050, train_rmse-0.3240, valid_rmse-1.1981, valid_pr-0.7692
2023-10-10 03:46:09 - INFO - epoch-267, train_loss-0.0989, train_rmse-0.3144, valid_rmse-1.2056, valid_pr-0.7737
2023-10-10 03:48:25 - INFO - epoch-268, train_loss-0.1019, train_rmse-0.3192, valid_rmse-1.2024, valid_pr-0.7688
2023-10-10 03:50:35 - INFO - epoch-269, train_loss-0.0956, train_rmse-0.3092, valid_rmse-1.2061, valid_pr-0.7689
2023-10-10 03:53:13 - INFO - epoch-270, train_loss-0.0987, train_rmse-0.3142, valid_rmse-1.1856, valid_pr-0.7724
2023-10-10 03:55:14 - INFO - epoch-271, train_loss-0.0943, train_rmse-0.3071, valid_rmse-1.1911, valid_pr-0.7727
2023-10-10 03:57:16 - INFO - epoch-272, train_loss-0.0960, train_rmse-0.3099, valid_rmse-1.2011, valid_pr-0.7666
2023-10-10 03:59:30 - INFO - epoch-273, train_loss-0.0961, train_rmse-0.3100, valid_rmse-1.1905, valid_pr-0.7711
2023-10-10 04:01:42 - INFO - epoch-274, train_loss-0.1058, train_rmse-0.3252, valid_rmse-1.1917, valid_pr-0.7687
2023-10-10 04:03:48 - INFO - epoch-275, train_loss-0.1017, train_rmse-0.3189, valid_rmse-1.1911, valid_pr-0.7704
2023-10-10 04:05:58 - INFO - epoch-276, train_loss-0.1023, train_rmse-0.3198, valid_rmse-1.2061, valid_pr-0.7686
2023-10-10 04:08:08 - INFO - epoch-277, train_loss-0.1010, train_rmse-0.3178, valid_rmse-1.1888, valid_pr-0.7733
2023-10-10 04:10:19 - INFO - epoch-278, train_loss-0.0904, train_rmse-0.3006, valid_rmse-1.2110, valid_pr-0.7638
2023-10-10 04:12:20 - INFO - epoch-279, train_loss-0.1207, train_rmse-0.3475, valid_rmse-1.2125, valid_pr-0.7689
2023-10-10 04:14:31 - INFO - epoch-280, train_loss-0.1194, train_rmse-0.3455, valid_rmse-1.1872, valid_pr-0.7722
2023-10-10 04:16:52 - INFO - epoch-281, train_loss-0.0983, train_rmse-0.3135, valid_rmse-1.1921, valid_pr-0.7675
2023-10-10 04:19:04 - INFO - epoch-282, train_loss-0.1078, train_rmse-0.3284, valid_rmse-1.2118, valid_pr-0.7694
2023-10-10 04:21:10 - INFO - epoch-283, train_loss-0.0903, train_rmse-0.3005, valid_rmse-1.1956, valid_pr-0.7677
2023-10-10 04:23:22 - INFO - epoch-284, train_loss-0.1073, train_rmse-0.3276, valid_rmse-1.2084, valid_pr-0.7675
2023-10-10 04:25:24 - INFO - epoch-285, train_loss-0.0869, train_rmse-0.2947, valid_rmse-1.1855, valid_pr-0.7734
2023-10-10 04:27:22 - INFO - epoch-286, train_loss-0.0972, train_rmse-0.3117, valid_rmse-1.1829, valid_pr-0.7744
2023-10-10 04:29:20 - INFO - epoch-287, train_loss-0.1016, train_rmse-0.3188, valid_rmse-1.1885, valid_pr-0.7692
2023-10-10 04:31:17 - INFO - epoch-288, train_loss-0.0997, train_rmse-0.3157, valid_rmse-1.1855, valid_pr-0.7705
2023-10-10 04:33:14 - INFO - epoch-289, train_loss-0.0909, train_rmse-0.3015, valid_rmse-1.1906, valid_pr-0.7679
2023-10-10 04:35:12 - INFO - epoch-290, train_loss-0.0984, train_rmse-0.3137, valid_rmse-1.1845, valid_pr-0.7740
2023-10-10 04:37:10 - INFO - epoch-291, train_loss-0.0981, train_rmse-0.3132, valid_rmse-1.1974, valid_pr-0.7677
2023-10-10 04:39:07 - INFO - epoch-292, train_loss-0.0973, train_rmse-0.3120, valid_rmse-1.1776, valid_pr-0.7740
2023-10-10 04:41:05 - INFO - epoch-293, train_loss-0.1148, train_rmse-0.3388, valid_rmse-1.1792, valid_pr-0.7739
2023-10-10 04:43:02 - INFO - epoch-294, train_loss-0.1055, train_rmse-0.3249, valid_rmse-1.1921, valid_pr-0.7701
2023-10-10 04:45:00 - INFO - epoch-295, train_loss-0.1130, train_rmse-0.3361, valid_rmse-1.1825, valid_pr-0.7753
2023-10-10 04:46:57 - INFO - epoch-296, train_loss-0.1098, train_rmse-0.3314, valid_rmse-1.1878, valid_pr-0.7715
2023-10-10 04:48:55 - INFO - epoch-297, train_loss-0.1041, train_rmse-0.3226, valid_rmse-1.2006, valid_pr-0.7735
2023-10-10 04:50:52 - INFO - epoch-298, train_loss-0.0907, train_rmse-0.3012, valid_rmse-1.1880, valid_pr-0.7746
2023-10-10 04:52:55 - INFO - epoch-299, train_loss-0.0866, train_rmse-0.2942, valid_rmse-1.1855, valid_pr-0.7719
2023-10-10 04:54:54 - INFO - epoch-300, train_loss-0.0954, train_rmse-0.3089, valid_rmse-1.1771, valid_pr-0.7742
2023-10-10 04:56:51 - INFO - epoch-301, train_loss-0.0973, train_rmse-0.3120, valid_rmse-1.2322, valid_pr-0.7696
2023-10-10 04:58:49 - INFO - epoch-302, train_loss-0.0938, train_rmse-0.3063, valid_rmse-1.1864, valid_pr-0.7734
2023-10-10 05:00:46 - INFO - epoch-303, train_loss-0.0838, train_rmse-0.2895, valid_rmse-1.1947, valid_pr-0.7696
2023-10-10 05:02:44 - INFO - epoch-304, train_loss-0.1016, train_rmse-0.3188, valid_rmse-1.1903, valid_pr-0.7707
2023-10-10 05:04:41 - INFO - epoch-305, train_loss-0.1006, train_rmse-0.3171, valid_rmse-1.1887, valid_pr-0.7702
2023-10-10 05:06:41 - INFO - epoch-306, train_loss-0.0938, train_rmse-0.3063, valid_rmse-1.1955, valid_pr-0.7700
2023-10-10 05:08:38 - INFO - epoch-307, train_loss-0.0980, train_rmse-0.3131, valid_rmse-1.1858, valid_pr-0.7708
2023-10-10 05:10:36 - INFO - epoch-308, train_loss-0.0882, train_rmse-0.2970, valid_rmse-1.1899, valid_pr-0.7719
2023-10-10 05:12:34 - INFO - epoch-309, train_loss-0.0908, train_rmse-0.3013, valid_rmse-1.1886, valid_pr-0.7712
2023-10-10 05:14:32 - INFO - epoch-310, train_loss-0.1064, train_rmse-0.3262, valid_rmse-1.1900, valid_pr-0.7693
2023-10-10 05:16:30 - INFO - epoch-311, train_loss-0.1057, train_rmse-0.3251, valid_rmse-1.1825, valid_pr-0.7724
2023-10-10 05:18:28 - INFO - epoch-312, train_loss-0.1084, train_rmse-0.3293, valid_rmse-1.2025, valid_pr-0.7701
2023-10-10 05:20:25 - INFO - epoch-313, train_loss-0.0993, train_rmse-0.3151, valid_rmse-1.1774, valid_pr-0.7751
2023-10-10 05:22:22 - INFO - epoch-314, train_loss-0.0970, train_rmse-0.3115, valid_rmse-1.1752, valid_pr-0.7768
2023-10-10 05:24:20 - INFO - epoch-315, train_loss-0.0918, train_rmse-0.3029, valid_rmse-1.1829, valid_pr-0.7716
2023-10-10 05:26:18 - INFO - epoch-316, train_loss-0.0913, train_rmse-0.3022, valid_rmse-1.1841, valid_pr-0.7723
2023-10-10 05:28:16 - INFO - epoch-317, train_loss-0.1034, train_rmse-0.3216, valid_rmse-1.1975, valid_pr-0.7735
2023-10-10 05:30:13 - INFO - epoch-318, train_loss-0.1067, train_rmse-0.3267, valid_rmse-1.1917, valid_pr-0.7726
2023-10-10 05:32:10 - INFO - epoch-319, train_loss-0.0958, train_rmse-0.3096, valid_rmse-1.1881, valid_pr-0.7746
2023-10-10 05:34:08 - INFO - epoch-320, train_loss-0.0950, train_rmse-0.3083, valid_rmse-1.2129, valid_pr-0.7688
2023-10-10 05:36:06 - INFO - epoch-321, train_loss-0.0965, train_rmse-0.3106, valid_rmse-1.1972, valid_pr-0.7723
2023-10-10 05:38:05 - INFO - epoch-322, train_loss-0.0917, train_rmse-0.3028, valid_rmse-1.1902, valid_pr-0.7747
2023-10-10 05:40:03 - INFO - epoch-323, train_loss-0.0896, train_rmse-0.2994, valid_rmse-1.1766, valid_pr-0.7744
2023-10-10 05:42:00 - INFO - epoch-324, train_loss-0.0953, train_rmse-0.3086, valid_rmse-1.1712, valid_pr-0.7795
2023-10-10 05:43:58 - INFO - epoch-325, train_loss-0.0872, train_rmse-0.2952, valid_rmse-1.1957, valid_pr-0.7751
2023-10-10 05:45:55 - INFO - epoch-326, train_loss-0.1010, train_rmse-0.3178, valid_rmse-1.1942, valid_pr-0.7706
2023-10-10 05:47:52 - INFO - epoch-327, train_loss-0.0911, train_rmse-0.3019, valid_rmse-1.1900, valid_pr-0.7694
2023-10-10 05:49:50 - INFO - epoch-328, train_loss-0.0836, train_rmse-0.2891, valid_rmse-1.1746, valid_pr-0.7758
2023-10-10 05:51:47 - INFO - epoch-329, train_loss-0.0979, train_rmse-0.3129, valid_rmse-1.2293, valid_pr-0.7781
2023-10-10 05:53:44 - INFO - epoch-330, train_loss-0.0943, train_rmse-0.3072, valid_rmse-1.1775, valid_pr-0.7751
2023-10-10 05:55:41 - INFO - epoch-331, train_loss-0.0944, train_rmse-0.3073, valid_rmse-1.2161, valid_pr-0.7739
2023-10-10 05:57:38 - INFO - epoch-332, train_loss-0.0912, train_rmse-0.3021, valid_rmse-1.1876, valid_pr-0.7710
2023-10-10 05:59:36 - INFO - epoch-333, train_loss-0.1012, train_rmse-0.3181, valid_rmse-1.1824, valid_pr-0.7773
2023-10-10 06:01:33 - INFO - epoch-334, train_loss-0.0896, train_rmse-0.2993, valid_rmse-1.1763, valid_pr-0.7770
2023-10-10 06:03:30 - INFO - epoch-335, train_loss-0.1073, train_rmse-0.3276, valid_rmse-1.1867, valid_pr-0.7770
2023-10-10 06:05:27 - INFO - epoch-336, train_loss-0.0917, train_rmse-0.3028, valid_rmse-1.2045, valid_pr-0.7703
2023-10-10 06:07:25 - INFO - epoch-337, train_loss-0.0932, train_rmse-0.3053, valid_rmse-1.1828, valid_pr-0.7718
2023-10-10 06:09:22 - INFO - epoch-338, train_loss-0.0891, train_rmse-0.2985, valid_rmse-1.1828, valid_pr-0.7744
2023-10-10 06:11:19 - INFO - epoch-339, train_loss-0.0947, train_rmse-0.3078, valid_rmse-1.1945, valid_pr-0.7706
2023-10-10 06:13:16 - INFO - epoch-340, train_loss-0.0898, train_rmse-0.2997, valid_rmse-1.2163, valid_pr-0.7742
2023-10-10 06:15:14 - INFO - epoch-341, train_loss-0.0870, train_rmse-0.2949, valid_rmse-1.1918, valid_pr-0.7759
2023-10-10 06:17:11 - INFO - epoch-342, train_loss-0.0914, train_rmse-0.3023, valid_rmse-1.1911, valid_pr-0.7762
2023-10-10 06:19:08 - INFO - epoch-343, train_loss-0.0980, train_rmse-0.3131, valid_rmse-1.1737, valid_pr-0.7758
2023-10-10 06:21:06 - INFO - epoch-344, train_loss-0.1038, train_rmse-0.3222, valid_rmse-1.1899, valid_pr-0.7737
2023-10-10 06:23:03 - INFO - epoch-345, train_loss-0.0979, train_rmse-0.3128, valid_rmse-1.1730, valid_pr-0.7776
2023-10-10 06:25:01 - INFO - epoch-346, train_loss-0.0958, train_rmse-0.3095, valid_rmse-1.1848, valid_pr-0.7725
2023-10-10 06:26:59 - INFO - epoch-347, train_loss-0.1002, train_rmse-0.3165, valid_rmse-1.1711, valid_pr-0.7811
2023-10-10 06:28:57 - INFO - epoch-348, train_loss-0.0874, train_rmse-0.2956, valid_rmse-1.1708, valid_pr-0.7774
2023-10-10 06:30:54 - INFO - epoch-349, train_loss-0.0958, train_rmse-0.3094, valid_rmse-1.1792, valid_pr-0.7745
2023-10-10 06:32:51 - INFO - epoch-350, train_loss-0.0933, train_rmse-0.3054, valid_rmse-1.1902, valid_pr-0.7753
2023-10-10 06:34:48 - INFO - epoch-351, train_loss-0.0905, train_rmse-0.3009, valid_rmse-1.1654, valid_pr-0.7813
2023-10-10 06:36:46 - INFO - epoch-352, train_loss-0.0880, train_rmse-0.2967, valid_rmse-1.1791, valid_pr-0.7773
2023-10-10 06:38:44 - INFO - epoch-353, train_loss-0.0965, train_rmse-0.3106, valid_rmse-1.1715, valid_pr-0.7777
2023-10-10 06:40:42 - INFO - epoch-354, train_loss-0.0917, train_rmse-0.3028, valid_rmse-1.1803, valid_pr-0.7755
2023-10-10 06:42:39 - INFO - epoch-355, train_loss-0.1018, train_rmse-0.3190, valid_rmse-1.2030, valid_pr-0.7755
2023-10-10 06:44:37 - INFO - epoch-356, train_loss-0.0927, train_rmse-0.3044, valid_rmse-1.1714, valid_pr-0.7786
2023-10-10 06:46:35 - INFO - epoch-357, train_loss-0.0996, train_rmse-0.3155, valid_rmse-1.1947, valid_pr-0.7687
2023-10-10 06:48:32 - INFO - epoch-358, train_loss-0.0867, train_rmse-0.2944, valid_rmse-1.1742, valid_pr-0.7770
2023-10-10 06:50:31 - INFO - epoch-359, train_loss-0.0937, train_rmse-0.3061, valid_rmse-1.1831, valid_pr-0.7753
2023-10-10 06:52:52 - INFO - epoch-360, train_loss-0.0915, train_rmse-0.3026, valid_rmse-1.2107, valid_pr-0.7727
2023-10-10 06:54:53 - INFO - epoch-361, train_loss-0.0928, train_rmse-0.3046, valid_rmse-1.1896, valid_pr-0.7751
2023-10-10 06:56:50 - INFO - epoch-362, train_loss-0.0819, train_rmse-0.2861, valid_rmse-1.1753, valid_pr-0.7763
2023-10-10 06:58:47 - INFO - epoch-363, train_loss-0.0957, train_rmse-0.3094, valid_rmse-1.1716, valid_pr-0.7784
2023-10-10 07:00:44 - INFO - epoch-364, train_loss-0.1053, train_rmse-0.3245, valid_rmse-1.1814, valid_pr-0.7725
2023-10-10 07:02:42 - INFO - epoch-365, train_loss-0.0989, train_rmse-0.3145, valid_rmse-1.1740, valid_pr-0.7782
2023-10-10 07:04:39 - INFO - epoch-366, train_loss-0.0933, train_rmse-0.3055, valid_rmse-1.1953, valid_pr-0.7761
2023-10-10 07:06:37 - INFO - epoch-367, train_loss-0.0973, train_rmse-0.3120, valid_rmse-1.1934, valid_pr-0.7779
2023-10-10 07:08:36 - INFO - epoch-368, train_loss-0.0871, train_rmse-0.2950, valid_rmse-1.1974, valid_pr-0.7766
2023-10-10 07:10:34 - INFO - epoch-369, train_loss-0.0898, train_rmse-0.2997, valid_rmse-1.1782, valid_pr-0.7771
2023-10-10 07:12:33 - INFO - epoch-370, train_loss-0.0932, train_rmse-0.3053, valid_rmse-1.1821, valid_pr-0.7750
2023-10-10 07:14:30 - INFO - epoch-371, train_loss-0.0882, train_rmse-0.2970, valid_rmse-1.1914, valid_pr-0.7745
2023-10-10 07:16:59 - INFO - epoch-372, train_loss-0.0934, train_rmse-0.3056, valid_rmse-1.1840, valid_pr-0.7774
2023-10-10 07:18:56 - INFO - epoch-373, train_loss-0.0935, train_rmse-0.3058, valid_rmse-1.1684, valid_pr-0.7800
2023-10-10 07:20:54 - INFO - epoch-374, train_loss-0.0891, train_rmse-0.2986, valid_rmse-1.1822, valid_pr-0.7813
2023-10-10 07:22:51 - INFO - epoch-375, train_loss-0.0953, train_rmse-0.3087, valid_rmse-1.1794, valid_pr-0.7746
2023-10-10 07:24:48 - INFO - epoch-376, train_loss-0.0871, train_rmse-0.2951, valid_rmse-1.1688, valid_pr-0.7792
2023-10-10 07:26:46 - INFO - epoch-377, train_loss-0.0854, train_rmse-0.2922, valid_rmse-1.1846, valid_pr-0.7799
2023-10-10 07:28:43 - INFO - epoch-378, train_loss-0.0957, train_rmse-0.3093, valid_rmse-1.1771, valid_pr-0.7749
2023-10-10 07:30:40 - INFO - epoch-379, train_loss-0.0890, train_rmse-0.2983, valid_rmse-1.1770, valid_pr-0.7743
2023-10-10 07:32:38 - INFO - epoch-380, train_loss-0.0947, train_rmse-0.3077, valid_rmse-1.1713, valid_pr-0.7791
2023-10-10 07:34:36 - INFO - epoch-381, train_loss-0.0864, train_rmse-0.2940, valid_rmse-1.1693, valid_pr-0.7792
2023-10-10 07:36:34 - INFO - epoch-382, train_loss-0.0979, train_rmse-0.3130, valid_rmse-1.1770, valid_pr-0.7783
2023-10-10 07:38:31 - INFO - epoch-383, train_loss-0.0843, train_rmse-0.2904, valid_rmse-1.1707, valid_pr-0.7793
2023-10-10 07:40:28 - INFO - epoch-384, train_loss-0.0821, train_rmse-0.2865, valid_rmse-1.1921, valid_pr-0.7772
2023-10-10 07:42:26 - INFO - epoch-385, train_loss-0.1109, train_rmse-0.3330, valid_rmse-1.1676, valid_pr-0.7792
2023-10-10 07:44:23 - INFO - epoch-386, train_loss-0.1078, train_rmse-0.3284, valid_rmse-1.1762, valid_pr-0.7764
2023-10-10 07:46:21 - INFO - epoch-387, train_loss-0.0855, train_rmse-0.2925, valid_rmse-1.1714, valid_pr-0.7802
2023-10-10 07:48:18 - INFO - epoch-388, train_loss-0.0802, train_rmse-0.2833, valid_rmse-1.1729, valid_pr-0.7783
2023-10-10 07:50:19 - INFO - epoch-389, train_loss-0.0806, train_rmse-0.2840, valid_rmse-1.1703, valid_pr-0.7799
2023-10-10 07:52:17 - INFO - epoch-390, train_loss-0.0910, train_rmse-0.3017, valid_rmse-1.1735, valid_pr-0.7756
2023-10-10 07:54:15 - INFO - epoch-391, train_loss-0.0890, train_rmse-0.2984, valid_rmse-1.1700, valid_pr-0.7780
2023-10-10 07:56:12 - INFO - epoch-392, train_loss-0.0860, train_rmse-0.2932, valid_rmse-1.1762, valid_pr-0.7762
2023-10-10 07:58:09 - INFO - epoch-393, train_loss-0.0931, train_rmse-0.3051, valid_rmse-1.2438, valid_pr-0.7803
2023-10-10 08:00:07 - INFO - epoch-394, train_loss-0.1044, train_rmse-0.3231, valid_rmse-1.1777, valid_pr-0.7765
2023-10-10 08:02:04 - INFO - epoch-395, train_loss-0.0910, train_rmse-0.3017, valid_rmse-1.1914, valid_pr-0.7756
2023-10-10 08:04:01 - INFO - epoch-396, train_loss-0.0957, train_rmse-0.3094, valid_rmse-1.1659, valid_pr-0.7801
2023-10-10 08:05:59 - INFO - epoch-397, train_loss-0.0739, train_rmse-0.2719, valid_rmse-1.1553, valid_pr-0.7832
2023-10-10 08:07:56 - INFO - epoch-398, train_loss-0.0789, train_rmse-0.2809, valid_rmse-1.1614, valid_pr-0.7809
2023-10-10 08:09:54 - INFO - epoch-399, train_loss-0.0859, train_rmse-0.2930, valid_rmse-1.1579, valid_pr-0.7823
2023-10-10 08:11:51 - INFO - epoch-400, train_loss-0.0780, train_rmse-0.2793, valid_rmse-1.1742, valid_pr-0.7802
2023-10-10 08:13:49 - INFO - epoch-401, train_loss-0.0788, train_rmse-0.2808, valid_rmse-1.1734, valid_pr-0.7770
2023-10-10 08:15:46 - INFO - epoch-402, train_loss-0.0978, train_rmse-0.3128, valid_rmse-1.1604, valid_pr-0.7818
2023-10-10 08:17:45 - INFO - epoch-403, train_loss-0.0876, train_rmse-0.2959, valid_rmse-1.1671, valid_pr-0.7789
2023-10-10 08:19:43 - INFO - epoch-404, train_loss-0.0973, train_rmse-0.3119, valid_rmse-1.1803, valid_pr-0.7779
2023-10-10 08:21:44 - INFO - epoch-405, train_loss-0.0901, train_rmse-0.3002, valid_rmse-1.1675, valid_pr-0.7782
2023-10-10 08:23:41 - INFO - epoch-406, train_loss-0.0773, train_rmse-0.2780, valid_rmse-1.1681, valid_pr-0.7790
2023-10-10 08:25:39 - INFO - epoch-407, train_loss-0.0889, train_rmse-0.2982, valid_rmse-1.1662, valid_pr-0.7784
2023-10-10 08:27:36 - INFO - epoch-408, train_loss-0.0921, train_rmse-0.3035, valid_rmse-1.1719, valid_pr-0.7782
2023-10-10 08:29:33 - INFO - epoch-409, train_loss-0.0829, train_rmse-0.2879, valid_rmse-1.1612, valid_pr-0.7823
2023-10-10 08:31:31 - INFO - epoch-410, train_loss-0.0845, train_rmse-0.2906, valid_rmse-1.1665, valid_pr-0.7816
2023-10-10 08:33:29 - INFO - epoch-411, train_loss-0.0851, train_rmse-0.2917, valid_rmse-1.1743, valid_pr-0.7759
2023-10-10 08:35:27 - INFO - epoch-412, train_loss-0.0885, train_rmse-0.2976, valid_rmse-1.1667, valid_pr-0.7817
2023-10-10 08:37:25 - INFO - epoch-413, train_loss-0.0753, train_rmse-0.2744, valid_rmse-1.1623, valid_pr-0.7826
2023-10-10 08:39:23 - INFO - epoch-414, train_loss-0.0962, train_rmse-0.3102, valid_rmse-1.1688, valid_pr-0.7814
2023-10-10 08:41:22 - INFO - epoch-415, train_loss-0.0959, train_rmse-0.3097, valid_rmse-1.2172, valid_pr-0.7759
2023-10-10 08:43:18 - INFO - epoch-416, train_loss-0.0940, train_rmse-0.3067, valid_rmse-1.1716, valid_pr-0.7761
2023-10-10 08:45:17 - INFO - epoch-417, train_loss-0.0881, train_rmse-0.2969, valid_rmse-1.1625, valid_pr-0.7808
2023-10-10 08:47:14 - INFO - epoch-418, train_loss-0.0934, train_rmse-0.3056, valid_rmse-1.1524, valid_pr-0.7846
2023-10-10 08:49:11 - INFO - epoch-419, train_loss-0.0846, train_rmse-0.2909, valid_rmse-1.1604, valid_pr-0.7816
2023-10-10 08:51:09 - INFO - epoch-420, train_loss-0.0794, train_rmse-0.2819, valid_rmse-1.1671, valid_pr-0.7832
2023-10-10 08:53:07 - INFO - epoch-421, train_loss-0.0940, train_rmse-0.3066, valid_rmse-1.1726, valid_pr-0.7817
2023-10-10 08:55:04 - INFO - epoch-422, train_loss-0.0849, train_rmse-0.2914, valid_rmse-1.1656, valid_pr-0.7801
2023-10-10 08:57:02 - INFO - epoch-423, train_loss-0.0844, train_rmse-0.2905, valid_rmse-1.1691, valid_pr-0.7786
2023-10-10 08:59:00 - INFO - epoch-424, train_loss-0.0883, train_rmse-0.2972, valid_rmse-1.1811, valid_pr-0.7769
2023-10-10 09:01:25 - INFO - epoch-425, train_loss-0.0806, train_rmse-0.2839, valid_rmse-1.1805, valid_pr-0.7798
2023-10-10 09:03:46 - INFO - epoch-426, train_loss-0.0928, train_rmse-0.3046, valid_rmse-1.1760, valid_pr-0.7767
2023-10-10 09:05:43 - INFO - epoch-427, train_loss-0.0904, train_rmse-0.3007, valid_rmse-1.1797, valid_pr-0.7795
2023-10-10 09:07:40 - INFO - epoch-428, train_loss-0.0942, train_rmse-0.3069, valid_rmse-1.1556, valid_pr-0.7830
2023-10-10 09:09:38 - INFO - epoch-429, train_loss-0.0812, train_rmse-0.2850, valid_rmse-1.1807, valid_pr-0.7807
2023-10-10 09:11:34 - INFO - epoch-430, train_loss-0.0798, train_rmse-0.2826, valid_rmse-1.1624, valid_pr-0.7829
2023-10-10 09:14:12 - INFO - epoch-431, train_loss-0.0872, train_rmse-0.2953, valid_rmse-1.1629, valid_pr-0.7810
2023-10-10 09:16:10 - INFO - epoch-432, train_loss-0.0861, train_rmse-0.2935, valid_rmse-1.1662, valid_pr-0.7836
2023-10-10 09:18:07 - INFO - epoch-433, train_loss-0.0950, train_rmse-0.3082, valid_rmse-1.1704, valid_pr-0.7806
2023-10-10 09:20:04 - INFO - epoch-434, train_loss-0.0914, train_rmse-0.3024, valid_rmse-1.1612, valid_pr-0.7818
2023-10-10 09:22:01 - INFO - epoch-435, train_loss-0.0805, train_rmse-0.2838, valid_rmse-1.1589, valid_pr-0.7817
2023-10-10 09:23:58 - INFO - epoch-436, train_loss-0.0833, train_rmse-0.2887, valid_rmse-1.1592, valid_pr-0.7821
2023-10-10 09:25:55 - INFO - epoch-437, train_loss-0.0883, train_rmse-0.2972, valid_rmse-1.1632, valid_pr-0.7810
2023-10-10 09:27:52 - INFO - epoch-438, train_loss-0.0794, train_rmse-0.2818, valid_rmse-1.1612, valid_pr-0.7814
2023-10-10 09:29:49 - INFO - epoch-439, train_loss-0.0872, train_rmse-0.2952, valid_rmse-1.1762, valid_pr-0.7829
2023-10-10 09:31:46 - INFO - epoch-440, train_loss-0.1020, train_rmse-0.3193, valid_rmse-1.1646, valid_pr-0.7791
2023-10-10 09:33:44 - INFO - epoch-441, train_loss-0.0939, train_rmse-0.3065, valid_rmse-1.1822, valid_pr-0.7800
2023-10-10 09:35:41 - INFO - epoch-442, train_loss-0.0916, train_rmse-0.3026, valid_rmse-1.1596, valid_pr-0.7819
2023-10-10 09:37:38 - INFO - epoch-443, train_loss-0.0926, train_rmse-0.3043, valid_rmse-1.1749, valid_pr-0.7825
2023-10-10 09:39:36 - INFO - epoch-444, train_loss-0.0758, train_rmse-0.2753, valid_rmse-1.1642, valid_pr-0.7815
2023-10-10 09:41:34 - INFO - epoch-445, train_loss-0.0817, train_rmse-0.2858, valid_rmse-1.1636, valid_pr-0.7795
2023-10-10 09:43:31 - INFO - epoch-446, train_loss-0.0859, train_rmse-0.2931, valid_rmse-1.1719, valid_pr-0.7783
2023-10-10 09:45:28 - INFO - epoch-447, train_loss-0.0903, train_rmse-0.3006, valid_rmse-1.1616, valid_pr-0.7806
2023-10-10 09:47:25 - INFO - epoch-448, train_loss-0.0892, train_rmse-0.2987, valid_rmse-1.1788, valid_pr-0.7812
2023-10-10 09:49:22 - INFO - epoch-449, train_loss-0.0704, train_rmse-0.2654, valid_rmse-1.1684, valid_pr-0.7839
2023-10-10 09:51:20 - INFO - epoch-450, train_loss-0.0850, train_rmse-0.2915, valid_rmse-1.1668, valid_pr-0.7805
2023-10-10 09:53:18 - INFO - epoch-451, train_loss-0.0998, train_rmse-0.3159, valid_rmse-1.1777, valid_pr-0.7766
2023-10-10 09:55:16 - INFO - epoch-452, train_loss-0.0870, train_rmse-0.2949, valid_rmse-1.1639, valid_pr-0.7808
2023-10-10 09:57:12 - INFO - epoch-453, train_loss-0.0864, train_rmse-0.2940, valid_rmse-1.1694, valid_pr-0.7771
2023-10-10 09:59:09 - INFO - epoch-454, train_loss-0.0852, train_rmse-0.2919, valid_rmse-1.1681, valid_pr-0.7819
2023-10-10 10:01:08 - INFO - epoch-455, train_loss-0.0758, train_rmse-0.2753, valid_rmse-1.1705, valid_pr-0.7785
2023-10-10 10:03:07 - INFO - epoch-456, train_loss-0.0812, train_rmse-0.2850, valid_rmse-1.1882, valid_pr-0.7815
2023-10-10 10:05:04 - INFO - epoch-457, train_loss-0.0823, train_rmse-0.2868, valid_rmse-1.2288, valid_pr-0.7783
2023-10-10 10:07:02 - INFO - epoch-458, train_loss-0.0692, train_rmse-0.2631, valid_rmse-1.1662, valid_pr-0.7790
2023-10-10 10:09:00 - INFO - epoch-459, train_loss-0.0840, train_rmse-0.2899, valid_rmse-1.1639, valid_pr-0.7822
2023-10-10 10:10:58 - INFO - epoch-460, train_loss-0.0797, train_rmse-0.2822, valid_rmse-1.1730, valid_pr-0.7802
2023-10-10 10:12:56 - INFO - epoch-461, train_loss-0.0868, train_rmse-0.2946, valid_rmse-1.1643, valid_pr-0.7822
2023-10-10 10:14:54 - INFO - epoch-462, train_loss-0.0833, train_rmse-0.2885, valid_rmse-1.1602, valid_pr-0.7814
2023-10-10 10:16:52 - INFO - epoch-463, train_loss-0.0843, train_rmse-0.2904, valid_rmse-1.1523, valid_pr-0.7843
2023-10-10 10:20:49 - INFO - epoch-464, train_loss-0.0860, train_rmse-0.2933, valid_rmse-1.1595, valid_pr-0.7831
2023-10-10 10:22:47 - INFO - epoch-465, train_loss-0.0737, train_rmse-0.2715, valid_rmse-1.1751, valid_pr-0.7811
2023-10-10 10:25:19 - INFO - epoch-466, train_loss-0.0863, train_rmse-0.2938, valid_rmse-1.1638, valid_pr-0.7798
2023-10-10 10:27:16 - INFO - epoch-467, train_loss-0.0786, train_rmse-0.2804, valid_rmse-1.1892, valid_pr-0.7803
2023-10-10 10:29:13 - INFO - epoch-468, train_loss-0.0864, train_rmse-0.2940, valid_rmse-1.1621, valid_pr-0.7822
2023-10-10 10:31:34 - INFO - epoch-469, train_loss-0.0844, train_rmse-0.2906, valid_rmse-1.1688, valid_pr-0.7817
2023-10-10 10:35:40 - INFO - epoch-470, train_loss-0.0867, train_rmse-0.2944, valid_rmse-1.1724, valid_pr-0.7783
2023-10-10 10:37:37 - INFO - epoch-471, train_loss-0.0738, train_rmse-0.2717, valid_rmse-1.1596, valid_pr-0.7825
2023-10-10 10:39:34 - INFO - epoch-472, train_loss-0.0825, train_rmse-0.2872, valid_rmse-1.1532, valid_pr-0.7849
2023-10-10 10:41:32 - INFO - epoch-473, train_loss-0.0859, train_rmse-0.2932, valid_rmse-1.1644, valid_pr-0.7839
2023-10-10 10:43:38 - INFO - epoch-474, train_loss-0.0952, train_rmse-0.3085, valid_rmse-1.1650, valid_pr-0.7829
2023-10-10 10:45:38 - INFO - epoch-475, train_loss-0.0843, train_rmse-0.2904, valid_rmse-1.1684, valid_pr-0.7789
2023-10-10 10:47:36 - INFO - epoch-476, train_loss-0.0782, train_rmse-0.2796, valid_rmse-1.1640, valid_pr-0.7801
2023-10-10 10:49:33 - INFO - epoch-477, train_loss-0.0819, train_rmse-0.2862, valid_rmse-1.1621, valid_pr-0.7810
2023-10-10 10:51:30 - INFO - epoch-478, train_loss-0.0889, train_rmse-0.2982, valid_rmse-1.1682, valid_pr-0.7803
2023-10-10 10:53:28 - INFO - epoch-479, train_loss-0.0740, train_rmse-0.2720, valid_rmse-1.1966, valid_pr-0.7809
2023-10-10 10:55:26 - INFO - epoch-480, train_loss-0.0805, train_rmse-0.2838, valid_rmse-1.1589, valid_pr-0.7828
2023-10-10 10:57:23 - INFO - epoch-481, train_loss-0.0798, train_rmse-0.2826, valid_rmse-1.1707, valid_pr-0.7801
2023-10-10 10:59:20 - INFO - epoch-482, train_loss-0.0809, train_rmse-0.2844, valid_rmse-1.1588, valid_pr-0.7828
2023-10-10 11:02:08 - INFO - epoch-483, train_loss-0.0867, train_rmse-0.2944, valid_rmse-1.1575, valid_pr-0.7840
2023-10-10 11:04:05 - INFO - epoch-484, train_loss-0.0890, train_rmse-0.2983, valid_rmse-1.1693, valid_pr-0.7781
2023-10-10 11:06:03 - INFO - epoch-485, train_loss-0.0843, train_rmse-0.2904, valid_rmse-1.1599, valid_pr-0.7841
2023-10-10 11:08:02 - INFO - epoch-486, train_loss-0.0866, train_rmse-0.2943, valid_rmse-1.1556, valid_pr-0.7838
2023-10-10 11:09:59 - INFO - epoch-487, train_loss-0.0846, train_rmse-0.2908, valid_rmse-1.1570, valid_pr-0.7832
2023-10-10 11:11:57 - INFO - epoch-488, train_loss-0.0948, train_rmse-0.3080, valid_rmse-1.1485, valid_pr-0.7871
2023-10-10 11:14:49 - INFO - epoch-489, train_loss-0.0901, train_rmse-0.3002, valid_rmse-1.1524, valid_pr-0.7844
2023-10-10 11:19:58 - INFO - epoch-490, train_loss-0.0860, train_rmse-0.2933, valid_rmse-1.1774, valid_pr-0.7897
2023-10-10 11:22:59 - INFO - epoch-491, train_loss-0.0814, train_rmse-0.2854, valid_rmse-1.1542, valid_pr-0.7842
2023-10-10 11:26:00 - INFO - epoch-492, train_loss-0.0806, train_rmse-0.2838, valid_rmse-1.1646, valid_pr-0.7809
2023-10-10 11:28:51 - INFO - epoch-493, train_loss-0.0831, train_rmse-0.2882, valid_rmse-1.1494, valid_pr-0.7875
2023-10-10 11:30:48 - INFO - epoch-494, train_loss-0.0787, train_rmse-0.2805, valid_rmse-1.1646, valid_pr-0.7837
2023-10-10 11:32:53 - INFO - epoch-495, train_loss-0.0815, train_rmse-0.2854, valid_rmse-1.1531, valid_pr-0.7864
2023-10-10 11:34:51 - INFO - epoch-496, train_loss-0.0893, train_rmse-0.2988, valid_rmse-1.1688, valid_pr-0.7805
2023-10-10 11:36:49 - INFO - epoch-497, train_loss-0.0878, train_rmse-0.2963, valid_rmse-1.1631, valid_pr-0.7801
2023-10-10 11:38:47 - INFO - epoch-498, train_loss-0.0912, train_rmse-0.3020, valid_rmse-1.1621, valid_pr-0.7825
2023-10-10 11:40:44 - INFO - epoch-499, train_loss-0.0896, train_rmse-0.2994, valid_rmse-1.1636, valid_pr-0.7817
2023-10-10 11:42:42 - INFO - epoch-500, train_loss-0.0898, train_rmse-0.2997, valid_rmse-1.1611, valid_pr-0.7828
2023-10-10 11:44:40 - INFO - epoch-501, train_loss-0.0797, train_rmse-0.2823, valid_rmse-1.1732, valid_pr-0.7806
2023-10-10 11:46:38 - INFO - epoch-502, train_loss-0.0871, train_rmse-0.2950, valid_rmse-1.1451, valid_pr-0.7876
2023-10-10 11:48:36 - INFO - epoch-503, train_loss-0.0771, train_rmse-0.2776, valid_rmse-1.1621, valid_pr-0.7817
2023-10-10 11:50:34 - INFO - epoch-504, train_loss-0.0842, train_rmse-0.2902, valid_rmse-1.1572, valid_pr-0.7830
2023-10-10 11:52:31 - INFO - epoch-505, train_loss-0.0822, train_rmse-0.2867, valid_rmse-1.1616, valid_pr-0.7816
2023-10-10 11:54:29 - INFO - epoch-506, train_loss-0.0760, train_rmse-0.2756, valid_rmse-1.1607, valid_pr-0.7850
2023-10-10 11:56:26 - INFO - epoch-507, train_loss-0.0842, train_rmse-0.2902, valid_rmse-1.1595, valid_pr-0.7818
2023-10-10 11:58:23 - INFO - epoch-508, train_loss-0.0833, train_rmse-0.2886, valid_rmse-1.1663, valid_pr-0.7809
2023-10-10 12:00:25 - INFO - epoch-509, train_loss-0.0947, train_rmse-0.3078, valid_rmse-1.1712, valid_pr-0.7835
2023-10-10 12:02:23 - INFO - epoch-510, train_loss-0.0767, train_rmse-0.2770, valid_rmse-1.1553, valid_pr-0.7840
2023-10-10 12:04:21 - INFO - epoch-511, train_loss-0.0855, train_rmse-0.2924, valid_rmse-1.1531, valid_pr-0.7857
2023-10-10 12:06:18 - INFO - epoch-512, train_loss-0.0888, train_rmse-0.2980, valid_rmse-1.1601, valid_pr-0.7822
2023-10-10 12:08:16 - INFO - epoch-513, train_loss-0.0775, train_rmse-0.2784, valid_rmse-1.1541, valid_pr-0.7865
2023-10-10 12:10:13 - INFO - epoch-514, train_loss-0.0850, train_rmse-0.2916, valid_rmse-1.1552, valid_pr-0.7831
2023-10-10 12:12:11 - INFO - epoch-515, train_loss-0.0743, train_rmse-0.2726, valid_rmse-1.1789, valid_pr-0.7786
2023-10-10 12:14:09 - INFO - epoch-516, train_loss-0.0936, train_rmse-0.3060, valid_rmse-1.1741, valid_pr-0.7855
2023-10-10 12:16:07 - INFO - epoch-517, train_loss-0.0766, train_rmse-0.2768, valid_rmse-1.1635, valid_pr-0.7818
2023-10-10 12:18:05 - INFO - epoch-518, train_loss-0.0800, train_rmse-0.2829, valid_rmse-1.1582, valid_pr-0.7832
2023-10-10 12:20:03 - INFO - epoch-519, train_loss-0.0784, train_rmse-0.2799, valid_rmse-1.1583, valid_pr-0.7837
2023-10-10 12:22:01 - INFO - epoch-520, train_loss-0.0802, train_rmse-0.2833, valid_rmse-1.1729, valid_pr-0.7803
2023-10-10 12:23:59 - INFO - epoch-521, train_loss-0.0796, train_rmse-0.2821, valid_rmse-1.1453, valid_pr-0.7873
2023-10-10 12:25:57 - INFO - epoch-522, train_loss-0.0867, train_rmse-0.2945, valid_rmse-1.1591, valid_pr-0.7829
2023-10-10 12:27:54 - INFO - epoch-523, train_loss-0.0804, train_rmse-0.2836, valid_rmse-1.1705, valid_pr-0.7791
2023-10-10 12:29:52 - INFO - epoch-524, train_loss-0.0824, train_rmse-0.2870, valid_rmse-1.2100, valid_pr-0.7801
2023-10-10 12:31:50 - INFO - epoch-525, train_loss-0.0800, train_rmse-0.2829, valid_rmse-1.1566, valid_pr-0.7845
2023-10-10 12:33:46 - INFO - epoch-526, train_loss-0.0981, train_rmse-0.3132, valid_rmse-1.1500, valid_pr-0.7858
2023-10-10 12:35:44 - INFO - epoch-527, train_loss-0.0873, train_rmse-0.2955, valid_rmse-1.1755, valid_pr-0.7816
2023-10-10 12:37:41 - INFO - epoch-528, train_loss-0.0766, train_rmse-0.2768, valid_rmse-1.1517, valid_pr-0.7853
2023-10-10 12:39:39 - INFO - epoch-529, train_loss-0.0771, train_rmse-0.2776, valid_rmse-1.1621, valid_pr-0.7824
2023-10-10 12:41:36 - INFO - epoch-530, train_loss-0.0927, train_rmse-0.3045, valid_rmse-1.1702, valid_pr-0.7846
2023-10-10 12:44:12 - INFO - epoch-531, train_loss-0.0742, train_rmse-0.2723, valid_rmse-1.1561, valid_pr-0.7839
2023-10-10 12:46:09 - INFO - epoch-532, train_loss-0.0863, train_rmse-0.2937, valid_rmse-1.1560, valid_pr-0.7864
2023-10-10 12:48:10 - INFO - epoch-533, train_loss-0.0818, train_rmse-0.2860, valid_rmse-1.1605, valid_pr-0.7820
2023-10-10 12:50:14 - INFO - epoch-534, train_loss-0.0787, train_rmse-0.2805, valid_rmse-1.1593, valid_pr-0.7820
2023-10-10 12:52:12 - INFO - epoch-535, train_loss-0.0711, train_rmse-0.2667, valid_rmse-1.1598, valid_pr-0.7819
2023-10-10 12:54:10 - INFO - epoch-536, train_loss-0.0799, train_rmse-0.2826, valid_rmse-1.1579, valid_pr-0.7828
2023-10-10 12:56:08 - INFO - epoch-537, train_loss-0.0824, train_rmse-0.2871, valid_rmse-1.1542, valid_pr-0.7843
2023-10-10 12:58:06 - INFO - epoch-538, train_loss-0.0763, train_rmse-0.2761, valid_rmse-1.1418, valid_pr-0.7890
2023-10-10 13:00:07 - INFO - epoch-539, train_loss-0.0731, train_rmse-0.2703, valid_rmse-1.1586, valid_pr-0.7860
2023-10-10 13:02:05 - INFO - epoch-540, train_loss-0.0724, train_rmse-0.2691, valid_rmse-1.1575, valid_pr-0.7846
2023-10-10 13:04:04 - INFO - epoch-541, train_loss-0.0833, train_rmse-0.2887, valid_rmse-1.1625, valid_pr-0.7838
2023-10-10 13:06:01 - INFO - epoch-542, train_loss-0.0864, train_rmse-0.2940, valid_rmse-1.1520, valid_pr-0.7849
2023-10-10 13:08:03 - INFO - epoch-543, train_loss-0.0928, train_rmse-0.3046, valid_rmse-1.1787, valid_pr-0.7837
2023-10-10 13:10:01 - INFO - epoch-544, train_loss-0.0779, train_rmse-0.2791, valid_rmse-1.1525, valid_pr-0.7862
2023-10-10 13:11:58 - INFO - epoch-545, train_loss-0.0856, train_rmse-0.2925, valid_rmse-1.1552, valid_pr-0.7890
2023-10-10 13:13:56 - INFO - epoch-546, train_loss-0.0805, train_rmse-0.2837, valid_rmse-1.1518, valid_pr-0.7846
2023-10-10 13:15:53 - INFO - epoch-547, train_loss-0.0822, train_rmse-0.2868, valid_rmse-1.1579, valid_pr-0.7836
2023-10-10 13:18:02 - INFO - epoch-548, train_loss-0.0911, train_rmse-0.3018, valid_rmse-1.1435, valid_pr-0.7882
2023-10-10 13:20:02 - INFO - epoch-549, train_loss-0.0836, train_rmse-0.2891, valid_rmse-1.1494, valid_pr-0.7859
2023-10-10 13:21:59 - INFO - epoch-550, train_loss-0.0838, train_rmse-0.2895, valid_rmse-1.1511, valid_pr-0.7853
2023-10-10 13:23:57 - INFO - epoch-551, train_loss-0.0785, train_rmse-0.2803, valid_rmse-1.1585, valid_pr-0.7857
2023-10-10 13:25:54 - INFO - epoch-552, train_loss-0.0706, train_rmse-0.2658, valid_rmse-1.1515, valid_pr-0.7853
2023-10-10 13:27:52 - INFO - epoch-553, train_loss-0.0776, train_rmse-0.2786, valid_rmse-1.1555, valid_pr-0.7831
2023-10-10 13:29:51 - INFO - epoch-554, train_loss-0.0787, train_rmse-0.2805, valid_rmse-1.1526, valid_pr-0.7855
2023-10-10 13:32:04 - INFO - epoch-555, train_loss-0.0773, train_rmse-0.2781, valid_rmse-1.1671, valid_pr-0.7806
2023-10-10 13:34:03 - INFO - epoch-556, train_loss-0.0716, train_rmse-0.2675, valid_rmse-1.1704, valid_pr-0.7836
2023-10-10 13:36:01 - INFO - epoch-557, train_loss-0.0829, train_rmse-0.2879, valid_rmse-1.1591, valid_pr-0.7843
2023-10-10 13:37:58 - INFO - epoch-558, train_loss-0.0820, train_rmse-0.2863, valid_rmse-1.1528, valid_pr-0.7877
2023-10-10 13:39:56 - INFO - epoch-559, train_loss-0.0885, train_rmse-0.2974, valid_rmse-1.1530, valid_pr-0.7847
2023-10-10 13:41:53 - INFO - epoch-560, train_loss-0.0735, train_rmse-0.2711, valid_rmse-1.1507, valid_pr-0.7864
2023-10-10 13:43:51 - INFO - epoch-561, train_loss-0.0801, train_rmse-0.2830, valid_rmse-1.1686, valid_pr-0.7869
2023-10-10 13:45:49 - INFO - epoch-562, train_loss-0.0733, train_rmse-0.2707, valid_rmse-1.1645, valid_pr-0.7810
2023-10-10 13:47:45 - INFO - epoch-563, train_loss-0.0762, train_rmse-0.2761, valid_rmse-1.1752, valid_pr-0.7831
2023-10-10 13:49:43 - INFO - epoch-564, train_loss-0.0813, train_rmse-0.2851, valid_rmse-1.1529, valid_pr-0.7868
2023-10-10 13:51:41 - INFO - epoch-565, train_loss-0.0820, train_rmse-0.2864, valid_rmse-1.1509, valid_pr-0.7858
2023-10-10 13:53:39 - INFO - epoch-566, train_loss-0.0736, train_rmse-0.2713, valid_rmse-1.1551, valid_pr-0.7840
2023-10-10 13:55:36 - INFO - epoch-567, train_loss-0.0778, train_rmse-0.2789, valid_rmse-1.1505, valid_pr-0.7855
2023-10-10 13:57:33 - INFO - epoch-568, train_loss-0.0864, train_rmse-0.2939, valid_rmse-1.1586, valid_pr-0.7820
2023-10-10 13:59:31 - INFO - epoch-569, train_loss-0.0808, train_rmse-0.2842, valid_rmse-1.1633, valid_pr-0.7844
2023-10-10 14:01:29 - INFO - epoch-570, train_loss-0.0865, train_rmse-0.2941, valid_rmse-1.1638, valid_pr-0.7811
2023-10-10 14:03:26 - INFO - epoch-571, train_loss-0.0753, train_rmse-0.2744, valid_rmse-1.1561, valid_pr-0.7840
2023-10-10 14:05:23 - INFO - epoch-572, train_loss-0.0832, train_rmse-0.2885, valid_rmse-1.1428, valid_pr-0.7884
2023-10-10 14:07:21 - INFO - epoch-573, train_loss-0.0760, train_rmse-0.2757, valid_rmse-1.1668, valid_pr-0.7844
2023-10-10 14:09:19 - INFO - epoch-574, train_loss-0.0757, train_rmse-0.2751, valid_rmse-1.1718, valid_pr-0.7839
2023-10-10 14:11:16 - INFO - epoch-575, train_loss-0.0874, train_rmse-0.2957, valid_rmse-1.2000, valid_pr-0.7863
2023-10-10 14:13:14 - INFO - epoch-576, train_loss-0.0668, train_rmse-0.2584, valid_rmse-1.1549, valid_pr-0.7840
2023-10-10 14:15:12 - INFO - epoch-577, train_loss-0.0739, train_rmse-0.2719, valid_rmse-1.1473, valid_pr-0.7872
2023-10-10 14:17:10 - INFO - epoch-578, train_loss-0.0828, train_rmse-0.2877, valid_rmse-1.1662, valid_pr-0.7825
2023-10-10 14:19:07 - INFO - epoch-579, train_loss-0.0741, train_rmse-0.2723, valid_rmse-1.1571, valid_pr-0.7842
2023-10-10 14:21:05 - INFO - epoch-580, train_loss-0.0728, train_rmse-0.2699, valid_rmse-1.1542, valid_pr-0.7852
2023-10-10 14:23:03 - INFO - epoch-581, train_loss-0.0808, train_rmse-0.2843, valid_rmse-1.1566, valid_pr-0.7846
2023-10-10 14:25:00 - INFO - epoch-582, train_loss-0.0872, train_rmse-0.2953, valid_rmse-1.1599, valid_pr-0.7813
2023-10-10 14:26:58 - INFO - epoch-583, train_loss-0.0751, train_rmse-0.2740, valid_rmse-1.1614, valid_pr-0.7822
2023-10-10 14:28:57 - INFO - epoch-584, train_loss-0.0727, train_rmse-0.2696, valid_rmse-1.1502, valid_pr-0.7870
2023-10-10 14:30:55 - INFO - epoch-585, train_loss-0.0748, train_rmse-0.2736, valid_rmse-1.1590, valid_pr-0.7852
2023-10-10 14:32:53 - INFO - epoch-586, train_loss-0.0817, train_rmse-0.2858, valid_rmse-1.1561, valid_pr-0.7866
2023-10-10 14:34:50 - INFO - epoch-587, train_loss-0.0776, train_rmse-0.2786, valid_rmse-1.1506, valid_pr-0.7855
2023-10-10 14:36:48 - INFO - epoch-588, train_loss-0.0925, train_rmse-0.3041, valid_rmse-1.1500, valid_pr-0.7859
2023-10-10 14:38:46 - INFO - epoch-589, train_loss-0.0708, train_rmse-0.2662, valid_rmse-1.1578, valid_pr-0.7848
2023-10-10 14:40:44 - INFO - epoch-590, train_loss-0.0818, train_rmse-0.2860, valid_rmse-1.1506, valid_pr-0.7855
2023-10-10 14:42:41 - INFO - epoch-591, train_loss-0.0800, train_rmse-0.2829, valid_rmse-1.1613, valid_pr-0.7850
2023-10-10 14:44:39 - INFO - epoch-592, train_loss-0.0707, train_rmse-0.2658, valid_rmse-1.1657, valid_pr-0.7824
2023-10-10 14:46:36 - INFO - epoch-593, train_loss-0.0743, train_rmse-0.2726, valid_rmse-1.1557, valid_pr-0.7837
2023-10-10 14:48:34 - INFO - epoch-594, train_loss-0.0746, train_rmse-0.2731, valid_rmse-1.1572, valid_pr-0.7855
2023-10-10 14:50:32 - INFO - epoch-595, train_loss-0.0809, train_rmse-0.2845, valid_rmse-1.1510, valid_pr-0.7849
2023-10-10 14:52:29 - INFO - epoch-596, train_loss-0.0838, train_rmse-0.2895, valid_rmse-1.1518, valid_pr-0.7852
2023-10-10 14:54:27 - INFO - epoch-597, train_loss-0.0752, train_rmse-0.2742, valid_rmse-1.1535, valid_pr-0.7840
2023-10-10 14:56:24 - INFO - epoch-598, train_loss-0.0741, train_rmse-0.2723, valid_rmse-1.1561, valid_pr-0.7835
2023-10-10 14:58:37 - INFO - epoch-599, train_loss-0.0720, train_rmse-0.2683, valid_rmse-1.1559, valid_pr-0.7834
2023-10-10 15:00:34 - INFO - epoch-600, train_loss-0.0622, train_rmse-0.2494, valid_rmse-1.1629, valid_pr-0.7816
2023-10-10 15:02:32 - INFO - epoch-601, train_loss-0.0781, train_rmse-0.2794, valid_rmse-1.1709, valid_pr-0.7790
2023-10-10 15:04:30 - INFO - epoch-602, train_loss-0.0647, train_rmse-0.2544, valid_rmse-1.1537, valid_pr-0.7843
2023-10-10 15:06:27 - INFO - epoch-603, train_loss-0.0706, train_rmse-0.2658, valid_rmse-1.1498, valid_pr-0.7870
2023-10-10 15:08:24 - INFO - epoch-604, train_loss-0.0730, train_rmse-0.2703, valid_rmse-1.1824, valid_pr-0.7855
2023-10-10 15:10:22 - INFO - epoch-605, train_loss-0.0885, train_rmse-0.2975, valid_rmse-1.1734, valid_pr-0.7848
2023-10-10 15:12:21 - INFO - epoch-606, train_loss-0.0764, train_rmse-0.2764, valid_rmse-1.1583, valid_pr-0.7843
2023-10-10 15:14:19 - INFO - epoch-607, train_loss-0.0798, train_rmse-0.2825, valid_rmse-1.1585, valid_pr-0.7817
2023-10-10 15:16:17 - INFO - epoch-608, train_loss-0.0734, train_rmse-0.2709, valid_rmse-1.1628, valid_pr-0.7799
2023-10-10 15:18:35 - INFO - epoch-609, train_loss-0.0992, train_rmse-0.3149, valid_rmse-1.1545, valid_pr-0.7835
2023-10-10 15:20:59 - INFO - epoch-610, train_loss-0.0826, train_rmse-0.2874, valid_rmse-1.1509, valid_pr-0.7853
2023-10-10 15:22:57 - INFO - epoch-611, train_loss-0.0718, train_rmse-0.2679, valid_rmse-1.1616, valid_pr-0.7821
2023-10-10 15:24:54 - INFO - epoch-612, train_loss-0.0827, train_rmse-0.2877, valid_rmse-1.1552, valid_pr-0.7838
2023-10-10 15:26:53 - INFO - epoch-613, train_loss-0.0751, train_rmse-0.2740, valid_rmse-1.1702, valid_pr-0.7813
2023-10-10 15:28:51 - INFO - epoch-614, train_loss-0.0784, train_rmse-0.2799, valid_rmse-1.1505, valid_pr-0.7864
2023-10-10 15:30:48 - INFO - epoch-615, train_loss-0.0733, train_rmse-0.2708, valid_rmse-1.1493, valid_pr-0.7883
2023-10-10 15:32:46 - INFO - epoch-616, train_loss-0.0887, train_rmse-0.2979, valid_rmse-1.1535, valid_pr-0.7839
2023-10-10 15:35:23 - INFO - epoch-617, train_loss-0.0850, train_rmse-0.2916, valid_rmse-1.1701, valid_pr-0.7842
2023-10-10 15:40:21 - INFO - epoch-618, train_loss-0.0758, train_rmse-0.2753, valid_rmse-1.1495, valid_pr-0.7870
2023-10-10 15:43:08 - INFO - epoch-619, train_loss-0.0769, train_rmse-0.2774, valid_rmse-1.1523, valid_pr-0.7848
2023-10-10 15:43:08 - INFO - early stop in epoch 619
2023-10-10 15:43:08 - INFO - best_rmse: 1.1418
2023-10-10 15:43:37 - INFO - valid_rmse-1.1418, valid_pr-0.7890, test2016_rmse-1.1055, test2016_pr-0.8690,
